{"C:\\Users\\hieu\\Desktop\\projectdemo\\BE\\app.js": {"path":"C:\\Users\\hieu\\Desktop\\projectdemo\\BE\\app.js","statementMap":{"0":{"start":{"line":1,"column":0},"end":{"line":1,"column":27}},"1":{"start":{"line":2,"column":16},"end":{"line":2,"column":34}},"2":{"start":{"line":3,"column":13},"end":{"line":3,"column":28}},"3":{"start":{"line":4,"column":13},"end":{"line":4,"column":33}},"4":{"start":{"line":5,"column":19},"end":{"line":5,"column":52}},"5":{"start":{"line":6,"column":20},"end":{"line":6,"column":54}},"6":{"start":{"line":7,"column":17},"end":{"line":7,"column":48}},"7":{"start":{"line":8,"column":17},"end":{"line":8,"column":61}},"8":{"start":{"line":9,"column":25},"end":{"line":9,"column":77}},"9":{"start":{"line":11,"column":12},"end":{"line":11,"column":21}},"10":{"start":{"line":12,"column":0},"end":{"line":12,"column":16}},"11":{"start":{"line":15,"column":0},"end":{"line":15,"column":37}},"12":{"start":{"line":18,"column":0},"end":{"line":18,"column":41}},"13":{"start":{"line":19,"column":0},"end":{"line":19,"column":34}},"14":{"start":{"line":20,"column":0},"end":{"line":20,"column":48}},"15":{"start":{"line":23,"column":0},"end":{"line":23,"column":34}},"16":{"start":{"line":24,"column":0},"end":{"line":24,"column":37}},"17":{"start":{"line":27,"column":0},"end":{"line":29,"column":3}},"18":{"start":{"line":28,"column":2},"end":{"line":28,"column":67}},"19":{"start":{"line":31,"column":0},"end":{"line":31,"column":26}},"20":{"start":{"line":33,"column":0},"end":{"line":33,"column":21}}},"fnMap":{"0":{"name":"(anonymous_0)","decl":{"start":{"line":27,"column":13},"end":{"line":27,"column":14}},"loc":{"start":{"line":27,"column":33},"end":{"line":29,"column":1}},"line":27}},"branchMap":{},"s":{"0":17,"1":17,"2":17,"3":17,"4":17,"5":17,"6":17,"7":17,"8":17,"9":17,"10":17,"11":17,"12":17,"13":17,"14":17,"15":17,"16":17,"17":17,"18":0,"19":17,"20":17},"f":{"0":0},"b":{},"_coverageSchema":"1a1c01bbd47fc00a2c39e90264f33305004495a9","hash":"3be3e306a752f2ce8965c43f406624e35c6d90be"}
,"C:\\Users\\hieu\\Desktop\\projectdemo\\BE\\__test__\\helper\\helperTest.js": {"path":"C:\\Users\\hieu\\Desktop\\projectdemo\\BE\\__test__\\helper\\helperTest.js","statementMap":{"0":{"start":{"line":1,"column":16},"end":{"line":1,"column":36}},"1":{"start":{"line":2,"column":12},"end":{"line":2,"column":32}},"2":{"start":{"line":3,"column":17},"end":{"line":3,"column":44}},"3":{"start":{"line":4,"column":21},"end":{"line":4,"column":44}},"4":{"start":{"line":6,"column":0},"end":{"line":13,"column":2}},"5":{"start":{"line":7,"column":2},"end":{"line":7,"column":30}},"6":{"start":{"line":8,"column":14},"end":{"line":8,"column":72}},"7":{"start":{"line":9,"column":2},"end":{"line":12,"column":4}},"8":{"start":{"line":15,"column":0},"end":{"line":22,"column":2}},"9":{"start":{"line":16,"column":17},"end":{"line":16,"column":51}},"10":{"start":{"line":17,"column":17},"end":{"line":17,"column":51}},"11":{"start":{"line":18,"column":2},"end":{"line":21,"column":4}}},"fnMap":{"0":{"name":"(anonymous_0)","decl":{"start":{"line":6,"column":24},"end":{"line":6,"column":25}},"loc":{"start":{"line":6,"column":36},"end":{"line":13,"column":1}},"line":6},"1":{"name":"(anonymous_1)","decl":{"start":{"line":15,"column":26},"end":{"line":15,"column":27}},"loc":{"start":{"line":15,"column":75},"end":{"line":22,"column":1}},"line":15}},"branchMap":{},"s":{"0":11,"1":11,"2":11,"3":11,"4":11,"5":6,"6":6,"7":6,"8":11,"9":12,"10":12,"11":12},"f":{"0":6,"1":12},"b":{},"_coverageSchema":"1a1c01bbd47fc00a2c39e90264f33305004495a9","hash":"320b4628e43ae74e53f052387fc44e76b6e6b0d0"}
,"C:\\Users\\hieu\\Desktop\\projectdemo\\BE\\__test__\\helper\\mockObject.js": {"path":"C:\\Users\\hieu\\Desktop\\projectdemo\\BE\\__test__\\helper\\mockObject.js","statementMap":{"0":{"start":{"line":1,"column":17},"end":{"line":6,"column":1}},"1":{"start":{"line":8,"column":19},"end":{"line":14,"column":1}},"2":{"start":{"line":15,"column":19},"end":{"line":21,"column":1}},"3":{"start":{"line":22,"column":19},"end":{"line":28,"column":1}},"4":{"start":{"line":29,"column":19},"end":{"line":35,"column":1}},"5":{"start":{"line":36,"column":22},"end":{"line":40,"column":1}},"6":{"start":{"line":42,"column":22},"end":{"line":46,"column":1}},"7":{"start":{"line":48,"column":0},"end":{"line":56,"column":2}}},"fnMap":{},"branchMap":{},"s":{"0":15,"1":15,"2":15,"3":15,"4":15,"5":15,"6":15,"7":15},"f":{},"b":{},"_coverageSchema":"1a1c01bbd47fc00a2c39e90264f33305004495a9","hash":"5949076d4b06ae5f3b41af5cd413c973835fbd73"}
,"C:\\Users\\hieu\\Desktop\\projectdemo\\BE\\src\\config\\config.js": {"path":"C:\\Users\\hieu\\Desktop\\projectdemo\\BE\\src\\config\\config.js","statementMap":{"0":{"start":{"line":1,"column":0},"end":{"line":1,"column":27}},"1":{"start":{"line":3,"column":0},"end":{"line":27,"column":2}}},"fnMap":{},"branchMap":{},"s":{"0":17,"1":17},"f":{},"b":{},"_coverageSchema":"1a1c01bbd47fc00a2c39e90264f33305004495a9","hash":"79ea033f60823574d2ef7b55db538517b73416e7"}
,"C:\\Users\\hieu\\Desktop\\projectdemo\\BE\\src\\controller\\adminController.js": {"path":"C:\\Users\\hieu\\Desktop\\projectdemo\\BE\\src\\controller\\adminController.js","statementMap":{"0":{"start":{"line":1,"column":18},"end":{"line":1,"column":38}},"1":{"start":{"line":10,"column":4},"end":{"line":10,"column":24}},"2":{"start":{"line":11,"column":17},"end":{"line":11,"column":58}},"3":{"start":{"line":12,"column":17},"end":{"line":12,"column":45}},"4":{"start":{"line":13,"column":19},"end":{"line":13,"column":62}},"5":{"start":{"line":15,"column":11},"end":{"line":15,"column":23}},"6":{"start":{"line":17,"column":20},"end":{"line":30,"column":2}},"7":{"start":{"line":19,"column":54},"end":{"line":19,"column":62}},"8":{"start":{"line":20,"column":19},"end":{"line":25,"column":4}},"9":{"start":{"line":26,"column":2},"end":{"line":29,"column":5}},"10":{"start":{"line":32,"column":31},"end":{"line":55,"column":2}},"11":{"start":{"line":33,"column":34},"end":{"line":33,"column":42}},"12":{"start":{"line":34,"column":24},"end":{"line":36,"column":4}},"13":{"start":{"line":37,"column":2},"end":{"line":39,"column":3}},"14":{"start":{"line":38,"column":4},"end":{"line":38,"column":77}},"15":{"start":{"line":40,"column":23},"end":{"line":40,"column":70}},"16":{"start":{"line":41,"column":26},"end":{"line":43,"column":4}},"17":{"start":{"line":44,"column":2},"end":{"line":46,"column":3}},"18":{"start":{"line":45,"column":4},"end":{"line":45,"column":71}},"19":{"start":{"line":48,"column":2},"end":{"line":48,"column":48}},"20":{"start":{"line":50,"column":2},"end":{"line":50,"column":55}},"21":{"start":{"line":51,"column":2},"end":{"line":54,"column":5}},"22":{"start":{"line":57,"column":20},"end":{"line":69,"column":2}},"23":{"start":{"line":58,"column":18},"end":{"line":58,"column":31}},"24":{"start":{"line":59,"column":23},"end":{"line":59,"column":70}},"25":{"start":{"line":60,"column":2},"end":{"line":62,"column":3}},"26":{"start":{"line":61,"column":4},"end":{"line":61,"column":66}},"27":{"start":{"line":63,"column":2},"end":{"line":63,"column":40}},"28":{"start":{"line":64,"column":2},"end":{"line":64,"column":22}},"29":{"start":{"line":65,"column":2},"end":{"line":68,"column":5}},"30":{"start":{"line":71,"column":18},"end":{"line":81,"column":2}},"31":{"start":{"line":72,"column":13},"end":{"line":72,"column":26}},"32":{"start":{"line":73,"column":23},"end":{"line":73,"column":61}},"33":{"start":{"line":74,"column":2},"end":{"line":76,"column":3}},"34":{"start":{"line":75,"column":4},"end":{"line":75,"column":56}},"35":{"start":{"line":77,"column":2},"end":{"line":80,"column":5}},"36":{"start":{"line":83,"column":20},"end":{"line":96,"column":2}},"37":{"start":{"line":84,"column":18},"end":{"line":84,"column":31}},"38":{"start":{"line":85,"column":23},"end":{"line":85,"column":70}},"39":{"start":{"line":86,"column":2},"end":{"line":88,"column":3}},"40":{"start":{"line":87,"column":4},"end":{"line":87,"column":66}},"41":{"start":{"line":89,"column":2},"end":{"line":91,"column":3}},"42":{"start":{"line":90,"column":4},"end":{"line":90,"column":74}},"43":{"start":{"line":92,"column":2},"end":{"line":92,"column":31}},"44":{"start":{"line":93,"column":2},"end":{"line":95,"column":5}},"45":{"start":{"line":98,"column":23},"end":{"line":109,"column":2}},"46":{"start":{"line":99,"column":45},"end":{"line":99,"column":53}},"47":{"start":{"line":100,"column":19},"end":{"line":104,"column":4}},"48":{"start":{"line":105,"column":2},"end":{"line":108,"column":5}},"49":{"start":{"line":111,"column":23},"end":{"line":132,"column":2}},"50":{"start":{"line":112,"column":21},"end":{"line":112,"column":34}},"51":{"start":{"line":113,"column":26},"end":{"line":115,"column":4}},"52":{"start":{"line":116,"column":2},"end":{"line":118,"column":3}},"53":{"start":{"line":117,"column":4},"end":{"line":117,"column":69}},"54":{"start":{"line":120,"column":2},"end":{"line":125,"column":3}},"55":{"start":{"line":124,"column":4},"end":{"line":124,"column":70}},"56":{"start":{"line":126,"column":2},"end":{"line":126,"column":43}},"57":{"start":{"line":127,"column":2},"end":{"line":127,"column":25}},"58":{"start":{"line":128,"column":2},"end":{"line":131,"column":5}},"59":{"start":{"line":134,"column":29},"end":{"line":158,"column":2}},"60":{"start":{"line":137,"column":2},"end":{"line":153,"column":3}},"61":{"start":{"line":138,"column":26},"end":{"line":138,"column":46}},"62":{"start":{"line":139,"column":21},"end":{"line":139,"column":49}},"63":{"start":{"line":140,"column":4},"end":{"line":142,"column":5}},"64":{"start":{"line":141,"column":6},"end":{"line":141,"column":33}},"65":{"start":{"line":144,"column":4},"end":{"line":150,"column":7}},"66":{"start":{"line":152,"column":4},"end":{"line":152,"column":38}},"67":{"start":{"line":154,"column":2},"end":{"line":157,"column":5}},"68":{"start":{"line":160,"column":24},"end":{"line":182,"column":2}},"69":{"start":{"line":161,"column":18},"end":{"line":161,"column":31}},"70":{"start":{"line":162,"column":15},"end":{"line":174,"column":4}},"71":{"start":{"line":175,"column":2},"end":{"line":177,"column":3}},"72":{"start":{"line":176,"column":4},"end":{"line":176,"column":58}},"73":{"start":{"line":178,"column":2},"end":{"line":181,"column":5}},"74":{"start":{"line":184,"column":32},"end":{"line":253,"column":1}},"75":{"start":{"line":185,"column":17},"end":{"line":185,"column":25}},"76":{"start":{"line":186,"column":17},"end":{"line":186,"column":25}},"77":{"start":{"line":187,"column":38},"end":{"line":187,"column":46}},"78":{"start":{"line":188,"column":2},"end":{"line":252,"column":5}},"79":{"start":{"line":189,"column":25},"end":{"line":195,"column":6}},"80":{"start":{"line":196,"column":4},"end":{"line":198,"column":5}},"81":{"start":{"line":197,"column":6},"end":{"line":197,"column":66}},"82":{"start":{"line":199,"column":25},"end":{"line":201,"column":6}},"83":{"start":{"line":202,"column":22},"end":{"line":202,"column":45}},"84":{"start":{"line":203,"column":23},"end":{"line":203,"column":46}},"85":{"start":{"line":204,"column":27},"end":{"line":204,"column":54}},"86":{"start":{"line":205,"column":4},"end":{"line":234,"column":5}},"87":{"start":{"line":206,"column":6},"end":{"line":211,"column":7}},"88":{"start":{"line":208,"column":8},"end":{"line":210,"column":10}},"89":{"start":{"line":212,"column":6},"end":{"line":218,"column":8}},"90":{"start":{"line":219,"column":6},"end":{"line":219,"column":73}},"91":{"start":{"line":220,"column":6},"end":{"line":227,"column":7}},"92":{"start":{"line":221,"column":8},"end":{"line":226,"column":10}},"93":{"start":{"line":228,"column":6},"end":{"line":228,"column":72}},"94":{"start":{"line":229,"column":6},"end":{"line":233,"column":8}},"95":{"start":{"line":235,"column":4},"end":{"line":248,"column":5}},"96":{"start":{"line":236,"column":6},"end":{"line":242,"column":8}},"97":{"start":{"line":243,"column":6},"end":{"line":247,"column":8}},"98":{"start":{"line":249,"column":4},"end":{"line":251,"column":7}},"99":{"start":{"line":255,"column":0},"end":{"line":266,"column":2}}},"fnMap":{"0":{"name":"(anonymous_0)","decl":{"start":{"line":17,"column":31},"end":{"line":17,"column":32}},"loc":{"start":{"line":17,"column":57},"end":{"line":30,"column":1}},"line":17},"1":{"name":"(anonymous_1)","decl":{"start":{"line":32,"column":42},"end":{"line":32,"column":43}},"loc":{"start":{"line":32,"column":68},"end":{"line":55,"column":1}},"line":32},"2":{"name":"(anonymous_2)","decl":{"start":{"line":57,"column":31},"end":{"line":57,"column":32}},"loc":{"start":{"line":57,"column":57},"end":{"line":69,"column":1}},"line":57},"3":{"name":"(anonymous_3)","decl":{"start":{"line":71,"column":29},"end":{"line":71,"column":30}},"loc":{"start":{"line":71,"column":55},"end":{"line":81,"column":1}},"line":71},"4":{"name":"(anonymous_4)","decl":{"start":{"line":83,"column":31},"end":{"line":83,"column":32}},"loc":{"start":{"line":83,"column":57},"end":{"line":96,"column":1}},"line":83},"5":{"name":"(anonymous_5)","decl":{"start":{"line":98,"column":34},"end":{"line":98,"column":35}},"loc":{"start":{"line":98,"column":60},"end":{"line":109,"column":1}},"line":98},"6":{"name":"(anonymous_6)","decl":{"start":{"line":111,"column":34},"end":{"line":111,"column":35}},"loc":{"start":{"line":111,"column":60},"end":{"line":132,"column":1}},"line":111},"7":{"name":"(anonymous_7)","decl":{"start":{"line":134,"column":40},"end":{"line":134,"column":41}},"loc":{"start":{"line":134,"column":66},"end":{"line":158,"column":1}},"line":134},"8":{"name":"(anonymous_8)","decl":{"start":{"line":160,"column":35},"end":{"line":160,"column":36}},"loc":{"start":{"line":160,"column":61},"end":{"line":182,"column":1}},"line":160},"9":{"name":"(anonymous_9)","decl":{"start":{"line":184,"column":32},"end":{"line":184,"column":33}},"loc":{"start":{"line":184,"column":58},"end":{"line":253,"column":1}},"line":184},"10":{"name":"(anonymous_10)","decl":{"start":{"line":188,"column":30},"end":{"line":188,"column":31}},"loc":{"start":{"line":188,"column":43},"end":{"line":252,"column":3}},"line":188}},"branchMap":{"0":{"loc":{"start":{"line":37,"column":2},"end":{"line":39,"column":3}},"type":"if","locations":[{"start":{"line":37,"column":2},"end":{"line":39,"column":3}},{"start":{},"end":{}}],"line":37},"1":{"loc":{"start":{"line":44,"column":2},"end":{"line":46,"column":3}},"type":"if","locations":[{"start":{"line":44,"column":2},"end":{"line":46,"column":3}},{"start":{},"end":{}}],"line":44},"2":{"loc":{"start":{"line":44,"column":6},"end":{"line":44,"column":39}},"type":"binary-expr","locations":[{"start":{"line":44,"column":6},"end":{"line":44,"column":19}},{"start":{"line":44,"column":23},"end":{"line":44,"column":39}}],"line":44},"3":{"loc":{"start":{"line":60,"column":2},"end":{"line":62,"column":3}},"type":"if","locations":[{"start":{"line":60,"column":2},"end":{"line":62,"column":3}},{"start":{},"end":{}}],"line":60},"4":{"loc":{"start":{"line":74,"column":2},"end":{"line":76,"column":3}},"type":"if","locations":[{"start":{"line":74,"column":2},"end":{"line":76,"column":3}},{"start":{},"end":{}}],"line":74},"5":{"loc":{"start":{"line":86,"column":2},"end":{"line":88,"column":3}},"type":"if","locations":[{"start":{"line":86,"column":2},"end":{"line":88,"column":3}},{"start":{},"end":{}}],"line":86},"6":{"loc":{"start":{"line":89,"column":2},"end":{"line":91,"column":3}},"type":"if","locations":[{"start":{"line":89,"column":2},"end":{"line":91,"column":3}},{"start":{},"end":{}}],"line":89},"7":{"loc":{"start":{"line":116,"column":2},"end":{"line":118,"column":3}},"type":"if","locations":[{"start":{"line":116,"column":2},"end":{"line":118,"column":3}},{"start":{},"end":{}}],"line":116},"8":{"loc":{"start":{"line":120,"column":2},"end":{"line":125,"column":3}},"type":"if","locations":[{"start":{"line":120,"column":2},"end":{"line":125,"column":3}},{"start":{},"end":{}}],"line":120},"9":{"loc":{"start":{"line":121,"column":4},"end":{"line":122,"column":49}},"type":"binary-expr","locations":[{"start":{"line":121,"column":4},"end":{"line":121,"column":49}},{"start":{"line":122,"column":4},"end":{"line":122,"column":49}}],"line":121},"10":{"loc":{"start":{"line":137,"column":2},"end":{"line":153,"column":3}},"type":"if","locations":[{"start":{"line":137,"column":2},"end":{"line":153,"column":3}},{"start":{"line":151,"column":9},"end":{"line":153,"column":3}}],"line":137},"11":{"loc":{"start":{"line":140,"column":4},"end":{"line":142,"column":5}},"type":"if","locations":[{"start":{"line":140,"column":4},"end":{"line":142,"column":5}},{"start":{},"end":{}}],"line":140},"12":{"loc":{"start":{"line":175,"column":2},"end":{"line":177,"column":3}},"type":"if","locations":[{"start":{"line":175,"column":2},"end":{"line":177,"column":3}},{"start":{},"end":{}}],"line":175},"13":{"loc":{"start":{"line":196,"column":4},"end":{"line":198,"column":5}},"type":"if","locations":[{"start":{"line":196,"column":4},"end":{"line":198,"column":5}},{"start":{},"end":{}}],"line":196},"14":{"loc":{"start":{"line":205,"column":4},"end":{"line":234,"column":5}},"type":"if","locations":[{"start":{"line":205,"column":4},"end":{"line":234,"column":5}},{"start":{},"end":{}}],"line":205},"15":{"loc":{"start":{"line":206,"column":6},"end":{"line":211,"column":7}},"type":"if","locations":[{"start":{"line":206,"column":6},"end":{"line":211,"column":7}},{"start":{},"end":{}}],"line":206},"16":{"loc":{"start":{"line":220,"column":6},"end":{"line":227,"column":7}},"type":"if","locations":[{"start":{"line":220,"column":6},"end":{"line":227,"column":7}},{"start":{},"end":{}}],"line":220},"17":{"loc":{"start":{"line":235,"column":4},"end":{"line":248,"column":5}},"type":"if","locations":[{"start":{"line":235,"column":4},"end":{"line":248,"column":5}},{"start":{},"end":{}}],"line":235}},"s":{"0":17,"1":17,"2":17,"3":17,"4":17,"5":17,"6":17,"7":1,"8":1,"9":1,"10":17,"11":4,"12":4,"13":4,"14":1,"15":3,"16":3,"17":3,"18":2,"19":1,"20":1,"21":1,"22":17,"23":2,"24":2,"25":2,"26":1,"27":1,"28":1,"29":1,"30":17,"31":0,"32":0,"33":0,"34":0,"35":0,"36":17,"37":2,"38":2,"39":2,"40":1,"41":1,"42":0,"43":1,"44":1,"45":17,"46":1,"47":1,"48":1,"49":17,"50":2,"51":2,"52":2,"53":1,"54":1,"55":0,"56":1,"57":1,"58":1,"59":17,"60":4,"61":3,"62":3,"63":3,"64":0,"65":3,"66":1,"67":4,"68":17,"69":3,"70":3,"71":3,"72":1,"73":2,"74":17,"75":4,"76":4,"77":4,"78":4,"79":4,"80":4,"81":2,"82":2,"83":2,"84":2,"85":2,"86":2,"87":1,"88":0,"89":1,"90":1,"91":1,"92":0,"93":1,"94":1,"95":2,"96":1,"97":1,"98":2,"99":17},"f":{"0":1,"1":4,"2":2,"3":0,"4":2,"5":1,"6":2,"7":4,"8":3,"9":4,"10":4},"b":{"0":[1,3],"1":[2,1],"2":[3,2],"3":[1,1],"4":[0,0],"5":[1,1],"6":[0,1],"7":[1,1],"8":[0,1],"9":[1,1],"10":[3,1],"11":[0,3],"12":[1,2],"13":[2,2],"14":[1,1],"15":[0,1],"16":[0,1],"17":[1,1]},"_coverageSchema":"1a1c01bbd47fc00a2c39e90264f33305004495a9","hash":"7df05f85eb50a0a614c7b60c226059db7b0736a9"}
,"C:\\Users\\hieu\\Desktop\\projectdemo\\BE\\src\\controller\\classController.js": {"path":"C:\\Users\\hieu\\Desktop\\projectdemo\\BE\\src\\controller\\classController.js","statementMap":{"0":{"start":{"line":1,"column":18},"end":{"line":1,"column":38}},"1":{"start":{"line":2,"column":35},"end":{"line":2,"column":55}},"2":{"start":{"line":3,"column":17},"end":{"line":3,"column":58}},"3":{"start":{"line":4,"column":17},"end":{"line":4,"column":45}},"4":{"start":{"line":5,"column":19},"end":{"line":5,"column":62}},"5":{"start":{"line":7,"column":11},"end":{"line":7,"column":23}},"6":{"start":{"line":10,"column":22},"end":{"line":36,"column":2}},"7":{"start":{"line":11,"column":22},"end":{"line":11,"column":30}},"8":{"start":{"line":12,"column":17},"end":{"line":12,"column":28}},"9":{"start":{"line":13,"column":23},"end":{"line":13,"column":70}},"10":{"start":{"line":14,"column":2},"end":{"line":21,"column":3}},"11":{"start":{"line":15,"column":4},"end":{"line":20,"column":6}},"12":{"start":{"line":22,"column":23},"end":{"line":22,"column":74}},"13":{"start":{"line":23,"column":2},"end":{"line":25,"column":3}},"14":{"start":{"line":24,"column":4},"end":{"line":24,"column":71}},"15":{"start":{"line":26,"column":2},"end":{"line":26,"column":42}},"16":{"start":{"line":27,"column":2},"end":{"line":31,"column":4}},"17":{"start":{"line":32,"column":2},"end":{"line":35,"column":5}},"18":{"start":{"line":38,"column":25},"end":{"line":54,"column":2}},"19":{"start":{"line":39,"column":18},"end":{"line":39,"column":31}},"20":{"start":{"line":40,"column":17},"end":{"line":40,"column":28}},"21":{"start":{"line":41,"column":22},"end":{"line":43,"column":4}},"22":{"start":{"line":44,"column":2},"end":{"line":46,"column":3}},"23":{"start":{"line":45,"column":4},"end":{"line":45,"column":67}},"24":{"start":{"line":47,"column":2},"end":{"line":47,"column":32}},"25":{"start":{"line":48,"column":2},"end":{"line":48,"column":21}},"26":{"start":{"line":49,"column":2},"end":{"line":53,"column":5}},"27":{"start":{"line":56,"column":20},"end":{"line":81,"column":2}},"28":{"start":{"line":58,"column":21},"end":{"line":58,"column":29}},"29":{"start":{"line":59,"column":2},"end":{"line":61,"column":3}},"30":{"start":{"line":60,"column":4},"end":{"line":60,"column":47}},"31":{"start":{"line":62,"column":20},"end":{"line":66,"column":3}},"32":{"start":{"line":67,"column":19},"end":{"line":75,"column":4}},"33":{"start":{"line":77,"column":2},"end":{"line":80,"column":5}},"34":{"start":{"line":83,"column":24},"end":{"line":107,"column":2}},"35":{"start":{"line":85,"column":24},"end":{"line":85,"column":55}},"36":{"start":{"line":86,"column":19},"end":{"line":86,"column":47}},"37":{"start":{"line":87,"column":2},"end":{"line":89,"column":3}},"38":{"start":{"line":88,"column":4},"end":{"line":88,"column":31}},"39":{"start":{"line":90,"column":17},"end":{"line":90,"column":28}},"40":{"start":{"line":91,"column":18},"end":{"line":101,"column":4}},"41":{"start":{"line":103,"column":2},"end":{"line":106,"column":5}},"42":{"start":{"line":109,"column":25},"end":{"line":132,"column":2}},"43":{"start":{"line":110,"column":18},"end":{"line":110,"column":33}},"44":{"start":{"line":111,"column":2},"end":{"line":113,"column":3}},"45":{"start":{"line":112,"column":4},"end":{"line":112,"column":62}},"46":{"start":{"line":114,"column":23},"end":{"line":124,"column":4}},"47":{"start":{"line":125,"column":2},"end":{"line":127,"column":3}},"48":{"start":{"line":126,"column":4},"end":{"line":126,"column":64}},"49":{"start":{"line":128,"column":2},"end":{"line":131,"column":5}},"50":{"start":{"line":134,"column":0},"end":{"line":140,"column":2}}},"fnMap":{"0":{"name":"(anonymous_0)","decl":{"start":{"line":10,"column":33},"end":{"line":10,"column":34}},"loc":{"start":{"line":10,"column":59},"end":{"line":36,"column":1}},"line":10},"1":{"name":"(anonymous_1)","decl":{"start":{"line":38,"column":36},"end":{"line":38,"column":37}},"loc":{"start":{"line":38,"column":62},"end":{"line":54,"column":1}},"line":38},"2":{"name":"(anonymous_2)","decl":{"start":{"line":56,"column":31},"end":{"line":56,"column":32}},"loc":{"start":{"line":56,"column":57},"end":{"line":81,"column":1}},"line":56},"3":{"name":"(anonymous_3)","decl":{"start":{"line":83,"column":35},"end":{"line":83,"column":36}},"loc":{"start":{"line":83,"column":61},"end":{"line":107,"column":1}},"line":83},"4":{"name":"(anonymous_4)","decl":{"start":{"line":109,"column":36},"end":{"line":109,"column":37}},"loc":{"start":{"line":109,"column":62},"end":{"line":132,"column":1}},"line":109}},"branchMap":{"0":{"loc":{"start":{"line":14,"column":2},"end":{"line":21,"column":3}},"type":"if","locations":[{"start":{"line":14,"column":2},"end":{"line":21,"column":3}},{"start":{},"end":{}}],"line":14},"1":{"loc":{"start":{"line":14,"column":6},"end":{"line":14,"column":53}},"type":"binary-expr","locations":[{"start":{"line":14,"column":6},"end":{"line":14,"column":19}},{"start":{"line":14,"column":23},"end":{"line":14,"column":53}}],"line":14},"2":{"loc":{"start":{"line":23,"column":2},"end":{"line":25,"column":3}},"type":"if","locations":[{"start":{"line":23,"column":2},"end":{"line":25,"column":3}},{"start":{},"end":{}}],"line":23},"3":{"loc":{"start":{"line":23,"column":6},"end":{"line":23,"column":66}},"type":"binary-expr","locations":[{"start":{"line":23,"column":6},"end":{"line":23,"column":18}},{"start":{"line":23,"column":22},"end":{"line":23,"column":66}}],"line":23},"4":{"loc":{"start":{"line":44,"column":2},"end":{"line":46,"column":3}},"type":"if","locations":[{"start":{"line":44,"column":2},"end":{"line":46,"column":3}},{"start":{},"end":{}}],"line":44},"5":{"loc":{"start":{"line":59,"column":2},"end":{"line":61,"column":3}},"type":"if","locations":[{"start":{"line":59,"column":2},"end":{"line":61,"column":3}},{"start":{},"end":{}}],"line":59},"6":{"loc":{"start":{"line":87,"column":2},"end":{"line":89,"column":3}},"type":"if","locations":[{"start":{"line":87,"column":2},"end":{"line":89,"column":3}},{"start":{},"end":{}}],"line":87},"7":{"loc":{"start":{"line":111,"column":2},"end":{"line":113,"column":3}},"type":"if","locations":[{"start":{"line":111,"column":2},"end":{"line":113,"column":3}},{"start":{},"end":{}}],"line":111},"8":{"loc":{"start":{"line":125,"column":2},"end":{"line":127,"column":3}},"type":"if","locations":[{"start":{"line":125,"column":2},"end":{"line":127,"column":3}},{"start":{},"end":{}}],"line":125}},"s":{"0":17,"1":17,"2":17,"3":17,"4":17,"5":17,"6":17,"7":8,"8":8,"9":8,"10":8,"11":1,"12":7,"13":7,"14":2,"15":5,"16":5,"17":5,"18":17,"19":2,"20":2,"21":2,"22":2,"23":1,"24":1,"25":1,"26":1,"27":17,"28":3,"29":3,"30":1,"31":3,"32":3,"33":3,"34":17,"35":1,"36":1,"37":1,"38":1,"39":1,"40":1,"41":1,"42":17,"43":3,"44":3,"45":1,"46":2,"47":2,"48":1,"49":1,"50":17},"f":{"0":8,"1":2,"2":3,"3":1,"4":3},"b":{"0":[1,7],"1":[8,8],"2":[2,5],"3":[7,2],"4":[1,1],"5":[1,2],"6":[1,0],"7":[1,2],"8":[1,1]},"_coverageSchema":"1a1c01bbd47fc00a2c39e90264f33305004495a9","hash":"d876bced4846949b3306259e1bddb949fb8c117c"}
,"C:\\Users\\hieu\\Desktop\\projectdemo\\BE\\src\\controller\\userController.js": {"path":"C:\\Users\\hieu\\Desktop\\projectdemo\\BE\\src\\controller\\userController.js","statementMap":{"0":{"start":{"line":1,"column":0},"end":{"line":1,"column":27}},"1":{"start":{"line":2,"column":15},"end":{"line":2,"column":34}},"2":{"start":{"line":3,"column":12},"end":{"line":3,"column":35}},"3":{"start":{"line":4,"column":17},"end":{"line":4,"column":37}},"4":{"start":{"line":5,"column":17},"end":{"line":5,"column":58}},"5":{"start":{"line":6,"column":17},"end":{"line":6,"column":45}},"6":{"start":{"line":7,"column":19},"end":{"line":7,"column":50}},"7":{"start":{"line":8,"column":19},"end":{"line":8,"column":62}},"8":{"start":{"line":10,"column":21},"end":{"line":10,"column":53}},"9":{"start":{"line":11,"column":15},"end":{"line":11,"column":46}},"10":{"start":{"line":15,"column":17},"end":{"line":35,"column":2}},"11":{"start":{"line":16,"column":15},"end":{"line":19,"column":4}},"12":{"start":{"line":20,"column":25},"end":{"line":20,"column":33}},"13":{"start":{"line":21,"column":2},"end":{"line":27,"column":3}},"14":{"start":{"line":22,"column":16},"end":{"line":25,"column":6}},"15":{"start":{"line":26,"column":4},"end":{"line":26,"column":36}},"16":{"start":{"line":28,"column":2},"end":{"line":28,"column":32}},"17":{"start":{"line":28,"column":13},"end":{"line":28,"column":32}},"18":{"start":{"line":29,"column":2},"end":{"line":29,"column":26}},"19":{"start":{"line":29,"column":11},"end":{"line":29,"column":26}},"20":{"start":{"line":30,"column":2},"end":{"line":33,"column":5}},"21":{"start":{"line":34,"column":2},"end":{"line":34,"column":14}},"22":{"start":{"line":37,"column":14},"end":{"line":47,"column":2}},"23":{"start":{"line":38,"column":13},"end":{"line":38,"column":24}},"24":{"start":{"line":39,"column":15},"end":{"line":42,"column":4}},"25":{"start":{"line":43,"column":2},"end":{"line":46,"column":5}},"26":{"start":{"line":49,"column":23},"end":{"line":64,"column":2}},"27":{"start":{"line":50,"column":29},"end":{"line":50,"column":37}},"28":{"start":{"line":51,"column":15},"end":{"line":53,"column":4}},"29":{"start":{"line":54,"column":19},"end":{"line":54,"column":72}},"30":{"start":{"line":55,"column":2},"end":{"line":57,"column":3}},"31":{"start":{"line":56,"column":4},"end":{"line":56,"column":73}},"32":{"start":{"line":58,"column":18},"end":{"line":58,"column":46}},"33":{"start":{"line":59,"column":2},"end":{"line":59,"column":26}},"34":{"start":{"line":60,"column":2},"end":{"line":60,"column":14}},"35":{"start":{"line":61,"column":2},"end":{"line":63,"column":5}},"36":{"start":{"line":66,"column":15},"end":{"line":86,"column":2}},"37":{"start":{"line":67,"column":40},"end":{"line":67,"column":48}},"38":{"start":{"line":68,"column":2},"end":{"line":72,"column":5}},"39":{"start":{"line":74,"column":16},"end":{"line":74,"column":53}},"40":{"start":{"line":75,"column":2},"end":{"line":81,"column":4}},"41":{"start":{"line":82,"column":2},"end":{"line":85,"column":5}},"42":{"start":{"line":88,"column":14},"end":{"line":139,"column":2}},"43":{"start":{"line":89,"column":57},"end":{"line":89,"column":65}},"44":{"start":{"line":90,"column":2},"end":{"line":92,"column":3}},"45":{"start":{"line":91,"column":4},"end":{"line":91,"column":73}},"46":{"start":{"line":94,"column":15},"end":{"line":94,"column":67}},"47":{"start":{"line":95,"column":2},"end":{"line":97,"column":3}},"48":{"start":{"line":96,"column":4},"end":{"line":96,"column":61}},"49":{"start":{"line":107,"column":6},"end":{"line":107,"column":10}},"50":{"start":{"line":108,"column":2},"end":{"line":115,"column":3}},"51":{"start":{"line":109,"column":4},"end":{"line":114,"column":6}},"52":{"start":{"line":116,"column":20},"end":{"line":116,"column":75}},"53":{"start":{"line":117,"column":2},"end":{"line":121,"column":3}},"54":{"start":{"line":118,"column":4},"end":{"line":118,"column":39}},"55":{"start":{"line":119,"column":4},"end":{"line":119,"column":16}},"56":{"start":{"line":120,"column":4},"end":{"line":120,"column":64}},"57":{"start":{"line":123,"column":16},"end":{"line":123,"column":76}},"58":{"start":{"line":124,"column":2},"end":{"line":124,"column":22}},"59":{"start":{"line":125,"column":2},"end":{"line":125,"column":14}},"60":{"start":{"line":126,"column":2},"end":{"line":138,"column":5}},"61":{"start":{"line":141,"column":24},"end":{"line":158,"column":2}},"62":{"start":{"line":142,"column":16},"end":{"line":142,"column":32}},"63":{"start":{"line":143,"column":18},"end":{"line":143,"column":65}},"64":{"start":{"line":144,"column":15},"end":{"line":149,"column":4}},"65":{"start":{"line":150,"column":2},"end":{"line":152,"column":3}},"66":{"start":{"line":151,"column":4},"end":{"line":151,"column":63}},"67":{"start":{"line":153,"column":2},"end":{"line":153,"column":23}},"68":{"start":{"line":154,"column":2},"end":{"line":154,"column":14}},"69":{"start":{"line":155,"column":2},"end":{"line":157,"column":5}},"70":{"start":{"line":160,"column":0},"end":{"line":168,"column":2}}},"fnMap":{"0":{"name":"(anonymous_0)","decl":{"start":{"line":15,"column":28},"end":{"line":15,"column":29}},"loc":{"start":{"line":15,"column":54},"end":{"line":35,"column":1}},"line":15},"1":{"name":"(anonymous_1)","decl":{"start":{"line":37,"column":25},"end":{"line":37,"column":26}},"loc":{"start":{"line":37,"column":51},"end":{"line":47,"column":1}},"line":37},"2":{"name":"(anonymous_2)","decl":{"start":{"line":49,"column":34},"end":{"line":49,"column":35}},"loc":{"start":{"line":49,"column":60},"end":{"line":64,"column":1}},"line":49},"3":{"name":"(anonymous_3)","decl":{"start":{"line":66,"column":26},"end":{"line":66,"column":27}},"loc":{"start":{"line":66,"column":52},"end":{"line":86,"column":1}},"line":66},"4":{"name":"(anonymous_4)","decl":{"start":{"line":88,"column":25},"end":{"line":88,"column":26}},"loc":{"start":{"line":88,"column":51},"end":{"line":139,"column":1}},"line":88},"5":{"name":"(anonymous_5)","decl":{"start":{"line":141,"column":35},"end":{"line":141,"column":36}},"loc":{"start":{"line":141,"column":61},"end":{"line":158,"column":1}},"line":141}},"branchMap":{"0":{"loc":{"start":{"line":21,"column":2},"end":{"line":27,"column":3}},"type":"if","locations":[{"start":{"line":21,"column":2},"end":{"line":27,"column":3}},{"start":{},"end":{}}],"line":21},"1":{"loc":{"start":{"line":24,"column":14},"end":{"line":24,"column":40}},"type":"cond-expr","locations":[{"start":{"line":24,"column":23},"end":{"line":24,"column":32}},{"start":{"line":24,"column":35},"end":{"line":24,"column":40}}],"line":24},"2":{"loc":{"start":{"line":28,"column":2},"end":{"line":28,"column":32}},"type":"if","locations":[{"start":{"line":28,"column":2},"end":{"line":28,"column":32}},{"start":{},"end":{}}],"line":28},"3":{"loc":{"start":{"line":29,"column":2},"end":{"line":29,"column":26}},"type":"if","locations":[{"start":{"line":29,"column":2},"end":{"line":29,"column":26}},{"start":{},"end":{}}],"line":29},"4":{"loc":{"start":{"line":55,"column":2},"end":{"line":57,"column":3}},"type":"if","locations":[{"start":{"line":55,"column":2},"end":{"line":57,"column":3}},{"start":{},"end":{}}],"line":55},"5":{"loc":{"start":{"line":90,"column":2},"end":{"line":92,"column":3}},"type":"if","locations":[{"start":{"line":90,"column":2},"end":{"line":92,"column":3}},{"start":{},"end":{}}],"line":90},"6":{"loc":{"start":{"line":90,"column":6},"end":{"line":90,"column":35}},"type":"binary-expr","locations":[{"start":{"line":90,"column":6},"end":{"line":90,"column":17}},{"start":{"line":90,"column":21},"end":{"line":90,"column":35}}],"line":90},"7":{"loc":{"start":{"line":95,"column":2},"end":{"line":97,"column":3}},"type":"if","locations":[{"start":{"line":95,"column":2},"end":{"line":97,"column":3}},{"start":{},"end":{}}],"line":95},"8":{"loc":{"start":{"line":108,"column":2},"end":{"line":115,"column":3}},"type":"if","locations":[{"start":{"line":108,"column":2},"end":{"line":115,"column":3}},{"start":{},"end":{}}],"line":108},"9":{"loc":{"start":{"line":108,"column":6},"end":{"line":108,"column":34}},"type":"binary-expr","locations":[{"start":{"line":108,"column":6},"end":{"line":108,"column":21}},{"start":{"line":108,"column":25},"end":{"line":108,"column":34}}],"line":108},"10":{"loc":{"start":{"line":117,"column":2},"end":{"line":121,"column":3}},"type":"if","locations":[{"start":{"line":117,"column":2},"end":{"line":121,"column":3}},{"start":{},"end":{}}],"line":117},"11":{"loc":{"start":{"line":150,"column":2},"end":{"line":152,"column":3}},"type":"if","locations":[{"start":{"line":150,"column":2},"end":{"line":152,"column":3}},{"start":{},"end":{}}],"line":150}},"s":{"0":17,"1":17,"2":17,"3":17,"4":17,"5":17,"6":17,"7":17,"8":17,"9":17,"10":17,"11":2,"12":2,"13":2,"14":1,"15":1,"16":2,"17":1,"18":2,"19":1,"20":2,"21":2,"22":17,"23":0,"24":0,"25":0,"26":17,"27":2,"28":2,"29":2,"30":2,"31":1,"32":1,"33":1,"34":1,"35":1,"36":17,"37":3,"38":3,"39":2,"40":2,"41":2,"42":17,"43":29,"44":29,"45":2,"46":27,"47":27,"48":1,"49":26,"50":26,"51":1,"52":25,"53":25,"54":4,"55":4,"56":4,"57":21,"58":21,"59":21,"60":21,"61":17,"62":3,"63":3,"64":2,"65":2,"66":1,"67":1,"68":1,"69":1,"70":17},"f":{"0":2,"1":0,"2":2,"3":3,"4":29,"5":3},"b":{"0":[1,1],"1":[1,0],"2":[1,1],"3":[1,1],"4":[1,1],"5":[2,27],"6":[29,28],"7":[1,26],"8":[1,25],"9":[26,25],"10":[4,21],"11":[1,1]},"_coverageSchema":"1a1c01bbd47fc00a2c39e90264f33305004495a9","hash":"95fa7918181bf19d90b1648669924dce329b5c5d"}
,"C:\\Users\\hieu\\Desktop\\projectdemo\\BE\\src\\middleware\\auth.js": {"path":"C:\\Users\\hieu\\Desktop\\projectdemo\\BE\\src\\middleware\\auth.js","statementMap":{"0":{"start":{"line":1,"column":12},"end":{"line":1,"column":35}},"1":{"start":{"line":2,"column":18},"end":{"line":2,"column":47}},"2":{"start":{"line":3,"column":17},"end":{"line":3,"column":37}},"3":{"start":{"line":4,"column":17},"end":{"line":4,"column":58}},"4":{"start":{"line":5,"column":19},"end":{"line":5,"column":62}},"5":{"start":{"line":7,"column":0},"end":{"line":26,"column":3}},"6":{"start":{"line":9,"column":4},"end":{"line":10,"column":43}},"7":{"start":{"line":12,"column":2},"end":{"line":14,"column":3}},"8":{"start":{"line":13,"column":4},"end":{"line":13,"column":60}},"9":{"start":{"line":15,"column":18},"end":{"line":15,"column":65}},"10":{"start":{"line":16,"column":15},"end":{"line":19,"column":4}},"11":{"start":{"line":20,"column":2},"end":{"line":22,"column":3}},"12":{"start":{"line":21,"column":4},"end":{"line":21,"column":63}},"13":{"start":{"line":24,"column":2},"end":{"line":24,"column":18}},"14":{"start":{"line":25,"column":2},"end":{"line":25,"column":9}},"15":{"start":{"line":28,"column":0},"end":{"line":34,"column":3}},"16":{"start":{"line":36,"column":0},"end":{"line":47,"column":2}},"17":{"start":{"line":37,"column":2},"end":{"line":38,"column":18}},"18":{"start":{"line":37,"column":24},"end":{"line":37,"column":35}},"19":{"start":{"line":38,"column":7},"end":{"line":38,"column":18}},"20":{"start":{"line":39,"column":2},"end":{"line":46,"column":4}},"21":{"start":{"line":40,"column":4},"end":{"line":44,"column":5}},"22":{"start":{"line":41,"column":6},"end":{"line":43,"column":8}},"23":{"start":{"line":45,"column":4},"end":{"line":45,"column":11}}},"fnMap":{"0":{"name":"(anonymous_0)","decl":{"start":{"line":7,"column":38},"end":{"line":7,"column":39}},"loc":{"start":{"line":7,"column":64},"end":{"line":26,"column":1}},"line":7},"1":{"name":"(anonymous_1)","decl":{"start":{"line":36,"column":20},"end":{"line":36,"column":21}},"loc":{"start":{"line":36,"column":30},"end":{"line":47,"column":1}},"line":36},"2":{"name":"(anonymous_2)","decl":{"start":{"line":39,"column":9},"end":{"line":39,"column":10}},"loc":{"start":{"line":39,"column":29},"end":{"line":46,"column":3}},"line":39}},"branchMap":{"0":{"loc":{"start":{"line":9,"column":4},"end":{"line":10,"column":43}},"type":"binary-expr","locations":[{"start":{"line":9,"column":4},"end":{"line":9,"column":51}},{"start":{"line":10,"column":4},"end":{"line":10,"column":43}}],"line":9},"1":{"loc":{"start":{"line":12,"column":2},"end":{"line":14,"column":3}},"type":"if","locations":[{"start":{"line":12,"column":2},"end":{"line":14,"column":3}},{"start":{},"end":{}}],"line":12},"2":{"loc":{"start":{"line":12,"column":6},"end":{"line":12,"column":32}},"type":"binary-expr","locations":[{"start":{"line":12,"column":6},"end":{"line":12,"column":12}},{"start":{"line":12,"column":16},"end":{"line":12,"column":32}}],"line":12},"3":{"loc":{"start":{"line":20,"column":2},"end":{"line":22,"column":3}},"type":"if","locations":[{"start":{"line":20,"column":2},"end":{"line":22,"column":3}},{"start":{},"end":{}}],"line":20},"4":{"loc":{"start":{"line":30,"column":7},"end":{"line":30,"column":48}},"type":"cond-expr","locations":[{"start":{"line":30,"column":41},"end":{"line":30,"column":44}},{"start":{"line":30,"column":47},"end":{"line":30,"column":48}}],"line":30},"5":{"loc":{"start":{"line":37,"column":2},"end":{"line":38,"column":18}},"type":"if","locations":[{"start":{"line":37,"column":2},"end":{"line":38,"column":18}},{"start":{"line":38,"column":7},"end":{"line":38,"column":18}}],"line":37},"6":{"loc":{"start":{"line":40,"column":4},"end":{"line":44,"column":5}},"type":"if","locations":[{"start":{"line":40,"column":4},"end":{"line":44,"column":5}},{"start":{},"end":{}}],"line":40}},"s":{"0":17,"1":17,"2":17,"3":17,"4":17,"5":17,"6":57,"7":57,"8":1,"9":56,"10":55,"11":55,"12":0,"13":55,"14":55,"15":17,"16":17,"17":170,"18":170,"19":0,"20":170,"21":34,"22":1,"23":33},"f":{"0":57,"1":170,"2":34},"b":{"0":[57,57],"1":[1,56],"2":[57,56],"3":[0,55],"4":[17,0],"5":[170,0],"6":[1,33]},"_coverageSchema":"1a1c01bbd47fc00a2c39e90264f33305004495a9","hash":"97d1ee9cd7b77cc3bb03b8cff297c7b30900ba89"}
,"C:\\Users\\hieu\\Desktop\\projectdemo\\BE\\src\\models\\calendar.js": {"path":"C:\\Users\\hieu\\Desktop\\projectdemo\\BE\\src\\models\\calendar.js","statementMap":{"0":{"start":{"line":1,"column":18},"end":{"line":1,"column":38}},"1":{"start":{"line":3,"column":0},"end":{"line":55,"column":2}},"2":{"start":{"line":12,"column":6},"end":{"line":16,"column":9}},"3":{"start":{"line":19,"column":2},"end":{"line":53,"column":4}},"4":{"start":{"line":54,"column":2},"end":{"line":54,"column":18}}},"fnMap":{"0":{"name":"(anonymous_0)","decl":{"start":{"line":3,"column":17},"end":{"line":3,"column":18}},"loc":{"start":{"line":3,"column":43},"end":{"line":55,"column":1}},"line":3},"1":{"name":"(anonymous_1)","decl":{"start":{"line":10,"column":4},"end":{"line":10,"column":5}},"loc":{"start":{"line":10,"column":29},"end":{"line":17,"column":5}},"line":10}},"branchMap":{},"s":{"0":17,"1":17,"2":17,"3":17,"4":17},"f":{"0":17,"1":17},"b":{},"_coverageSchema":"1a1c01bbd47fc00a2c39e90264f33305004495a9","hash":"eddb98426c6e618bcf24340bab2b9355bdc6215c"}
,"C:\\Users\\hieu\\Desktop\\projectdemo\\BE\\src\\models\\class.js": {"path":"C:\\Users\\hieu\\Desktop\\projectdemo\\BE\\src\\models\\class.js","statementMap":{"0":{"start":{"line":1,"column":15},"end":{"line":1,"column":32}},"1":{"start":{"line":3,"column":18},"end":{"line":3,"column":38}},"2":{"start":{"line":6,"column":0},"end":{"line":81,"column":2}},"3":{"start":{"line":14,"column":6},"end":{"line":18,"column":9}},"4":{"start":{"line":19,"column":6},"end":{"line":23,"column":9}},"5":{"start":{"line":26,"column":2},"end":{"line":79,"column":4}},"6":{"start":{"line":63,"column":10},"end":{"line":63,"column":77}},"7":{"start":{"line":70,"column":10},"end":{"line":70,"column":75}},"8":{"start":{"line":80,"column":2},"end":{"line":80,"column":15}}},"fnMap":{"0":{"name":"(anonymous_0)","decl":{"start":{"line":6,"column":17},"end":{"line":6,"column":18}},"loc":{"start":{"line":6,"column":43},"end":{"line":81,"column":1}},"line":6},"1":{"name":"(anonymous_1)","decl":{"start":{"line":13,"column":4},"end":{"line":13,"column":5}},"loc":{"start":{"line":13,"column":29},"end":{"line":24,"column":5}},"line":13},"2":{"name":"(anonymous_2)","decl":{"start":{"line":62,"column":8},"end":{"line":62,"column":9}},"loc":{"start":{"line":62,"column":14},"end":{"line":64,"column":9}},"line":62},"3":{"name":"(anonymous_3)","decl":{"start":{"line":69,"column":8},"end":{"line":69,"column":9}},"loc":{"start":{"line":69,"column":14},"end":{"line":71,"column":9}},"line":69}},"branchMap":{},"s":{"0":17,"1":17,"2":17,"3":17,"4":17,"5":17,"6":6,"7":6,"8":17},"f":{"0":17,"1":17,"2":6,"3":6},"b":{},"_coverageSchema":"1a1c01bbd47fc00a2c39e90264f33305004495a9","hash":"fe91e86f263b7133be607995051ab1ce5172acdd"}
,"C:\\Users\\hieu\\Desktop\\projectdemo\\BE\\src\\models\\class_calendar.js": {"path":"C:\\Users\\hieu\\Desktop\\projectdemo\\BE\\src\\models\\class_calendar.js","statementMap":{"0":{"start":{"line":1,"column":18},"end":{"line":1,"column":38}},"1":{"start":{"line":3,"column":0},"end":{"line":42,"column":2}},"2":{"start":{"line":12,"column":6},"end":{"line":12,"column":62}},"3":{"start":{"line":13,"column":6},"end":{"line":13,"column":68}},"4":{"start":{"line":16,"column":2},"end":{"line":40,"column":4}},"5":{"start":{"line":41,"column":2},"end":{"line":41,"column":24}}},"fnMap":{"0":{"name":"(anonymous_0)","decl":{"start":{"line":3,"column":17},"end":{"line":3,"column":18}},"loc":{"start":{"line":3,"column":43},"end":{"line":42,"column":1}},"line":3},"1":{"name":"(anonymous_1)","decl":{"start":{"line":10,"column":4},"end":{"line":10,"column":5}},"loc":{"start":{"line":10,"column":29},"end":{"line":14,"column":5}},"line":10}},"branchMap":{},"s":{"0":17,"1":17,"2":17,"3":17,"4":17,"5":17},"f":{"0":17,"1":17},"b":{},"_coverageSchema":"1a1c01bbd47fc00a2c39e90264f33305004495a9","hash":"89abc53c7400f8ccaae72c76e46b65c96a16f65c"}
,"C:\\Users\\hieu\\Desktop\\projectdemo\\BE\\src\\models\\class_users.js": {"path":"C:\\Users\\hieu\\Desktop\\projectdemo\\BE\\src\\models\\class_users.js","statementMap":{"0":{"start":{"line":1,"column":18},"end":{"line":1,"column":38}},"1":{"start":{"line":3,"column":0},"end":{"line":47,"column":2}},"2":{"start":{"line":11,"column":6},"end":{"line":11,"column":62}},"3":{"start":{"line":12,"column":6},"end":{"line":12,"column":60}},"4":{"start":{"line":15,"column":2},"end":{"line":45,"column":4}},"5":{"start":{"line":46,"column":2},"end":{"line":46,"column":21}}},"fnMap":{"0":{"name":"(anonymous_0)","decl":{"start":{"line":3,"column":17},"end":{"line":3,"column":18}},"loc":{"start":{"line":3,"column":43},"end":{"line":47,"column":1}},"line":3},"1":{"name":"(anonymous_1)","decl":{"start":{"line":10,"column":4},"end":{"line":10,"column":5}},"loc":{"start":{"line":10,"column":29},"end":{"line":13,"column":5}},"line":10}},"branchMap":{},"s":{"0":17,"1":17,"2":17,"3":17,"4":17,"5":17},"f":{"0":17,"1":17},"b":{},"_coverageSchema":"1a1c01bbd47fc00a2c39e90264f33305004495a9","hash":"bcb91133e1777147b246e4295a97f4be58b9191b"}
,"C:\\Users\\hieu\\Desktop\\projectdemo\\BE\\src\\models\\index.js": {"path":"C:\\Users\\hieu\\Desktop\\projectdemo\\BE\\src\\models\\index.js","statementMap":{"0":{"start":{"line":1,"column":11},"end":{"line":1,"column":24}},"1":{"start":{"line":2,"column":13},"end":{"line":2,"column":28}},"2":{"start":{"line":3,"column":18},"end":{"line":3,"column":38}},"3":{"start":{"line":5,"column":17},"end":{"line":5,"column":42}},"4":{"start":{"line":6,"column":12},"end":{"line":6,"column":49}},"5":{"start":{"line":7,"column":15},"end":{"line":7,"column":63}},"6":{"start":{"line":8,"column":11},"end":{"line":8,"column":13}},"7":{"start":{"line":11,"column":0},"end":{"line":20,"column":1}},"8":{"start":{"line":12,"column":2},"end":{"line":12,"column":74}},"9":{"start":{"line":14,"column":2},"end":{"line":19,"column":4}},"10":{"start":{"line":22,"column":0},"end":{"line":34,"column":5}},"11":{"start":{"line":24,"column":4},"end":{"line":26,"column":6}},"12":{"start":{"line":29,"column":18},"end":{"line":32,"column":5}},"13":{"start":{"line":33,"column":4},"end":{"line":33,"column":27}},"14":{"start":{"line":36,"column":0},"end":{"line":40,"column":3}},"15":{"start":{"line":37,"column":2},"end":{"line":39,"column":3}},"16":{"start":{"line":38,"column":4},"end":{"line":38,"column":32}},"17":{"start":{"line":42,"column":0},"end":{"line":42,"column":25}},"18":{"start":{"line":43,"column":0},"end":{"line":43,"column":25}},"19":{"start":{"line":45,"column":0},"end":{"line":45,"column":20}}},"fnMap":{"0":{"name":"(anonymous_0)","decl":{"start":{"line":23,"column":10},"end":{"line":23,"column":11}},"loc":{"start":{"line":23,"column":20},"end":{"line":27,"column":3}},"line":23},"1":{"name":"(anonymous_1)","decl":{"start":{"line":28,"column":11},"end":{"line":28,"column":12}},"loc":{"start":{"line":28,"column":21},"end":{"line":34,"column":3}},"line":28},"2":{"name":"(anonymous_2)","decl":{"start":{"line":36,"column":24},"end":{"line":36,"column":25}},"loc":{"start":{"line":36,"column":39},"end":{"line":40,"column":1}},"line":36}},"branchMap":{"0":{"loc":{"start":{"line":6,"column":12},"end":{"line":6,"column":49}},"type":"binary-expr","locations":[{"start":{"line":6,"column":12},"end":{"line":6,"column":32}},{"start":{"line":6,"column":36},"end":{"line":6,"column":49}}],"line":6},"1":{"loc":{"start":{"line":11,"column":0},"end":{"line":20,"column":1}},"type":"if","locations":[{"start":{"line":11,"column":0},"end":{"line":20,"column":1}},{"start":{"line":13,"column":7},"end":{"line":20,"column":1}}],"line":11},"2":{"loc":{"start":{"line":25,"column":6},"end":{"line":25,"column":78}},"type":"binary-expr","locations":[{"start":{"line":25,"column":6},"end":{"line":25,"column":29}},{"start":{"line":25,"column":33},"end":{"line":25,"column":50}},{"start":{"line":25,"column":54},"end":{"line":25,"column":78}}],"line":25},"3":{"loc":{"start":{"line":37,"column":2},"end":{"line":39,"column":3}},"type":"if","locations":[{"start":{"line":37,"column":2},"end":{"line":39,"column":3}},{"start":{},"end":{}}],"line":37}},"s":{"0":17,"1":17,"2":17,"3":17,"4":17,"5":17,"6":17,"7":17,"8":0,"9":17,"10":17,"11":119,"12":102,"13":102,"14":17,"15":102,"16":102,"17":17,"18":17,"19":17},"f":{"0":119,"1":102,"2":102},"b":{"0":[17,0],"1":[0,17],"2":[119,119,102],"3":[102,0]},"_coverageSchema":"1a1c01bbd47fc00a2c39e90264f33305004495a9","hash":"044dbed71904eab76648cd1c08e0ea539b658873"}
,"C:\\Users\\hieu\\Desktop\\projectdemo\\BE\\src\\models\\regis.js": {"path":"C:\\Users\\hieu\\Desktop\\projectdemo\\BE\\src\\models\\regis.js","statementMap":{"0":{"start":{"line":1,"column":18},"end":{"line":1,"column":38}},"1":{"start":{"line":2,"column":15},"end":{"line":2,"column":32}},"2":{"start":{"line":4,"column":0},"end":{"line":57,"column":2}},"3":{"start":{"line":13,"column":6},"end":{"line":13,"column":62}},"4":{"start":{"line":14,"column":6},"end":{"line":14,"column":60}},"5":{"start":{"line":17,"column":2},"end":{"line":55,"column":4}},"6":{"start":{"line":43,"column":10},"end":{"line":43,"column":77}},"7":{"start":{"line":56,"column":2},"end":{"line":56,"column":15}}},"fnMap":{"0":{"name":"(anonymous_0)","decl":{"start":{"line":4,"column":17},"end":{"line":4,"column":18}},"loc":{"start":{"line":4,"column":43},"end":{"line":57,"column":1}},"line":4},"1":{"name":"(anonymous_1)","decl":{"start":{"line":11,"column":4},"end":{"line":11,"column":5}},"loc":{"start":{"line":11,"column":29},"end":{"line":15,"column":5}},"line":11},"2":{"name":"(anonymous_2)","decl":{"start":{"line":42,"column":8},"end":{"line":42,"column":9}},"loc":{"start":{"line":42,"column":14},"end":{"line":44,"column":9}},"line":42}},"branchMap":{},"s":{"0":17,"1":17,"2":17,"3":17,"4":17,"5":17,"6":6,"7":17},"f":{"0":17,"1":17,"2":6},"b":{},"_coverageSchema":"1a1c01bbd47fc00a2c39e90264f33305004495a9","hash":"3563d8e8e186d5ad08e0fec0cae48bee820b85bb"}
,"C:\\Users\\hieu\\Desktop\\projectdemo\\BE\\src\\models\\user.js": {"path":"C:\\Users\\hieu\\Desktop\\projectdemo\\BE\\src\\models\\user.js","statementMap":{"0":{"start":{"line":1,"column":15},"end":{"line":1,"column":34}},"1":{"start":{"line":2,"column":18},"end":{"line":2,"column":38}},"2":{"start":{"line":4,"column":0},"end":{"line":88,"column":2}},"3":{"start":{"line":12,"column":6},"end":{"line":17,"column":9}},"4":{"start":{"line":20,"column":2},"end":{"line":86,"column":4}},"5":{"start":{"line":79,"column":10},"end":{"line":82,"column":19}},"6":{"start":{"line":87,"column":2},"end":{"line":87,"column":14}}},"fnMap":{"0":{"name":"(anonymous_0)","decl":{"start":{"line":4,"column":17},"end":{"line":4,"column":18}},"loc":{"start":{"line":4,"column":43},"end":{"line":88,"column":1}},"line":4},"1":{"name":"(anonymous_1)","decl":{"start":{"line":11,"column":4},"end":{"line":11,"column":5}},"loc":{"start":{"line":11,"column":29},"end":{"line":18,"column":5}},"line":11},"2":{"name":"(anonymous_2)","decl":{"start":{"line":78,"column":22},"end":{"line":78,"column":23}},"loc":{"start":{"line":78,"column":47},"end":{"line":83,"column":9}},"line":78}},"branchMap":{"0":{"loc":{"start":{"line":80,"column":12},"end":{"line":82,"column":18}},"type":"cond-expr","locations":[{"start":{"line":81,"column":16},"end":{"line":81,"column":51}},{"start":{"line":82,"column":16},"end":{"line":82,"column":18}}],"line":80},"1":{"loc":{"start":{"line":80,"column":12},"end":{"line":80,"column":49}},"type":"binary-expr","locations":[{"start":{"line":80,"column":12},"end":{"line":80,"column":25}},{"start":{"line":80,"column":29},"end":{"line":80,"column":49}}],"line":80}},"s":{"0":17,"1":17,"2":17,"3":17,"4":17,"5":11,"6":17},"f":{"0":17,"1":17,"2":11},"b":{"0":[11,0],"1":[11,11]},"_coverageSchema":"1a1c01bbd47fc00a2c39e90264f33305004495a9","hash":"af72f4ee501f5f8b8aa64af4bd3fe1d3e2fbf55c"}
,"C:\\Users\\hieu\\Desktop\\projectdemo\\BE\\src\\route\\classRouter.js": {"path":"C:\\Users\\hieu\\Desktop\\projectdemo\\BE\\src\\route\\classRouter.js","statementMap":{"0":{"start":{"line":1,"column":16},"end":{"line":1,"column":34}},"1":{"start":{"line":2,"column":17},"end":{"line":2,"column":48}},"2":{"start":{"line":4,"column":15},"end":{"line":4,"column":31}},"3":{"start":{"line":12,"column":4},"end":{"line":12,"column":44}},"4":{"start":{"line":25,"column":4},"end":{"line":25,"column":44}},"5":{"start":{"line":27,"column":13},"end":{"line":27,"column":42}},"6":{"start":{"line":31,"column":0},"end":{"line":39,"column":4}},"7":{"start":{"line":41,"column":0},"end":{"line":49,"column":71}},"8":{"start":{"line":51,"column":0},"end":{"line":56,"column":2}},"9":{"start":{"line":58,"column":0},"end":{"line":63,"column":2}},"10":{"start":{"line":65,"column":0},"end":{"line":70,"column":2}},"11":{"start":{"line":72,"column":0},"end":{"line":77,"column":2}},"12":{"start":{"line":79,"column":0},"end":{"line":84,"column":2}},"13":{"start":{"line":85,"column":0},"end":{"line":91,"column":2}},"14":{"start":{"line":94,"column":0},"end":{"line":102,"column":25}},"15":{"start":{"line":103,"column":0},"end":{"line":103,"column":63}},"16":{"start":{"line":104,"column":0},"end":{"line":109,"column":2}},"17":{"start":{"line":110,"column":0},"end":{"line":110,"column":69}},"18":{"start":{"line":112,"column":0},"end":{"line":112,"column":24}}},"fnMap":{},"branchMap":{},"s":{"0":17,"1":17,"2":17,"3":17,"4":17,"5":17,"6":17,"7":17,"8":17,"9":17,"10":17,"11":17,"12":17,"13":17,"14":17,"15":17,"16":17,"17":17,"18":17},"f":{},"b":{},"_coverageSchema":"1a1c01bbd47fc00a2c39e90264f33305004495a9","hash":"a96cf277f4029715eb51782295a19e1f611b281c"}
,"C:\\Users\\hieu\\Desktop\\projectdemo\\BE\\src\\route\\userRouter.js": {"path":"C:\\Users\\hieu\\Desktop\\projectdemo\\BE\\src\\route\\userRouter.js","statementMap":{"0":{"start":{"line":1,"column":0},"end":{"line":1,"column":27}},"1":{"start":{"line":2,"column":16},"end":{"line":2,"column":34}},"2":{"start":{"line":3,"column":13},"end":{"line":3,"column":42}},"3":{"start":{"line":4,"column":17},"end":{"line":4,"column":48}},"4":{"start":{"line":6,"column":15},"end":{"line":6,"column":31}},"5":{"start":{"line":16,"column":4},"end":{"line":16,"column":43}},"6":{"start":{"line":18,"column":0},"end":{"line":20,"column":3}},"7":{"start":{"line":19,"column":2},"end":{"line":19,"column":20}},"8":{"start":{"line":21,"column":0},"end":{"line":21,"column":46}},"9":{"start":{"line":23,"column":0},"end":{"line":23,"column":56}},"10":{"start":{"line":24,"column":0},"end":{"line":24,"column":48}},"11":{"start":{"line":25,"column":0},"end":{"line":25,"column":73}},"12":{"start":{"line":26,"column":0},"end":{"line":26,"column":51}},"13":{"start":{"line":27,"column":0},"end":{"line":33,"column":2}},"14":{"start":{"line":35,"column":0},"end":{"line":35,"column":24}}},"fnMap":{"0":{"name":"(anonymous_0)","decl":{"start":{"line":18,"column":16},"end":{"line":18,"column":17}},"loc":{"start":{"line":18,"column":30},"end":{"line":20,"column":1}},"line":18}},"branchMap":{},"s":{"0":17,"1":17,"2":17,"3":17,"4":17,"5":17,"6":17,"7":0,"8":17,"9":17,"10":17,"11":17,"12":17,"13":17,"14":17},"f":{"0":0},"b":{},"_coverageSchema":"1a1c01bbd47fc00a2c39e90264f33305004495a9","hash":"993a11e5e0e3b113bc337fae997aff3ffc1eecea"}
,"C:\\Users\\hieu\\Desktop\\projectdemo\\BE\\src\\utils\\helperFn.js": {"path":"C:\\Users\\hieu\\Desktop\\projectdemo\\BE\\src\\utils\\helperFn.js","statementMap":{"0":{"start":{"line":2,"column":19},"end":{"line":2,"column":40}},"1":{"start":{"line":3,"column":12},"end":{"line":3,"column":35}},"2":{"start":{"line":4,"column":15},"end":{"line":4,"column":34}},"3":{"start":{"line":5,"column":15},"end":{"line":5,"column":32}},"4":{"start":{"line":6,"column":17},"end":{"line":6,"column":51}},"5":{"start":{"line":8,"column":0},"end":{"line":12,"column":2}},"6":{"start":{"line":9,"column":2},"end":{"line":11,"column":5}},"7":{"start":{"line":14,"column":0},"end":{"line":37,"column":2}},"8":{"start":{"line":21,"column":17},"end":{"line":21,"column":38}},"9":{"start":{"line":22,"column":22},"end":{"line":28,"column":4}},"10":{"start":{"line":30,"column":21},"end":{"line":35,"column":3}},"11":{"start":{"line":36,"column":2},"end":{"line":36,"column":41}},"12":{"start":{"line":39,"column":0},"end":{"line":41,"column":2}},"13":{"start":{"line":40,"column":2},"end":{"line":40,"column":49}},"14":{"start":{"line":44,"column":15},"end":{"line":44,"column":46}},"15":{"start":{"line":45,"column":22},"end":{"line":53,"column":2}},"16":{"start":{"line":48,"column":4},"end":{"line":48,"column":65}},"17":{"start":{"line":51,"column":4},"end":{"line":51,"column":48}},"18":{"start":{"line":55,"column":21},"end":{"line":61,"column":1}},"19":{"start":{"line":56,"column":2},"end":{"line":60,"column":3}},"20":{"start":{"line":57,"column":4},"end":{"line":57,"column":19}},"21":{"start":{"line":59,"column":4},"end":{"line":59,"column":77}},"22":{"start":{"line":63,"column":0},"end":{"line":66,"column":3}}},"fnMap":{"0":{"name":"(anonymous_0)","decl":{"start":{"line":8,"column":22},"end":{"line":8,"column":23}},"loc":{"start":{"line":8,"column":37},"end":{"line":12,"column":1}},"line":8},"1":{"name":"(anonymous_1)","decl":{"start":{"line":14,"column":20},"end":{"line":14,"column":21}},"loc":{"start":{"line":20,"column":5},"end":{"line":37,"column":1}},"line":20},"2":{"name":"(anonymous_2)","decl":{"start":{"line":39,"column":26},"end":{"line":39,"column":27}},"loc":{"start":{"line":39,"column":55},"end":{"line":41,"column":1}},"line":39},"3":{"name":"(anonymous_3)","decl":{"start":{"line":46,"column":15},"end":{"line":46,"column":16}},"loc":{"start":{"line":46,"column":34},"end":{"line":49,"column":3}},"line":46},"4":{"name":"(anonymous_4)","decl":{"start":{"line":50,"column":12},"end":{"line":50,"column":13}},"loc":{"start":{"line":50,"column":31},"end":{"line":52,"column":3}},"line":50},"5":{"name":"(anonymous_5)","decl":{"start":{"line":55,"column":21},"end":{"line":55,"column":22}},"loc":{"start":{"line":55,"column":40},"end":{"line":61,"column":1}},"line":55}},"branchMap":{"0":{"loc":{"start":{"line":18,"column":2},"end":{"line":18,"column":16}},"type":"default-arg","locations":[{"start":{"line":18,"column":13},"end":{"line":18,"column":16}}],"line":18},"1":{"loc":{"start":{"line":19,"column":2},"end":{"line":19,"column":12}},"type":"default-arg","locations":[{"start":{"line":19,"column":10},"end":{"line":19,"column":12}}],"line":19},"2":{"loc":{"start":{"line":48,"column":13},"end":{"line":48,"column":63}},"type":"cond-expr","locations":[{"start":{"line":48,"column":22},"end":{"line":48,"column":41}},{"start":{"line":48,"column":44},"end":{"line":48,"column":63}}],"line":48},"3":{"loc":{"start":{"line":56,"column":2},"end":{"line":60,"column":3}},"type":"if","locations":[{"start":{"line":56,"column":2},"end":{"line":60,"column":3}},{"start":{"line":58,"column":9},"end":{"line":60,"column":3}}],"line":56}},"s":{"0":17,"1":17,"2":17,"3":17,"4":17,"5":17,"6":26,"7":17,"8":9,"9":9,"10":9,"11":9,"12":17,"13":27,"14":17,"15":17,"16":1,"17":1,"18":17,"19":2,"20":1,"21":1,"22":17},"f":{"0":26,"1":9,"2":27,"3":1,"4":1,"5":2},"b":{"0":[7],"1":[7],"2":[1,0],"3":[1,1]},"_coverageSchema":"1a1c01bbd47fc00a2c39e90264f33305004495a9","hash":"c014af5804894f50b01ed9b0b2d5e76ff945ec8d"}
,"C:\\Users\\hieu\\Desktop\\projectdemo\\BE\\src\\utils\\imageUpload.js": {"path":"C:\\Users\\hieu\\Desktop\\projectdemo\\BE\\src\\utils\\imageUpload.js","statementMap":{"0":{"start":{"line":1,"column":19},"end":{"line":1,"column":43}},"1":{"start":{"line":3,"column":0},"end":{"line":7,"column":3}},"2":{"start":{"line":9,"column":0},"end":{"line":9,"column":28}}},"fnMap":{},"branchMap":{},"s":{"0":17,"1":17,"2":17},"f":{},"b":{},"_coverageSchema":"1a1c01bbd47fc00a2c39e90264f33305004495a9","hash":"c8748595ec7ed8d682142457ff5f898890cb34d7"}
,"C:\\Users\\hieu\\Desktop\\projectdemo\\BE\\src\\utils\\rawQuery.js": {"path":"C:\\Users\\hieu\\Desktop\\projectdemo\\BE\\src\\utils\\rawQuery.js","statementMap":{"0":{"start":{"line":1,"column":22},"end":{"line":8,"column":44}},"1":{"start":{"line":10,"column":0},"end":{"line":12,"column":2}}},"fnMap":{},"branchMap":{},"s":{"0":17,"1":17},"f":{},"b":{},"_coverageSchema":"1a1c01bbd47fc00a2c39e90264f33305004495a9","hash":"4294d67afdabf89939a8805cf90506bd04f82ee0"}
,"C:\\Users\\hieu\\Desktop\\projectdemo\\BE\\src\\utils\\reminder.js": {"path":"C:\\Users\\hieu\\Desktop\\projectdemo\\BE\\src\\utils\\reminder.js","statementMap":{"0":{"start":{"line":1,"column":17},"end":{"line":1,"column":38}},"1":{"start":{"line":2,"column":22},"end":{"line":2,"column":42}},"2":{"start":{"line":3,"column":26},"end":{"line":3,"column":47}},"3":{"start":{"line":5,"column":17},"end":{"line":25,"column":1}},"4":{"start":{"line":6,"column":2},"end":{"line":24,"column":3}},"5":{"start":{"line":7,"column":22},"end":{"line":7,"column":58}},"6":{"start":{"line":8,"column":23},"end":{"line":14,"column":5}},"7":{"start":{"line":10,"column":8},"end":{"line":10,"column":61}},"8":{"start":{"line":11,"column":8},"end":{"line":11,"column":43}},"9":{"start":{"line":12,"column":8},"end":{"line":12,"column":20}},"10":{"start":{"line":15,"column":4},"end":{"line":21,"column":7}},"11":{"start":{"line":16,"column":6},"end":{"line":20,"column":8}},"12":{"start":{"line":27,"column":0},"end":{"line":27,"column":26}}},"fnMap":{"0":{"name":"(anonymous_0)","decl":{"start":{"line":5,"column":17},"end":{"line":5,"column":18}},"loc":{"start":{"line":5,"column":29},"end":{"line":25,"column":1}},"line":5},"1":{"name":"(anonymous_1)","decl":{"start":{"line":9,"column":21},"end":{"line":9,"column":22}},"loc":{"start":{"line":9,"column":36},"end":{"line":13,"column":7}},"line":9},"2":{"name":"(anonymous_2)","decl":{"start":{"line":15,"column":23},"end":{"line":15,"column":24}},"loc":{"start":{"line":15,"column":31},"end":{"line":21,"column":5}},"line":15}},"branchMap":{"0":{"loc":{"start":{"line":10,"column":23},"end":{"line":10,"column":60}},"type":"binary-expr","locations":[{"start":{"line":10,"column":23},"end":{"line":10,"column":35}},{"start":{"line":10,"column":39},"end":{"line":10,"column":60}}],"line":10}},"s":{"0":17,"1":17,"2":17,"3":17,"4":0,"5":0,"6":0,"7":0,"8":0,"9":0,"10":0,"11":0,"12":17},"f":{"0":0,"1":0,"2":0},"b":{"0":[0,0]},"_coverageSchema":"1a1c01bbd47fc00a2c39e90264f33305004495a9","hash":"8f585587a48efdb803eb7e1d4c3ed32340fd17f4"}
,"C:\\Users\\hieu\\Desktop\\projectdemo\\BE\\src\\utils\\ErrorHandler\\appError.js": {"path":"C:\\Users\\hieu\\Desktop\\projectdemo\\BE\\src\\utils\\ErrorHandler\\appError.js","statementMap":{"0":{"start":{"line":3,"column":4},"end":{"line":3,"column":19}},"1":{"start":{"line":4,"column":4},"end":{"line":4,"column":33}},"2":{"start":{"line":5,"column":4},"end":{"line":5,"column":69}},"3":{"start":{"line":6,"column":4},"end":{"line":6,"column":28}},"4":{"start":{"line":8,"column":4},"end":{"line":8,"column":52}},"5":{"start":{"line":12,"column":0},"end":{"line":12,"column":26}}},"fnMap":{"0":{"name":"(anonymous_0)","decl":{"start":{"line":2,"column":2},"end":{"line":2,"column":3}},"loc":{"start":{"line":2,"column":35},"end":{"line":9,"column":3}},"line":2}},"branchMap":{"0":{"loc":{"start":{"line":5,"column":18},"end":{"line":5,"column":68}},"type":"cond-expr","locations":[{"start":{"line":5,"column":52},"end":{"line":5,"column":58}},{"start":{"line":5,"column":61},"end":{"line":5,"column":68}}],"line":5}},"s":{"0":101,"1":101,"2":101,"3":101,"4":101,"5":17},"f":{"0":101},"b":{"0":[101,0]},"_coverageSchema":"1a1c01bbd47fc00a2c39e90264f33305004495a9","hash":"33723455a6fa6c61d8b63e5836570ac9a21dd641"}
,"C:\\Users\\hieu\\Desktop\\projectdemo\\BE\\src\\utils\\ErrorHandler\\catchAsync.js": {"path":"C:\\Users\\hieu\\Desktop\\projectdemo\\BE\\src\\utils\\ErrorHandler\\catchAsync.js","statementMap":{"0":{"start":{"line":1,"column":19},"end":{"line":7,"column":1}},"1":{"start":{"line":2,"column":2},"end":{"line":6,"column":4}},"2":{"start":{"line":3,"column":4},"end":{"line":5,"column":7}},"3":{"start":{"line":4,"column":6},"end":{"line":4,"column":23}},"4":{"start":{"line":9,"column":0},"end":{"line":9,"column":28}}},"fnMap":{"0":{"name":"(anonymous_0)","decl":{"start":{"line":1,"column":19},"end":{"line":1,"column":20}},"loc":{"start":{"line":1,"column":27},"end":{"line":7,"column":1}},"line":1},"1":{"name":"(anonymous_1)","decl":{"start":{"line":2,"column":9},"end":{"line":2,"column":10}},"loc":{"start":{"line":2,"column":29},"end":{"line":6,"column":3}},"line":2},"2":{"name":"(anonymous_2)","decl":{"start":{"line":3,"column":29},"end":{"line":3,"column":30}},"loc":{"start":{"line":3,"column":38},"end":{"line":5,"column":5}},"line":3}},"branchMap":{},"s":{"0":17,"1":357,"2":132,"3":3,"4":17},"f":{"0":357,"1":132,"2":3},"b":{},"_coverageSchema":"1a1c01bbd47fc00a2c39e90264f33305004495a9","hash":"e6d4ee52ce4e31ba4ed5276245acabd08309cb2b"}
,"C:\\Users\\hieu\\Desktop\\projectdemo\\BE\\src\\utils\\ErrorHandler\\globalErrHandler.js": {"path":"C:\\Users\\hieu\\Desktop\\projectdemo\\BE\\src\\utils\\ErrorHandler\\globalErrHandler.js","statementMap":{"0":{"start":{"line":1,"column":17},"end":{"line":1,"column":38}},"1":{"start":{"line":4,"column":24},"end":{"line":7,"column":1}},"2":{"start":{"line":5,"column":18},"end":{"line":5,"column":40}},"3":{"start":{"line":6,"column":2},"end":{"line":6,"column":36}},"4":{"start":{"line":10,"column":33},"end":{"line":13,"column":1}},"5":{"start":{"line":11,"column":18},"end":{"line":11,"column":39}},"6":{"start":{"line":12,"column":2},"end":{"line":12,"column":36}},"7":{"start":{"line":16,"column":33},"end":{"line":19,"column":1}},"8":{"start":{"line":17,"column":18},"end":{"line":17,"column":39}},"9":{"start":{"line":18,"column":2},"end":{"line":18,"column":36}},"10":{"start":{"line":22,"column":30},"end":{"line":24,"column":1}},"11":{"start":{"line":23,"column":2},"end":{"line":23,"column":53}},"12":{"start":{"line":26,"column":23},"end":{"line":28,"column":1}},"13":{"start":{"line":27,"column":2},"end":{"line":27,"column":66}},"14":{"start":{"line":30,"column":18},"end":{"line":36,"column":1}},"15":{"start":{"line":31,"column":2},"end":{"line":35,"column":5}},"16":{"start":{"line":38,"column":0},"end":{"line":66,"column":2}},"17":{"start":{"line":40,"column":2},"end":{"line":40,"column":41}},"18":{"start":{"line":41,"column":2},"end":{"line":41,"column":37}},"19":{"start":{"line":43,"column":14},"end":{"line":43,"column":46}},"20":{"start":{"line":45,"column":2},"end":{"line":63,"column":3}},"21":{"start":{"line":47,"column":6},"end":{"line":47,"column":37}},"22":{"start":{"line":48,"column":6},"end":{"line":48,"column":12}},"23":{"start":{"line":50,"column":6},"end":{"line":50,"column":46}},"24":{"start":{"line":51,"column":6},"end":{"line":51,"column":12}},"25":{"start":{"line":53,"column":6},"end":{"line":53,"column":46}},"26":{"start":{"line":54,"column":6},"end":{"line":54,"column":12}},"27":{"start":{"line":56,"column":6},"end":{"line":56,"column":38}},"28":{"start":{"line":57,"column":6},"end":{"line":57,"column":12}},"29":{"start":{"line":59,"column":6},"end":{"line":59,"column":31}},"30":{"start":{"line":60,"column":6},"end":{"line":60,"column":12}},"31":{"start":{"line":62,"column":6},"end":{"line":62,"column":34}},"32":{"start":{"line":65,"column":2},"end":{"line":65,"column":24}}},"fnMap":{"0":{"name":"(anonymous_0)","decl":{"start":{"line":4,"column":24},"end":{"line":4,"column":25}},"loc":{"start":{"line":4,"column":33},"end":{"line":7,"column":1}},"line":4},"1":{"name":"(anonymous_1)","decl":{"start":{"line":10,"column":33},"end":{"line":10,"column":34}},"loc":{"start":{"line":10,"column":42},"end":{"line":13,"column":1}},"line":10},"2":{"name":"(anonymous_2)","decl":{"start":{"line":16,"column":33},"end":{"line":16,"column":34}},"loc":{"start":{"line":16,"column":42},"end":{"line":19,"column":1}},"line":16},"3":{"name":"(anonymous_3)","decl":{"start":{"line":22,"column":30},"end":{"line":22,"column":31}},"loc":{"start":{"line":22,"column":36},"end":{"line":24,"column":1}},"line":22},"4":{"name":"(anonymous_4)","decl":{"start":{"line":26,"column":23},"end":{"line":26,"column":24}},"loc":{"start":{"line":26,"column":29},"end":{"line":28,"column":1}},"line":26},"5":{"name":"(anonymous_5)","decl":{"start":{"line":30,"column":18},"end":{"line":30,"column":19}},"loc":{"start":{"line":30,"column":32},"end":{"line":36,"column":1}},"line":30},"6":{"name":"(anonymous_6)","decl":{"start":{"line":38,"column":17},"end":{"line":38,"column":18}},"loc":{"start":{"line":38,"column":42},"end":{"line":66,"column":1}},"line":38}},"branchMap":{"0":{"loc":{"start":{"line":40,"column":19},"end":{"line":40,"column":40}},"type":"binary-expr","locations":[{"start":{"line":40,"column":19},"end":{"line":40,"column":33}},{"start":{"line":40,"column":37},"end":{"line":40,"column":40}}],"line":40},"1":{"loc":{"start":{"line":41,"column":15},"end":{"line":41,"column":36}},"type":"binary-expr","locations":[{"start":{"line":41,"column":15},"end":{"line":41,"column":25}},{"start":{"line":41,"column":29},"end":{"line":41,"column":36}}],"line":41},"2":{"loc":{"start":{"line":45,"column":2},"end":{"line":63,"column":3}},"type":"switch","locations":[{"start":{"line":46,"column":4},"end":{"line":48,"column":12}},{"start":{"line":49,"column":4},"end":{"line":51,"column":12}},{"start":{"line":52,"column":4},"end":{"line":54,"column":12}},{"start":{"line":55,"column":4},"end":{"line":57,"column":12}},{"start":{"line":58,"column":4},"end":{"line":60,"column":12}},{"start":{"line":61,"column":4},"end":{"line":62,"column":34}}],"line":45}},"s":{"0":17,"1":17,"2":11,"3":11,"4":17,"5":1,"6":1,"7":17,"8":0,"9":0,"10":17,"11":1,"12":17,"13":1,"14":17,"15":45,"16":17,"17":45,"18":45,"19":45,"20":45,"21":11,"22":11,"23":1,"24":1,"25":0,"26":0,"27":1,"28":1,"29":1,"30":1,"31":31,"32":45},"f":{"0":11,"1":1,"2":0,"3":1,"4":1,"5":45,"6":45},"b":{"0":[45,14],"1":[45,14],"2":[11,1,0,1,1,31]},"_coverageSchema":"1a1c01bbd47fc00a2c39e90264f33305004495a9","hash":"b0b9d5c7eddf194ee9891373b91b127b357e265c"}
,"C:\\Users\\hieu\\Desktop\\projectdemo\\BE\\src\\validate\\validate.js": {"path":"C:\\Users\\hieu\\Desktop\\projectdemo\\BE\\src\\validate\\validate.js","statementMap":{"0":{"start":{"line":1,"column":12},"end":{"line":1,"column":26}},"1":{"start":{"line":2,"column":14},"end":{"line":2,"column":53}},"2":{"start":{"line":3,"column":17},"end":{"line":3,"column":58}},"3":{"start":{"line":5,"column":29},"end":{"line":45,"column":2}},"4":{"start":{"line":12,"column":6},"end":{"line":26,"column":9}},"5":{"start":{"line":13,"column":8},"end":{"line":25,"column":9}},"6":{"start":{"line":15,"column":12},"end":{"line":15,"column":58}},"7":{"start":{"line":16,"column":12},"end":{"line":16,"column":18}},"8":{"start":{"line":18,"column":12},"end":{"line":18,"column":89}},"9":{"start":{"line":19,"column":12},"end":{"line":19,"column":18}},"10":{"start":{"line":21,"column":12},"end":{"line":21,"column":88}},"11":{"start":{"line":22,"column":12},"end":{"line":22,"column":18}},"12":{"start":{"line":24,"column":12},"end":{"line":24,"column":18}},"13":{"start":{"line":28,"column":6},"end":{"line":28,"column":20}},"14":{"start":{"line":47,"column":23},"end":{"line":50,"column":2}},"15":{"start":{"line":52,"column":20},"end":{"line":67,"column":2}},"16":{"start":{"line":59,"column":33},"end":{"line":59,"column":36}},"17":{"start":{"line":60,"column":2},"end":{"line":62,"column":3}},"18":{"start":{"line":61,"column":4},"end":{"line":61,"column":62}},"19":{"start":{"line":63,"column":2},"end":{"line":65,"column":3}},"20":{"start":{"line":64,"column":4},"end":{"line":64,"column":60}},"21":{"start":{"line":66,"column":2},"end":{"line":66,"column":13}},"22":{"start":{"line":69,"column":23},"end":{"line":84,"column":2}},"23":{"start":{"line":80,"column":34},"end":{"line":80,"column":37}},"24":{"start":{"line":81,"column":2},"end":{"line":83,"column":3}},"25":{"start":{"line":82,"column":4},"end":{"line":82,"column":60}},"26":{"start":{"line":86,"column":0},"end":{"line":99,"column":2}},"27":{"start":{"line":87,"column":2},"end":{"line":98,"column":3}},"28":{"start":{"line":88,"column":4},"end":{"line":94,"column":31}},"29":{"start":{"line":95,"column":4},"end":{"line":95,"column":11}},"30":{"start":{"line":97,"column":4},"end":{"line":97,"column":14}},"31":{"start":{"line":101,"column":0},"end":{"line":108,"column":2}},"32":{"start":{"line":102,"column":2},"end":{"line":107,"column":3}},"33":{"start":{"line":103,"column":4},"end":{"line":103,"column":55}},"34":{"start":{"line":104,"column":4},"end":{"line":104,"column":11}},"35":{"start":{"line":106,"column":4},"end":{"line":106,"column":14}},"36":{"start":{"line":110,"column":0},"end":{"line":117,"column":2}},"37":{"start":{"line":111,"column":2},"end":{"line":116,"column":3}},"38":{"start":{"line":112,"column":4},"end":{"line":112,"column":49}},"39":{"start":{"line":113,"column":4},"end":{"line":113,"column":11}},"40":{"start":{"line":115,"column":4},"end":{"line":115,"column":14}},"41":{"start":{"line":119,"column":0},"end":{"line":126,"column":2}},"42":{"start":{"line":120,"column":2},"end":{"line":125,"column":3}},"43":{"start":{"line":121,"column":4},"end":{"line":121,"column":49}},"44":{"start":{"line":122,"column":4},"end":{"line":122,"column":11}},"45":{"start":{"line":124,"column":4},"end":{"line":124,"column":14}},"46":{"start":{"line":128,"column":0},"end":{"line":135,"column":2}},"47":{"start":{"line":129,"column":2},"end":{"line":134,"column":3}},"48":{"start":{"line":130,"column":4},"end":{"line":130,"column":46}},"49":{"start":{"line":131,"column":4},"end":{"line":131,"column":11}},"50":{"start":{"line":133,"column":4},"end":{"line":133,"column":14}}},"fnMap":{"0":{"name":"(anonymous_0)","decl":{"start":{"line":11,"column":11},"end":{"line":11,"column":12}},"loc":{"start":{"line":11,"column":23},"end":{"line":29,"column":5}},"line":11},"1":{"name":"(anonymous_1)","decl":{"start":{"line":12,"column":21},"end":{"line":12,"column":22}},"loc":{"start":{"line":12,"column":30},"end":{"line":26,"column":7}},"line":12},"2":{"name":"(anonymous_2)","decl":{"start":{"line":58,"column":10},"end":{"line":58,"column":11}},"loc":{"start":{"line":58,"column":27},"end":{"line":67,"column":1}},"line":58},"3":{"name":"(anonymous_3)","decl":{"start":{"line":79,"column":10},"end":{"line":79,"column":11}},"loc":{"start":{"line":79,"column":27},"end":{"line":84,"column":1}},"line":79},"4":{"name":"(anonymous_4)","decl":{"start":{"line":86,"column":26},"end":{"line":86,"column":27}},"loc":{"start":{"line":86,"column":52},"end":{"line":99,"column":1}},"line":86},"5":{"name":"(anonymous_5)","decl":{"start":{"line":101,"column":25},"end":{"line":101,"column":26}},"loc":{"start":{"line":101,"column":51},"end":{"line":108,"column":1}},"line":101},"6":{"name":"(anonymous_6)","decl":{"start":{"line":110,"column":27},"end":{"line":110,"column":28}},"loc":{"start":{"line":110,"column":53},"end":{"line":117,"column":1}},"line":110},"7":{"name":"(anonymous_7)","decl":{"start":{"line":119,"column":27},"end":{"line":119,"column":28}},"loc":{"start":{"line":119,"column":53},"end":{"line":126,"column":1}},"line":119},"8":{"name":"(anonymous_8)","decl":{"start":{"line":128,"column":24},"end":{"line":128,"column":25}},"loc":{"start":{"line":128,"column":50},"end":{"line":135,"column":1}},"line":128}},"branchMap":{"0":{"loc":{"start":{"line":13,"column":8},"end":{"line":25,"column":9}},"type":"switch","locations":[{"start":{"line":14,"column":10},"end":{"line":16,"column":18}},{"start":{"line":17,"column":10},"end":{"line":19,"column":18}},{"start":{"line":20,"column":10},"end":{"line":22,"column":18}},{"start":{"line":23,"column":10},"end":{"line":24,"column":18}}],"line":13},"1":{"loc":{"start":{"line":60,"column":2},"end":{"line":62,"column":3}},"type":"if","locations":[{"start":{"line":60,"column":2},"end":{"line":62,"column":3}},{"start":{},"end":{}}],"line":60},"2":{"loc":{"start":{"line":63,"column":2},"end":{"line":65,"column":3}},"type":"if","locations":[{"start":{"line":63,"column":2},"end":{"line":65,"column":3}},{"start":{},"end":{}}],"line":63},"3":{"loc":{"start":{"line":81,"column":2},"end":{"line":83,"column":3}},"type":"if","locations":[{"start":{"line":81,"column":2},"end":{"line":83,"column":3}},{"start":{},"end":{}}],"line":81}},"s":{"0":17,"1":17,"2":17,"3":17,"4":1,"5":1,"6":0,"7":0,"8":0,"9":0,"10":0,"11":0,"12":1,"13":1,"14":17,"15":17,"16":7,"17":7,"18":2,"19":5,"20":2,"21":3,"22":17,"23":5,"24":5,"25":2,"26":17,"27":8,"28":8,"29":8,"30":0,"31":17,"32":5,"33":5,"34":3,"35":2,"36":17,"37":7,"38":7,"39":3,"40":4,"41":17,"42":4,"43":4,"44":2,"45":2,"46":17,"47":9,"48":9,"49":3,"50":6},"f":{"0":1,"1":1,"2":7,"3":5,"4":8,"5":5,"6":7,"7":4,"8":9},"b":{"0":[0,0,0,1],"1":[2,5],"2":[2,3],"3":[2,3]},"_coverageSchema":"1a1c01bbd47fc00a2c39e90264f33305004495a9","hash":"b3566e52e2706e0a5845749d8c03928a2971a0ae"}
}
