{"C:\\Users\\TrungHieu\\Desktop\\projectdemo\\BE\\app.js": {"path":"C:\\Users\\TrungHieu\\Desktop\\projectdemo\\BE\\app.js","statementMap":{"0":{"start":{"line":1,"column":0},"end":{"line":1,"column":27}},"1":{"start":{"line":2,"column":16},"end":{"line":2,"column":34}},"2":{"start":{"line":3,"column":13},"end":{"line":3,"column":33}},"3":{"start":{"line":4,"column":19},"end":{"line":4,"column":52}},"4":{"start":{"line":5,"column":20},"end":{"line":5,"column":54}},"5":{"start":{"line":6,"column":17},"end":{"line":6,"column":48}},"6":{"start":{"line":7,"column":17},"end":{"line":7,"column":61}},"7":{"start":{"line":8,"column":25},"end":{"line":8,"column":77}},"8":{"start":{"line":10,"column":12},"end":{"line":10,"column":21}},"9":{"start":{"line":13,"column":0},"end":{"line":13,"column":37}},"10":{"start":{"line":16,"column":0},"end":{"line":16,"column":41}},"11":{"start":{"line":17,"column":0},"end":{"line":17,"column":34}},"12":{"start":{"line":18,"column":0},"end":{"line":18,"column":48}},"13":{"start":{"line":21,"column":0},"end":{"line":21,"column":34}},"14":{"start":{"line":22,"column":0},"end":{"line":22,"column":37}},"15":{"start":{"line":25,"column":0},"end":{"line":27,"column":3}},"16":{"start":{"line":26,"column":2},"end":{"line":26,"column":67}},"17":{"start":{"line":29,"column":0},"end":{"line":29,"column":26}},"18":{"start":{"line":31,"column":0},"end":{"line":31,"column":21}}},"fnMap":{"0":{"name":"(anonymous_0)","decl":{"start":{"line":25,"column":13},"end":{"line":25,"column":14}},"loc":{"start":{"line":25,"column":33},"end":{"line":27,"column":1}},"line":25}},"branchMap":{},"s":{"0":17,"1":17,"2":17,"3":17,"4":17,"5":17,"6":17,"7":17,"8":17,"9":17,"10":17,"11":17,"12":17,"13":17,"14":17,"15":17,"16":0,"17":17,"18":17},"f":{"0":0},"b":{},"_coverageSchema":"1a1c01bbd47fc00a2c39e90264f33305004495a9","hash":"d1fa08bd901b5a489de601e7e895c14bf1da369b"}
,"C:\\Users\\TrungHieu\\Desktop\\projectdemo\\BE\\__test__\\helper\\helperTest.js": {"path":"C:\\Users\\TrungHieu\\Desktop\\projectdemo\\BE\\__test__\\helper\\helperTest.js","statementMap":{"0":{"start":{"line":1,"column":16},"end":{"line":1,"column":36}},"1":{"start":{"line":2,"column":12},"end":{"line":2,"column":32}},"2":{"start":{"line":3,"column":17},"end":{"line":3,"column":44}},"3":{"start":{"line":4,"column":21},"end":{"line":4,"column":44}},"4":{"start":{"line":6,"column":0},"end":{"line":13,"column":2}},"5":{"start":{"line":7,"column":2},"end":{"line":7,"column":30}},"6":{"start":{"line":8,"column":14},"end":{"line":8,"column":72}},"7":{"start":{"line":9,"column":2},"end":{"line":12,"column":4}},"8":{"start":{"line":15,"column":0},"end":{"line":22,"column":2}},"9":{"start":{"line":16,"column":17},"end":{"line":16,"column":51}},"10":{"start":{"line":17,"column":17},"end":{"line":17,"column":51}},"11":{"start":{"line":18,"column":2},"end":{"line":21,"column":4}}},"fnMap":{"0":{"name":"(anonymous_0)","decl":{"start":{"line":6,"column":24},"end":{"line":6,"column":25}},"loc":{"start":{"line":6,"column":36},"end":{"line":13,"column":1}},"line":6},"1":{"name":"(anonymous_1)","decl":{"start":{"line":15,"column":26},"end":{"line":15,"column":27}},"loc":{"start":{"line":15,"column":75},"end":{"line":22,"column":1}},"line":15}},"branchMap":{},"s":{"0":11,"1":11,"2":11,"3":11,"4":11,"5":6,"6":6,"7":6,"8":11,"9":12,"10":12,"11":12},"f":{"0":6,"1":12},"b":{},"_coverageSchema":"1a1c01bbd47fc00a2c39e90264f33305004495a9","hash":"29598b411397780700c615bdcff6a4ea43432844"}
,"C:\\Users\\TrungHieu\\Desktop\\projectdemo\\BE\\__test__\\helper\\mockObject.js": {"path":"C:\\Users\\TrungHieu\\Desktop\\projectdemo\\BE\\__test__\\helper\\mockObject.js","statementMap":{"0":{"start":{"line":1,"column":17},"end":{"line":6,"column":1}},"1":{"start":{"line":8,"column":19},"end":{"line":14,"column":1}},"2":{"start":{"line":15,"column":19},"end":{"line":21,"column":1}},"3":{"start":{"line":22,"column":19},"end":{"line":28,"column":1}},"4":{"start":{"line":29,"column":19},"end":{"line":35,"column":1}},"5":{"start":{"line":36,"column":22},"end":{"line":40,"column":1}},"6":{"start":{"line":42,"column":22},"end":{"line":46,"column":1}},"7":{"start":{"line":48,"column":0},"end":{"line":56,"column":2}}},"fnMap":{},"branchMap":{},"s":{"0":15,"1":15,"2":15,"3":15,"4":15,"5":15,"6":15,"7":15},"f":{},"b":{},"_coverageSchema":"1a1c01bbd47fc00a2c39e90264f33305004495a9","hash":"b3eb0be96ed7789862d0545ca9f3d184468a39c4"}
,"C:\\Users\\TrungHieu\\Desktop\\projectdemo\\BE\\src\\config\\config.js": {"path":"C:\\Users\\TrungHieu\\Desktop\\projectdemo\\BE\\src\\config\\config.js","statementMap":{"0":{"start":{"line":1,"column":0},"end":{"line":1,"column":27}},"1":{"start":{"line":3,"column":0},"end":{"line":27,"column":2}}},"fnMap":{},"branchMap":{},"s":{"0":17,"1":17},"f":{},"b":{},"_coverageSchema":"1a1c01bbd47fc00a2c39e90264f33305004495a9","hash":"c6cf01426250f3fee1e4d400187c3c4952c136fb"}
,"C:\\Users\\TrungHieu\\Desktop\\projectdemo\\BE\\src\\controller\\adminController.js": {"path":"C:\\Users\\TrungHieu\\Desktop\\projectdemo\\BE\\src\\controller\\adminController.js","statementMap":{"0":{"start":{"line":1,"column":18},"end":{"line":1,"column":38}},"1":{"start":{"line":10,"column":4},"end":{"line":10,"column":24}},"2":{"start":{"line":11,"column":17},"end":{"line":11,"column":58}},"3":{"start":{"line":12,"column":17},"end":{"line":12,"column":45}},"4":{"start":{"line":13,"column":19},"end":{"line":13,"column":62}},"5":{"start":{"line":15,"column":11},"end":{"line":15,"column":23}},"6":{"start":{"line":17,"column":20},"end":{"line":30,"column":2}},"7":{"start":{"line":19,"column":54},"end":{"line":19,"column":62}},"8":{"start":{"line":20,"column":19},"end":{"line":25,"column":4}},"9":{"start":{"line":26,"column":2},"end":{"line":29,"column":5}},"10":{"start":{"line":32,"column":31},"end":{"line":55,"column":2}},"11":{"start":{"line":33,"column":34},"end":{"line":33,"column":42}},"12":{"start":{"line":34,"column":24},"end":{"line":36,"column":4}},"13":{"start":{"line":37,"column":2},"end":{"line":39,"column":3}},"14":{"start":{"line":38,"column":4},"end":{"line":38,"column":77}},"15":{"start":{"line":40,"column":23},"end":{"line":40,"column":70}},"16":{"start":{"line":41,"column":26},"end":{"line":43,"column":4}},"17":{"start":{"line":44,"column":2},"end":{"line":46,"column":3}},"18":{"start":{"line":45,"column":4},"end":{"line":45,"column":71}},"19":{"start":{"line":48,"column":2},"end":{"line":48,"column":48}},"20":{"start":{"line":50,"column":2},"end":{"line":50,"column":55}},"21":{"start":{"line":51,"column":2},"end":{"line":54,"column":5}},"22":{"start":{"line":57,"column":20},"end":{"line":69,"column":2}},"23":{"start":{"line":58,"column":18},"end":{"line":58,"column":31}},"24":{"start":{"line":59,"column":23},"end":{"line":59,"column":70}},"25":{"start":{"line":60,"column":2},"end":{"line":62,"column":3}},"26":{"start":{"line":61,"column":4},"end":{"line":61,"column":66}},"27":{"start":{"line":63,"column":2},"end":{"line":63,"column":40}},"28":{"start":{"line":64,"column":2},"end":{"line":64,"column":22}},"29":{"start":{"line":65,"column":2},"end":{"line":68,"column":5}},"30":{"start":{"line":71,"column":20},"end":{"line":81,"column":2}},"31":{"start":{"line":72,"column":18},"end":{"line":72,"column":31}},"32":{"start":{"line":73,"column":23},"end":{"line":73,"column":70}},"33":{"start":{"line":74,"column":2},"end":{"line":76,"column":3}},"34":{"start":{"line":75,"column":4},"end":{"line":75,"column":66}},"35":{"start":{"line":77,"column":2},"end":{"line":77,"column":31}},"36":{"start":{"line":78,"column":2},"end":{"line":80,"column":5}},"37":{"start":{"line":83,"column":23},"end":{"line":94,"column":2}},"38":{"start":{"line":84,"column":45},"end":{"line":84,"column":53}},"39":{"start":{"line":85,"column":19},"end":{"line":89,"column":4}},"40":{"start":{"line":90,"column":2},"end":{"line":93,"column":5}},"41":{"start":{"line":96,"column":23},"end":{"line":117,"column":2}},"42":{"start":{"line":97,"column":21},"end":{"line":97,"column":34}},"43":{"start":{"line":98,"column":26},"end":{"line":100,"column":4}},"44":{"start":{"line":101,"column":2},"end":{"line":103,"column":3}},"45":{"start":{"line":102,"column":4},"end":{"line":102,"column":69}},"46":{"start":{"line":105,"column":2},"end":{"line":110,"column":3}},"47":{"start":{"line":109,"column":4},"end":{"line":109,"column":70}},"48":{"start":{"line":111,"column":2},"end":{"line":111,"column":43}},"49":{"start":{"line":112,"column":2},"end":{"line":112,"column":25}},"50":{"start":{"line":113,"column":2},"end":{"line":116,"column":5}},"51":{"start":{"line":119,"column":29},"end":{"line":143,"column":2}},"52":{"start":{"line":122,"column":2},"end":{"line":138,"column":3}},"53":{"start":{"line":123,"column":26},"end":{"line":123,"column":46}},"54":{"start":{"line":124,"column":21},"end":{"line":124,"column":49}},"55":{"start":{"line":125,"column":4},"end":{"line":127,"column":5}},"56":{"start":{"line":126,"column":6},"end":{"line":126,"column":33}},"57":{"start":{"line":129,"column":4},"end":{"line":135,"column":7}},"58":{"start":{"line":137,"column":4},"end":{"line":137,"column":38}},"59":{"start":{"line":139,"column":2},"end":{"line":142,"column":5}},"60":{"start":{"line":145,"column":24},"end":{"line":167,"column":2}},"61":{"start":{"line":146,"column":18},"end":{"line":146,"column":31}},"62":{"start":{"line":147,"column":15},"end":{"line":159,"column":4}},"63":{"start":{"line":160,"column":2},"end":{"line":162,"column":3}},"64":{"start":{"line":161,"column":4},"end":{"line":161,"column":58}},"65":{"start":{"line":163,"column":2},"end":{"line":166,"column":5}},"66":{"start":{"line":169,"column":32},"end":{"line":238,"column":1}},"67":{"start":{"line":170,"column":17},"end":{"line":170,"column":25}},"68":{"start":{"line":171,"column":17},"end":{"line":171,"column":25}},"69":{"start":{"line":172,"column":38},"end":{"line":172,"column":46}},"70":{"start":{"line":173,"column":2},"end":{"line":237,"column":5}},"71":{"start":{"line":174,"column":25},"end":{"line":180,"column":6}},"72":{"start":{"line":181,"column":4},"end":{"line":183,"column":5}},"73":{"start":{"line":182,"column":6},"end":{"line":182,"column":66}},"74":{"start":{"line":184,"column":25},"end":{"line":186,"column":6}},"75":{"start":{"line":187,"column":22},"end":{"line":187,"column":45}},"76":{"start":{"line":188,"column":23},"end":{"line":188,"column":46}},"77":{"start":{"line":189,"column":27},"end":{"line":189,"column":54}},"78":{"start":{"line":190,"column":4},"end":{"line":219,"column":5}},"79":{"start":{"line":191,"column":6},"end":{"line":196,"column":7}},"80":{"start":{"line":193,"column":8},"end":{"line":195,"column":10}},"81":{"start":{"line":197,"column":6},"end":{"line":203,"column":8}},"82":{"start":{"line":204,"column":6},"end":{"line":204,"column":73}},"83":{"start":{"line":205,"column":6},"end":{"line":212,"column":7}},"84":{"start":{"line":206,"column":8},"end":{"line":211,"column":10}},"85":{"start":{"line":213,"column":6},"end":{"line":213,"column":72}},"86":{"start":{"line":214,"column":6},"end":{"line":218,"column":8}},"87":{"start":{"line":220,"column":4},"end":{"line":233,"column":5}},"88":{"start":{"line":221,"column":6},"end":{"line":227,"column":8}},"89":{"start":{"line":228,"column":6},"end":{"line":232,"column":8}},"90":{"start":{"line":234,"column":4},"end":{"line":236,"column":7}},"91":{"start":{"line":240,"column":0},"end":{"line":250,"column":2}}},"fnMap":{"0":{"name":"(anonymous_0)","decl":{"start":{"line":17,"column":31},"end":{"line":17,"column":32}},"loc":{"start":{"line":17,"column":57},"end":{"line":30,"column":1}},"line":17},"1":{"name":"(anonymous_1)","decl":{"start":{"line":32,"column":42},"end":{"line":32,"column":43}},"loc":{"start":{"line":32,"column":68},"end":{"line":55,"column":1}},"line":32},"2":{"name":"(anonymous_2)","decl":{"start":{"line":57,"column":31},"end":{"line":57,"column":32}},"loc":{"start":{"line":57,"column":57},"end":{"line":69,"column":1}},"line":57},"3":{"name":"(anonymous_3)","decl":{"start":{"line":71,"column":31},"end":{"line":71,"column":32}},"loc":{"start":{"line":71,"column":57},"end":{"line":81,"column":1}},"line":71},"4":{"name":"(anonymous_4)","decl":{"start":{"line":83,"column":34},"end":{"line":83,"column":35}},"loc":{"start":{"line":83,"column":60},"end":{"line":94,"column":1}},"line":83},"5":{"name":"(anonymous_5)","decl":{"start":{"line":96,"column":34},"end":{"line":96,"column":35}},"loc":{"start":{"line":96,"column":60},"end":{"line":117,"column":1}},"line":96},"6":{"name":"(anonymous_6)","decl":{"start":{"line":119,"column":40},"end":{"line":119,"column":41}},"loc":{"start":{"line":119,"column":66},"end":{"line":143,"column":1}},"line":119},"7":{"name":"(anonymous_7)","decl":{"start":{"line":145,"column":35},"end":{"line":145,"column":36}},"loc":{"start":{"line":145,"column":61},"end":{"line":167,"column":1}},"line":145},"8":{"name":"(anonymous_8)","decl":{"start":{"line":169,"column":32},"end":{"line":169,"column":33}},"loc":{"start":{"line":169,"column":58},"end":{"line":238,"column":1}},"line":169},"9":{"name":"(anonymous_9)","decl":{"start":{"line":173,"column":30},"end":{"line":173,"column":31}},"loc":{"start":{"line":173,"column":43},"end":{"line":237,"column":3}},"line":173}},"branchMap":{"0":{"loc":{"start":{"line":37,"column":2},"end":{"line":39,"column":3}},"type":"if","locations":[{"start":{"line":37,"column":2},"end":{"line":39,"column":3}},{"start":{},"end":{}}],"line":37},"1":{"loc":{"start":{"line":44,"column":2},"end":{"line":46,"column":3}},"type":"if","locations":[{"start":{"line":44,"column":2},"end":{"line":46,"column":3}},{"start":{},"end":{}}],"line":44},"2":{"loc":{"start":{"line":44,"column":6},"end":{"line":44,"column":39}},"type":"binary-expr","locations":[{"start":{"line":44,"column":6},"end":{"line":44,"column":19}},{"start":{"line":44,"column":23},"end":{"line":44,"column":39}}],"line":44},"3":{"loc":{"start":{"line":60,"column":2},"end":{"line":62,"column":3}},"type":"if","locations":[{"start":{"line":60,"column":2},"end":{"line":62,"column":3}},{"start":{},"end":{}}],"line":60},"4":{"loc":{"start":{"line":74,"column":2},"end":{"line":76,"column":3}},"type":"if","locations":[{"start":{"line":74,"column":2},"end":{"line":76,"column":3}},{"start":{},"end":{}}],"line":74},"5":{"loc":{"start":{"line":101,"column":2},"end":{"line":103,"column":3}},"type":"if","locations":[{"start":{"line":101,"column":2},"end":{"line":103,"column":3}},{"start":{},"end":{}}],"line":101},"6":{"loc":{"start":{"line":105,"column":2},"end":{"line":110,"column":3}},"type":"if","locations":[{"start":{"line":105,"column":2},"end":{"line":110,"column":3}},{"start":{},"end":{}}],"line":105},"7":{"loc":{"start":{"line":106,"column":4},"end":{"line":107,"column":49}},"type":"binary-expr","locations":[{"start":{"line":106,"column":4},"end":{"line":106,"column":49}},{"start":{"line":107,"column":4},"end":{"line":107,"column":49}}],"line":106},"8":{"loc":{"start":{"line":122,"column":2},"end":{"line":138,"column":3}},"type":"if","locations":[{"start":{"line":122,"column":2},"end":{"line":138,"column":3}},{"start":{"line":136,"column":9},"end":{"line":138,"column":3}}],"line":122},"9":{"loc":{"start":{"line":125,"column":4},"end":{"line":127,"column":5}},"type":"if","locations":[{"start":{"line":125,"column":4},"end":{"line":127,"column":5}},{"start":{},"end":{}}],"line":125},"10":{"loc":{"start":{"line":160,"column":2},"end":{"line":162,"column":3}},"type":"if","locations":[{"start":{"line":160,"column":2},"end":{"line":162,"column":3}},{"start":{},"end":{}}],"line":160},"11":{"loc":{"start":{"line":181,"column":4},"end":{"line":183,"column":5}},"type":"if","locations":[{"start":{"line":181,"column":4},"end":{"line":183,"column":5}},{"start":{},"end":{}}],"line":181},"12":{"loc":{"start":{"line":190,"column":4},"end":{"line":219,"column":5}},"type":"if","locations":[{"start":{"line":190,"column":4},"end":{"line":219,"column":5}},{"start":{},"end":{}}],"line":190},"13":{"loc":{"start":{"line":191,"column":6},"end":{"line":196,"column":7}},"type":"if","locations":[{"start":{"line":191,"column":6},"end":{"line":196,"column":7}},{"start":{},"end":{}}],"line":191},"14":{"loc":{"start":{"line":205,"column":6},"end":{"line":212,"column":7}},"type":"if","locations":[{"start":{"line":205,"column":6},"end":{"line":212,"column":7}},{"start":{},"end":{}}],"line":205},"15":{"loc":{"start":{"line":220,"column":4},"end":{"line":233,"column":5}},"type":"if","locations":[{"start":{"line":220,"column":4},"end":{"line":233,"column":5}},{"start":{},"end":{}}],"line":220}},"s":{"0":17,"1":17,"2":17,"3":17,"4":17,"5":17,"6":17,"7":1,"8":1,"9":1,"10":17,"11":4,"12":4,"13":4,"14":1,"15":3,"16":3,"17":3,"18":2,"19":1,"20":1,"21":1,"22":17,"23":2,"24":2,"25":2,"26":1,"27":1,"28":1,"29":1,"30":17,"31":2,"32":2,"33":2,"34":1,"35":1,"36":1,"37":17,"38":1,"39":1,"40":1,"41":17,"42":2,"43":2,"44":2,"45":1,"46":1,"47":0,"48":1,"49":1,"50":1,"51":17,"52":4,"53":3,"54":3,"55":3,"56":0,"57":3,"58":1,"59":4,"60":17,"61":3,"62":3,"63":3,"64":1,"65":2,"66":17,"67":4,"68":4,"69":4,"70":4,"71":4,"72":4,"73":2,"74":2,"75":2,"76":2,"77":2,"78":2,"79":1,"80":0,"81":1,"82":1,"83":1,"84":0,"85":1,"86":1,"87":2,"88":1,"89":1,"90":2,"91":17},"f":{"0":1,"1":4,"2":2,"3":2,"4":1,"5":2,"6":4,"7":3,"8":4,"9":4},"b":{"0":[1,3],"1":[2,1],"2":[3,2],"3":[1,1],"4":[1,1],"5":[1,1],"6":[0,1],"7":[1,1],"8":[3,1],"9":[0,3],"10":[1,2],"11":[2,2],"12":[1,1],"13":[0,1],"14":[0,1],"15":[1,1]},"_coverageSchema":"1a1c01bbd47fc00a2c39e90264f33305004495a9","hash":"e648eb9fbc014813deb83c755240779e78e89716"}
,"C:\\Users\\TrungHieu\\Desktop\\projectdemo\\BE\\src\\controller\\classController.js": {"path":"C:\\Users\\TrungHieu\\Desktop\\projectdemo\\BE\\src\\controller\\classController.js","statementMap":{"0":{"start":{"line":1,"column":18},"end":{"line":1,"column":38}},"1":{"start":{"line":2,"column":35},"end":{"line":2,"column":55}},"2":{"start":{"line":3,"column":17},"end":{"line":3,"column":58}},"3":{"start":{"line":4,"column":17},"end":{"line":4,"column":45}},"4":{"start":{"line":5,"column":19},"end":{"line":5,"column":62}},"5":{"start":{"line":7,"column":11},"end":{"line":7,"column":23}},"6":{"start":{"line":10,"column":22},"end":{"line":37,"column":2}},"7":{"start":{"line":11,"column":22},"end":{"line":11,"column":30}},"8":{"start":{"line":12,"column":17},"end":{"line":12,"column":28}},"9":{"start":{"line":13,"column":23},"end":{"line":13,"column":70}},"10":{"start":{"line":14,"column":2},"end":{"line":21,"column":3}},"11":{"start":{"line":15,"column":4},"end":{"line":20,"column":6}},"12":{"start":{"line":22,"column":23},"end":{"line":22,"column":74}},"13":{"start":{"line":24,"column":2},"end":{"line":26,"column":3}},"14":{"start":{"line":25,"column":4},"end":{"line":25,"column":71}},"15":{"start":{"line":27,"column":2},"end":{"line":27,"column":42}},"16":{"start":{"line":28,"column":2},"end":{"line":32,"column":4}},"17":{"start":{"line":33,"column":2},"end":{"line":36,"column":5}},"18":{"start":{"line":39,"column":25},"end":{"line":54,"column":2}},"19":{"start":{"line":40,"column":18},"end":{"line":40,"column":31}},"20":{"start":{"line":41,"column":17},"end":{"line":41,"column":28}},"21":{"start":{"line":42,"column":22},"end":{"line":44,"column":4}},"22":{"start":{"line":45,"column":2},"end":{"line":47,"column":3}},"23":{"start":{"line":46,"column":4},"end":{"line":46,"column":79}},"24":{"start":{"line":48,"column":2},"end":{"line":48,"column":32}},"25":{"start":{"line":49,"column":2},"end":{"line":49,"column":21}},"26":{"start":{"line":50,"column":2},"end":{"line":53,"column":5}},"27":{"start":{"line":56,"column":20},"end":{"line":81,"column":2}},"28":{"start":{"line":58,"column":21},"end":{"line":58,"column":29}},"29":{"start":{"line":59,"column":2},"end":{"line":61,"column":3}},"30":{"start":{"line":60,"column":4},"end":{"line":60,"column":47}},"31":{"start":{"line":62,"column":20},"end":{"line":66,"column":3}},"32":{"start":{"line":67,"column":19},"end":{"line":75,"column":4}},"33":{"start":{"line":77,"column":2},"end":{"line":80,"column":5}},"34":{"start":{"line":83,"column":24},"end":{"line":107,"column":2}},"35":{"start":{"line":85,"column":24},"end":{"line":85,"column":55}},"36":{"start":{"line":86,"column":19},"end":{"line":86,"column":47}},"37":{"start":{"line":87,"column":2},"end":{"line":89,"column":3}},"38":{"start":{"line":88,"column":4},"end":{"line":88,"column":31}},"39":{"start":{"line":90,"column":17},"end":{"line":90,"column":28}},"40":{"start":{"line":91,"column":18},"end":{"line":101,"column":4}},"41":{"start":{"line":103,"column":2},"end":{"line":106,"column":5}},"42":{"start":{"line":109,"column":25},"end":{"line":132,"column":2}},"43":{"start":{"line":110,"column":18},"end":{"line":110,"column":33}},"44":{"start":{"line":111,"column":2},"end":{"line":113,"column":3}},"45":{"start":{"line":112,"column":4},"end":{"line":112,"column":62}},"46":{"start":{"line":114,"column":23},"end":{"line":124,"column":4}},"47":{"start":{"line":125,"column":2},"end":{"line":127,"column":3}},"48":{"start":{"line":126,"column":4},"end":{"line":126,"column":64}},"49":{"start":{"line":128,"column":2},"end":{"line":131,"column":5}},"50":{"start":{"line":134,"column":0},"end":{"line":140,"column":2}}},"fnMap":{"0":{"name":"(anonymous_0)","decl":{"start":{"line":10,"column":33},"end":{"line":10,"column":34}},"loc":{"start":{"line":10,"column":59},"end":{"line":37,"column":1}},"line":10},"1":{"name":"(anonymous_1)","decl":{"start":{"line":39,"column":36},"end":{"line":39,"column":37}},"loc":{"start":{"line":39,"column":62},"end":{"line":54,"column":1}},"line":39},"2":{"name":"(anonymous_2)","decl":{"start":{"line":56,"column":31},"end":{"line":56,"column":32}},"loc":{"start":{"line":56,"column":57},"end":{"line":81,"column":1}},"line":56},"3":{"name":"(anonymous_3)","decl":{"start":{"line":83,"column":35},"end":{"line":83,"column":36}},"loc":{"start":{"line":83,"column":61},"end":{"line":107,"column":1}},"line":83},"4":{"name":"(anonymous_4)","decl":{"start":{"line":109,"column":36},"end":{"line":109,"column":37}},"loc":{"start":{"line":109,"column":62},"end":{"line":132,"column":1}},"line":109}},"branchMap":{"0":{"loc":{"start":{"line":14,"column":2},"end":{"line":21,"column":3}},"type":"if","locations":[{"start":{"line":14,"column":2},"end":{"line":21,"column":3}},{"start":{},"end":{}}],"line":14},"1":{"loc":{"start":{"line":14,"column":6},"end":{"line":14,"column":53}},"type":"binary-expr","locations":[{"start":{"line":14,"column":6},"end":{"line":14,"column":19}},{"start":{"line":14,"column":23},"end":{"line":14,"column":53}}],"line":14},"2":{"loc":{"start":{"line":24,"column":2},"end":{"line":26,"column":3}},"type":"if","locations":[{"start":{"line":24,"column":2},"end":{"line":26,"column":3}},{"start":{},"end":{}}],"line":24},"3":{"loc":{"start":{"line":45,"column":2},"end":{"line":47,"column":3}},"type":"if","locations":[{"start":{"line":45,"column":2},"end":{"line":47,"column":3}},{"start":{},"end":{}}],"line":45},"4":{"loc":{"start":{"line":59,"column":2},"end":{"line":61,"column":3}},"type":"if","locations":[{"start":{"line":59,"column":2},"end":{"line":61,"column":3}},{"start":{},"end":{}}],"line":59},"5":{"loc":{"start":{"line":87,"column":2},"end":{"line":89,"column":3}},"type":"if","locations":[{"start":{"line":87,"column":2},"end":{"line":89,"column":3}},{"start":{},"end":{}}],"line":87},"6":{"loc":{"start":{"line":111,"column":2},"end":{"line":113,"column":3}},"type":"if","locations":[{"start":{"line":111,"column":2},"end":{"line":113,"column":3}},{"start":{},"end":{}}],"line":111},"7":{"loc":{"start":{"line":125,"column":2},"end":{"line":127,"column":3}},"type":"if","locations":[{"start":{"line":125,"column":2},"end":{"line":127,"column":3}},{"start":{},"end":{}}],"line":125}},"s":{"0":17,"1":17,"2":17,"3":17,"4":17,"5":17,"6":17,"7":8,"8":8,"9":8,"10":8,"11":1,"12":7,"13":7,"14":2,"15":5,"16":5,"17":5,"18":17,"19":2,"20":2,"21":2,"22":2,"23":1,"24":1,"25":1,"26":1,"27":17,"28":3,"29":3,"30":1,"31":3,"32":3,"33":3,"34":17,"35":1,"36":1,"37":1,"38":1,"39":1,"40":1,"41":1,"42":17,"43":3,"44":3,"45":1,"46":2,"47":2,"48":1,"49":1,"50":17},"f":{"0":8,"1":2,"2":3,"3":1,"4":3},"b":{"0":[1,7],"1":[8,8],"2":[2,5],"3":[1,1],"4":[1,2],"5":[1,0],"6":[1,2],"7":[1,1]},"_coverageSchema":"1a1c01bbd47fc00a2c39e90264f33305004495a9","hash":"53d3b4bf6276c557e296ae0e6aaf6aee4bde2e3e"}
,"C:\\Users\\TrungHieu\\Desktop\\projectdemo\\BE\\src\\controller\\userController.js": {"path":"C:\\Users\\TrungHieu\\Desktop\\projectdemo\\BE\\src\\controller\\userController.js","statementMap":{"0":{"start":{"line":1,"column":0},"end":{"line":1,"column":27}},"1":{"start":{"line":2,"column":15},"end":{"line":2,"column":34}},"2":{"start":{"line":3,"column":12},"end":{"line":3,"column":35}},"3":{"start":{"line":4,"column":17},"end":{"line":4,"column":37}},"4":{"start":{"line":5,"column":17},"end":{"line":5,"column":58}},"5":{"start":{"line":6,"column":17},"end":{"line":6,"column":45}},"6":{"start":{"line":7,"column":19},"end":{"line":7,"column":50}},"7":{"start":{"line":8,"column":19},"end":{"line":8,"column":62}},"8":{"start":{"line":10,"column":21},"end":{"line":10,"column":53}},"9":{"start":{"line":11,"column":15},"end":{"line":11,"column":46}},"10":{"start":{"line":15,"column":17},"end":{"line":35,"column":2}},"11":{"start":{"line":16,"column":15},"end":{"line":19,"column":4}},"12":{"start":{"line":20,"column":25},"end":{"line":20,"column":33}},"13":{"start":{"line":21,"column":2},"end":{"line":27,"column":3}},"14":{"start":{"line":22,"column":16},"end":{"line":25,"column":6}},"15":{"start":{"line":26,"column":4},"end":{"line":26,"column":36}},"16":{"start":{"line":28,"column":2},"end":{"line":28,"column":32}},"17":{"start":{"line":28,"column":13},"end":{"line":28,"column":32}},"18":{"start":{"line":29,"column":2},"end":{"line":29,"column":26}},"19":{"start":{"line":29,"column":11},"end":{"line":29,"column":26}},"20":{"start":{"line":30,"column":2},"end":{"line":33,"column":5}},"21":{"start":{"line":34,"column":2},"end":{"line":34,"column":14}},"22":{"start":{"line":37,"column":23},"end":{"line":52,"column":2}},"23":{"start":{"line":38,"column":29},"end":{"line":38,"column":37}},"24":{"start":{"line":39,"column":15},"end":{"line":41,"column":4}},"25":{"start":{"line":42,"column":19},"end":{"line":42,"column":72}},"26":{"start":{"line":43,"column":2},"end":{"line":45,"column":3}},"27":{"start":{"line":44,"column":4},"end":{"line":44,"column":73}},"28":{"start":{"line":46,"column":18},"end":{"line":46,"column":46}},"29":{"start":{"line":47,"column":2},"end":{"line":47,"column":26}},"30":{"start":{"line":48,"column":2},"end":{"line":48,"column":14}},"31":{"start":{"line":49,"column":2},"end":{"line":51,"column":5}},"32":{"start":{"line":54,"column":15},"end":{"line":74,"column":2}},"33":{"start":{"line":55,"column":40},"end":{"line":55,"column":48}},"34":{"start":{"line":56,"column":2},"end":{"line":60,"column":5}},"35":{"start":{"line":62,"column":16},"end":{"line":62,"column":53}},"36":{"start":{"line":63,"column":2},"end":{"line":69,"column":4}},"37":{"start":{"line":70,"column":2},"end":{"line":73,"column":5}},"38":{"start":{"line":76,"column":14},"end":{"line":118,"column":2}},"39":{"start":{"line":77,"column":57},"end":{"line":77,"column":65}},"40":{"start":{"line":78,"column":2},"end":{"line":80,"column":3}},"41":{"start":{"line":79,"column":4},"end":{"line":79,"column":73}},"42":{"start":{"line":82,"column":15},"end":{"line":82,"column":67}},"43":{"start":{"line":83,"column":2},"end":{"line":85,"column":3}},"44":{"start":{"line":84,"column":4},"end":{"line":84,"column":61}},"45":{"start":{"line":87,"column":4},"end":{"line":87,"column":8}},"46":{"start":{"line":88,"column":2},"end":{"line":95,"column":3}},"47":{"start":{"line":89,"column":4},"end":{"line":94,"column":6}},"48":{"start":{"line":96,"column":20},"end":{"line":96,"column":75}},"49":{"start":{"line":97,"column":2},"end":{"line":101,"column":3}},"50":{"start":{"line":98,"column":4},"end":{"line":98,"column":39}},"51":{"start":{"line":99,"column":4},"end":{"line":99,"column":16}},"52":{"start":{"line":100,"column":4},"end":{"line":100,"column":64}},"53":{"start":{"line":103,"column":16},"end":{"line":103,"column":76}},"54":{"start":{"line":104,"column":2},"end":{"line":104,"column":22}},"55":{"start":{"line":105,"column":2},"end":{"line":105,"column":14}},"56":{"start":{"line":106,"column":2},"end":{"line":117,"column":5}},"57":{"start":{"line":120,"column":24},"end":{"line":137,"column":2}},"58":{"start":{"line":121,"column":16},"end":{"line":121,"column":32}},"59":{"start":{"line":122,"column":18},"end":{"line":122,"column":65}},"60":{"start":{"line":123,"column":15},"end":{"line":128,"column":4}},"61":{"start":{"line":129,"column":2},"end":{"line":131,"column":3}},"62":{"start":{"line":130,"column":4},"end":{"line":130,"column":63}},"63":{"start":{"line":132,"column":2},"end":{"line":132,"column":23}},"64":{"start":{"line":133,"column":2},"end":{"line":133,"column":14}},"65":{"start":{"line":134,"column":2},"end":{"line":136,"column":5}},"66":{"start":{"line":139,"column":0},"end":{"line":146,"column":2}}},"fnMap":{"0":{"name":"(anonymous_0)","decl":{"start":{"line":15,"column":28},"end":{"line":15,"column":29}},"loc":{"start":{"line":15,"column":54},"end":{"line":35,"column":1}},"line":15},"1":{"name":"(anonymous_1)","decl":{"start":{"line":37,"column":34},"end":{"line":37,"column":35}},"loc":{"start":{"line":37,"column":60},"end":{"line":52,"column":1}},"line":37},"2":{"name":"(anonymous_2)","decl":{"start":{"line":54,"column":26},"end":{"line":54,"column":27}},"loc":{"start":{"line":54,"column":52},"end":{"line":74,"column":1}},"line":54},"3":{"name":"(anonymous_3)","decl":{"start":{"line":76,"column":25},"end":{"line":76,"column":26}},"loc":{"start":{"line":76,"column":51},"end":{"line":118,"column":1}},"line":76},"4":{"name":"(anonymous_4)","decl":{"start":{"line":120,"column":35},"end":{"line":120,"column":36}},"loc":{"start":{"line":120,"column":61},"end":{"line":137,"column":1}},"line":120}},"branchMap":{"0":{"loc":{"start":{"line":21,"column":2},"end":{"line":27,"column":3}},"type":"if","locations":[{"start":{"line":21,"column":2},"end":{"line":27,"column":3}},{"start":{},"end":{}}],"line":21},"1":{"loc":{"start":{"line":24,"column":14},"end":{"line":24,"column":40}},"type":"cond-expr","locations":[{"start":{"line":24,"column":23},"end":{"line":24,"column":32}},{"start":{"line":24,"column":35},"end":{"line":24,"column":40}}],"line":24},"2":{"loc":{"start":{"line":28,"column":2},"end":{"line":28,"column":32}},"type":"if","locations":[{"start":{"line":28,"column":2},"end":{"line":28,"column":32}},{"start":{},"end":{}}],"line":28},"3":{"loc":{"start":{"line":29,"column":2},"end":{"line":29,"column":26}},"type":"if","locations":[{"start":{"line":29,"column":2},"end":{"line":29,"column":26}},{"start":{},"end":{}}],"line":29},"4":{"loc":{"start":{"line":43,"column":2},"end":{"line":45,"column":3}},"type":"if","locations":[{"start":{"line":43,"column":2},"end":{"line":45,"column":3}},{"start":{},"end":{}}],"line":43},"5":{"loc":{"start":{"line":78,"column":2},"end":{"line":80,"column":3}},"type":"if","locations":[{"start":{"line":78,"column":2},"end":{"line":80,"column":3}},{"start":{},"end":{}}],"line":78},"6":{"loc":{"start":{"line":78,"column":6},"end":{"line":78,"column":35}},"type":"binary-expr","locations":[{"start":{"line":78,"column":6},"end":{"line":78,"column":17}},{"start":{"line":78,"column":21},"end":{"line":78,"column":35}}],"line":78},"7":{"loc":{"start":{"line":83,"column":2},"end":{"line":85,"column":3}},"type":"if","locations":[{"start":{"line":83,"column":2},"end":{"line":85,"column":3}},{"start":{},"end":{}}],"line":83},"8":{"loc":{"start":{"line":88,"column":2},"end":{"line":95,"column":3}},"type":"if","locations":[{"start":{"line":88,"column":2},"end":{"line":95,"column":3}},{"start":{},"end":{}}],"line":88},"9":{"loc":{"start":{"line":88,"column":6},"end":{"line":88,"column":34}},"type":"binary-expr","locations":[{"start":{"line":88,"column":6},"end":{"line":88,"column":21}},{"start":{"line":88,"column":25},"end":{"line":88,"column":34}}],"line":88},"10":{"loc":{"start":{"line":97,"column":2},"end":{"line":101,"column":3}},"type":"if","locations":[{"start":{"line":97,"column":2},"end":{"line":101,"column":3}},{"start":{},"end":{}}],"line":97},"11":{"loc":{"start":{"line":129,"column":2},"end":{"line":131,"column":3}},"type":"if","locations":[{"start":{"line":129,"column":2},"end":{"line":131,"column":3}},{"start":{},"end":{}}],"line":129}},"s":{"0":17,"1":17,"2":17,"3":17,"4":17,"5":17,"6":17,"7":17,"8":17,"9":17,"10":17,"11":2,"12":2,"13":2,"14":1,"15":1,"16":2,"17":1,"18":2,"19":1,"20":2,"21":2,"22":17,"23":2,"24":2,"25":2,"26":2,"27":1,"28":1,"29":1,"30":1,"31":1,"32":17,"33":3,"34":3,"35":2,"36":2,"37":2,"38":17,"39":29,"40":29,"41":2,"42":27,"43":27,"44":1,"45":26,"46":26,"47":1,"48":25,"49":25,"50":4,"51":4,"52":4,"53":21,"54":21,"55":21,"56":21,"57":17,"58":3,"59":3,"60":2,"61":2,"62":1,"63":1,"64":1,"65":1,"66":17},"f":{"0":2,"1":2,"2":3,"3":29,"4":3},"b":{"0":[1,1],"1":[1,0],"2":[1,1],"3":[1,1],"4":[1,1],"5":[2,27],"6":[29,28],"7":[1,26],"8":[1,25],"9":[26,25],"10":[4,21],"11":[1,1]},"_coverageSchema":"1a1c01bbd47fc00a2c39e90264f33305004495a9","hash":"bc5c2297e98c0a90fce3476f5dd85a952de9a9a0"}
,"C:\\Users\\TrungHieu\\Desktop\\projectdemo\\BE\\src\\middleware\\auth.js": {"path":"C:\\Users\\TrungHieu\\Desktop\\projectdemo\\BE\\src\\middleware\\auth.js","statementMap":{"0":{"start":{"line":1,"column":12},"end":{"line":1,"column":35}},"1":{"start":{"line":2,"column":18},"end":{"line":2,"column":47}},"2":{"start":{"line":3,"column":17},"end":{"line":3,"column":37}},"3":{"start":{"line":4,"column":17},"end":{"line":4,"column":58}},"4":{"start":{"line":5,"column":19},"end":{"line":5,"column":62}},"5":{"start":{"line":7,"column":0},"end":{"line":26,"column":3}},"6":{"start":{"line":9,"column":4},"end":{"line":10,"column":43}},"7":{"start":{"line":12,"column":2},"end":{"line":14,"column":3}},"8":{"start":{"line":13,"column":4},"end":{"line":13,"column":60}},"9":{"start":{"line":15,"column":18},"end":{"line":15,"column":65}},"10":{"start":{"line":16,"column":15},"end":{"line":19,"column":4}},"11":{"start":{"line":20,"column":2},"end":{"line":22,"column":3}},"12":{"start":{"line":21,"column":4},"end":{"line":21,"column":63}},"13":{"start":{"line":24,"column":2},"end":{"line":24,"column":18}},"14":{"start":{"line":25,"column":2},"end":{"line":25,"column":9}},"15":{"start":{"line":28,"column":0},"end":{"line":34,"column":3}},"16":{"start":{"line":36,"column":0},"end":{"line":47,"column":2}},"17":{"start":{"line":37,"column":2},"end":{"line":38,"column":18}},"18":{"start":{"line":37,"column":24},"end":{"line":37,"column":35}},"19":{"start":{"line":38,"column":7},"end":{"line":38,"column":18}},"20":{"start":{"line":39,"column":2},"end":{"line":46,"column":4}},"21":{"start":{"line":40,"column":4},"end":{"line":44,"column":5}},"22":{"start":{"line":41,"column":6},"end":{"line":43,"column":8}},"23":{"start":{"line":45,"column":4},"end":{"line":45,"column":11}}},"fnMap":{"0":{"name":"(anonymous_0)","decl":{"start":{"line":7,"column":38},"end":{"line":7,"column":39}},"loc":{"start":{"line":7,"column":64},"end":{"line":26,"column":1}},"line":7},"1":{"name":"(anonymous_1)","decl":{"start":{"line":36,"column":20},"end":{"line":36,"column":21}},"loc":{"start":{"line":36,"column":30},"end":{"line":47,"column":1}},"line":36},"2":{"name":"(anonymous_2)","decl":{"start":{"line":39,"column":9},"end":{"line":39,"column":10}},"loc":{"start":{"line":39,"column":29},"end":{"line":46,"column":3}},"line":39}},"branchMap":{"0":{"loc":{"start":{"line":9,"column":4},"end":{"line":10,"column":43}},"type":"binary-expr","locations":[{"start":{"line":9,"column":4},"end":{"line":9,"column":51}},{"start":{"line":10,"column":4},"end":{"line":10,"column":43}}],"line":9},"1":{"loc":{"start":{"line":12,"column":2},"end":{"line":14,"column":3}},"type":"if","locations":[{"start":{"line":12,"column":2},"end":{"line":14,"column":3}},{"start":{},"end":{}}],"line":12},"2":{"loc":{"start":{"line":12,"column":6},"end":{"line":12,"column":32}},"type":"binary-expr","locations":[{"start":{"line":12,"column":6},"end":{"line":12,"column":12}},{"start":{"line":12,"column":16},"end":{"line":12,"column":32}}],"line":12},"3":{"loc":{"start":{"line":20,"column":2},"end":{"line":22,"column":3}},"type":"if","locations":[{"start":{"line":20,"column":2},"end":{"line":22,"column":3}},{"start":{},"end":{}}],"line":20},"4":{"loc":{"start":{"line":30,"column":7},"end":{"line":30,"column":48}},"type":"cond-expr","locations":[{"start":{"line":30,"column":41},"end":{"line":30,"column":44}},{"start":{"line":30,"column":47},"end":{"line":30,"column":48}}],"line":30},"5":{"loc":{"start":{"line":37,"column":2},"end":{"line":38,"column":18}},"type":"if","locations":[{"start":{"line":37,"column":2},"end":{"line":38,"column":18}},{"start":{"line":38,"column":7},"end":{"line":38,"column":18}}],"line":37},"6":{"loc":{"start":{"line":40,"column":4},"end":{"line":44,"column":5}},"type":"if","locations":[{"start":{"line":40,"column":4},"end":{"line":44,"column":5}},{"start":{},"end":{}}],"line":40}},"s":{"0":17,"1":17,"2":17,"3":17,"4":17,"5":17,"6":57,"7":57,"8":1,"9":56,"10":55,"11":55,"12":0,"13":55,"14":55,"15":17,"16":17,"17":153,"18":153,"19":0,"20":153,"21":34,"22":1,"23":33},"f":{"0":57,"1":153,"2":34},"b":{"0":[57,57],"1":[1,56],"2":[57,56],"3":[0,55],"4":[17,0],"5":[153,0],"6":[1,33]},"_coverageSchema":"1a1c01bbd47fc00a2c39e90264f33305004495a9","hash":"ca77bd6a2b8de276595d53385762264bc3562cb1"}
,"C:\\Users\\TrungHieu\\Desktop\\projectdemo\\BE\\src\\models\\calendar.js": {"path":"C:\\Users\\TrungHieu\\Desktop\\projectdemo\\BE\\src\\models\\calendar.js","statementMap":{"0":{"start":{"line":1,"column":18},"end":{"line":1,"column":38}},"1":{"start":{"line":3,"column":0},"end":{"line":55,"column":2}},"2":{"start":{"line":12,"column":6},"end":{"line":16,"column":9}},"3":{"start":{"line":19,"column":2},"end":{"line":53,"column":4}},"4":{"start":{"line":54,"column":2},"end":{"line":54,"column":18}}},"fnMap":{"0":{"name":"(anonymous_0)","decl":{"start":{"line":3,"column":17},"end":{"line":3,"column":18}},"loc":{"start":{"line":3,"column":43},"end":{"line":55,"column":1}},"line":3},"1":{"name":"(anonymous_1)","decl":{"start":{"line":10,"column":4},"end":{"line":10,"column":5}},"loc":{"start":{"line":10,"column":29},"end":{"line":17,"column":5}},"line":10}},"branchMap":{},"s":{"0":17,"1":17,"2":17,"3":17,"4":17},"f":{"0":17,"1":17},"b":{},"_coverageSchema":"1a1c01bbd47fc00a2c39e90264f33305004495a9","hash":"0267003c4aaafc055fe8b284ffe47f2c16fb8e91"}
,"C:\\Users\\TrungHieu\\Desktop\\projectdemo\\BE\\src\\models\\class.js": {"path":"C:\\Users\\TrungHieu\\Desktop\\projectdemo\\BE\\src\\models\\class.js","statementMap":{"0":{"start":{"line":1,"column":15},"end":{"line":1,"column":32}},"1":{"start":{"line":3,"column":18},"end":{"line":3,"column":38}},"2":{"start":{"line":6,"column":0},"end":{"line":81,"column":2}},"3":{"start":{"line":14,"column":6},"end":{"line":18,"column":9}},"4":{"start":{"line":19,"column":6},"end":{"line":23,"column":9}},"5":{"start":{"line":26,"column":2},"end":{"line":79,"column":4}},"6":{"start":{"line":63,"column":10},"end":{"line":63,"column":77}},"7":{"start":{"line":70,"column":10},"end":{"line":70,"column":75}},"8":{"start":{"line":80,"column":2},"end":{"line":80,"column":15}}},"fnMap":{"0":{"name":"(anonymous_0)","decl":{"start":{"line":6,"column":17},"end":{"line":6,"column":18}},"loc":{"start":{"line":6,"column":43},"end":{"line":81,"column":1}},"line":6},"1":{"name":"(anonymous_1)","decl":{"start":{"line":13,"column":4},"end":{"line":13,"column":5}},"loc":{"start":{"line":13,"column":29},"end":{"line":24,"column":5}},"line":13},"2":{"name":"(anonymous_2)","decl":{"start":{"line":62,"column":8},"end":{"line":62,"column":9}},"loc":{"start":{"line":62,"column":14},"end":{"line":64,"column":9}},"line":62},"3":{"name":"(anonymous_3)","decl":{"start":{"line":69,"column":8},"end":{"line":69,"column":9}},"loc":{"start":{"line":69,"column":14},"end":{"line":71,"column":9}},"line":69}},"branchMap":{},"s":{"0":17,"1":17,"2":17,"3":17,"4":17,"5":17,"6":6,"7":6,"8":17},"f":{"0":17,"1":17,"2":6,"3":6},"b":{},"_coverageSchema":"1a1c01bbd47fc00a2c39e90264f33305004495a9","hash":"7060868ed3d513ce760da114f7a0a54a92777c1e"}
,"C:\\Users\\TrungHieu\\Desktop\\projectdemo\\BE\\src\\models\\class_calendar.js": {"path":"C:\\Users\\TrungHieu\\Desktop\\projectdemo\\BE\\src\\models\\class_calendar.js","statementMap":{"0":{"start":{"line":1,"column":18},"end":{"line":1,"column":38}},"1":{"start":{"line":3,"column":0},"end":{"line":42,"column":2}},"2":{"start":{"line":12,"column":6},"end":{"line":12,"column":62}},"3":{"start":{"line":13,"column":6},"end":{"line":13,"column":68}},"4":{"start":{"line":16,"column":2},"end":{"line":40,"column":4}},"5":{"start":{"line":41,"column":2},"end":{"line":41,"column":24}}},"fnMap":{"0":{"name":"(anonymous_0)","decl":{"start":{"line":3,"column":17},"end":{"line":3,"column":18}},"loc":{"start":{"line":3,"column":43},"end":{"line":42,"column":1}},"line":3},"1":{"name":"(anonymous_1)","decl":{"start":{"line":10,"column":4},"end":{"line":10,"column":5}},"loc":{"start":{"line":10,"column":29},"end":{"line":14,"column":5}},"line":10}},"branchMap":{},"s":{"0":17,"1":17,"2":17,"3":17,"4":17,"5":17},"f":{"0":17,"1":17},"b":{},"_coverageSchema":"1a1c01bbd47fc00a2c39e90264f33305004495a9","hash":"c6cc728b5b17e8826461bfd302ead1dfbf4c1d9c"}
,"C:\\Users\\TrungHieu\\Desktop\\projectdemo\\BE\\src\\models\\class_users.js": {"path":"C:\\Users\\TrungHieu\\Desktop\\projectdemo\\BE\\src\\models\\class_users.js","statementMap":{"0":{"start":{"line":1,"column":18},"end":{"line":1,"column":38}},"1":{"start":{"line":3,"column":0},"end":{"line":47,"column":2}},"2":{"start":{"line":11,"column":6},"end":{"line":11,"column":62}},"3":{"start":{"line":12,"column":6},"end":{"line":12,"column":60}},"4":{"start":{"line":15,"column":2},"end":{"line":45,"column":4}},"5":{"start":{"line":46,"column":2},"end":{"line":46,"column":21}}},"fnMap":{"0":{"name":"(anonymous_0)","decl":{"start":{"line":3,"column":17},"end":{"line":3,"column":18}},"loc":{"start":{"line":3,"column":43},"end":{"line":47,"column":1}},"line":3},"1":{"name":"(anonymous_1)","decl":{"start":{"line":10,"column":4},"end":{"line":10,"column":5}},"loc":{"start":{"line":10,"column":29},"end":{"line":13,"column":5}},"line":10}},"branchMap":{},"s":{"0":17,"1":17,"2":17,"3":17,"4":17,"5":17},"f":{"0":17,"1":17},"b":{},"_coverageSchema":"1a1c01bbd47fc00a2c39e90264f33305004495a9","hash":"b1f33a8733ce220ccbd857e1dd80243784991046"}
,"C:\\Users\\TrungHieu\\Desktop\\projectdemo\\BE\\src\\models\\index.js": {"path":"C:\\Users\\TrungHieu\\Desktop\\projectdemo\\BE\\src\\models\\index.js","statementMap":{"0":{"start":{"line":1,"column":11},"end":{"line":1,"column":24}},"1":{"start":{"line":2,"column":13},"end":{"line":2,"column":28}},"2":{"start":{"line":3,"column":18},"end":{"line":3,"column":38}},"3":{"start":{"line":5,"column":17},"end":{"line":5,"column":42}},"4":{"start":{"line":6,"column":12},"end":{"line":6,"column":49}},"5":{"start":{"line":7,"column":15},"end":{"line":7,"column":63}},"6":{"start":{"line":8,"column":11},"end":{"line":8,"column":13}},"7":{"start":{"line":11,"column":0},"end":{"line":20,"column":1}},"8":{"start":{"line":12,"column":2},"end":{"line":12,"column":74}},"9":{"start":{"line":14,"column":2},"end":{"line":19,"column":4}},"10":{"start":{"line":22,"column":0},"end":{"line":34,"column":5}},"11":{"start":{"line":24,"column":4},"end":{"line":26,"column":6}},"12":{"start":{"line":29,"column":18},"end":{"line":32,"column":5}},"13":{"start":{"line":33,"column":4},"end":{"line":33,"column":27}},"14":{"start":{"line":36,"column":0},"end":{"line":40,"column":3}},"15":{"start":{"line":37,"column":2},"end":{"line":39,"column":3}},"16":{"start":{"line":38,"column":4},"end":{"line":38,"column":32}},"17":{"start":{"line":42,"column":0},"end":{"line":42,"column":25}},"18":{"start":{"line":43,"column":0},"end":{"line":43,"column":25}},"19":{"start":{"line":45,"column":0},"end":{"line":45,"column":20}}},"fnMap":{"0":{"name":"(anonymous_0)","decl":{"start":{"line":23,"column":10},"end":{"line":23,"column":11}},"loc":{"start":{"line":23,"column":20},"end":{"line":27,"column":3}},"line":23},"1":{"name":"(anonymous_1)","decl":{"start":{"line":28,"column":11},"end":{"line":28,"column":12}},"loc":{"start":{"line":28,"column":21},"end":{"line":34,"column":3}},"line":28},"2":{"name":"(anonymous_2)","decl":{"start":{"line":36,"column":24},"end":{"line":36,"column":25}},"loc":{"start":{"line":36,"column":39},"end":{"line":40,"column":1}},"line":36}},"branchMap":{"0":{"loc":{"start":{"line":6,"column":12},"end":{"line":6,"column":49}},"type":"binary-expr","locations":[{"start":{"line":6,"column":12},"end":{"line":6,"column":32}},{"start":{"line":6,"column":36},"end":{"line":6,"column":49}}],"line":6},"1":{"loc":{"start":{"line":11,"column":0},"end":{"line":20,"column":1}},"type":"if","locations":[{"start":{"line":11,"column":0},"end":{"line":20,"column":1}},{"start":{"line":13,"column":7},"end":{"line":20,"column":1}}],"line":11},"2":{"loc":{"start":{"line":25,"column":6},"end":{"line":25,"column":78}},"type":"binary-expr","locations":[{"start":{"line":25,"column":6},"end":{"line":25,"column":29}},{"start":{"line":25,"column":33},"end":{"line":25,"column":50}},{"start":{"line":25,"column":54},"end":{"line":25,"column":78}}],"line":25},"3":{"loc":{"start":{"line":37,"column":2},"end":{"line":39,"column":3}},"type":"if","locations":[{"start":{"line":37,"column":2},"end":{"line":39,"column":3}},{"start":{},"end":{}}],"line":37}},"s":{"0":17,"1":17,"2":17,"3":17,"4":17,"5":17,"6":17,"7":17,"8":0,"9":17,"10":17,"11":119,"12":102,"13":102,"14":17,"15":102,"16":102,"17":17,"18":17,"19":17},"f":{"0":119,"1":102,"2":102},"b":{"0":[17,0],"1":[0,17],"2":[119,119,102],"3":[102,0]},"_coverageSchema":"1a1c01bbd47fc00a2c39e90264f33305004495a9","hash":"85eb2a53133a02f5214aaae0f93b30df48cad762"}
,"C:\\Users\\TrungHieu\\Desktop\\projectdemo\\BE\\src\\models\\regis.js": {"path":"C:\\Users\\TrungHieu\\Desktop\\projectdemo\\BE\\src\\models\\regis.js","statementMap":{"0":{"start":{"line":1,"column":18},"end":{"line":1,"column":38}},"1":{"start":{"line":3,"column":0},"end":{"line":53,"column":2}},"2":{"start":{"line":12,"column":6},"end":{"line":12,"column":62}},"3":{"start":{"line":13,"column":6},"end":{"line":13,"column":60}},"4":{"start":{"line":16,"column":2},"end":{"line":51,"column":4}},"5":{"start":{"line":52,"column":2},"end":{"line":52,"column":15}}},"fnMap":{"0":{"name":"(anonymous_0)","decl":{"start":{"line":3,"column":17},"end":{"line":3,"column":18}},"loc":{"start":{"line":3,"column":43},"end":{"line":53,"column":1}},"line":3},"1":{"name":"(anonymous_1)","decl":{"start":{"line":10,"column":4},"end":{"line":10,"column":5}},"loc":{"start":{"line":10,"column":29},"end":{"line":14,"column":5}},"line":10}},"branchMap":{},"s":{"0":17,"1":17,"2":17,"3":17,"4":17,"5":17},"f":{"0":17,"1":17},"b":{},"_coverageSchema":"1a1c01bbd47fc00a2c39e90264f33305004495a9","hash":"547e568f634989d38a528d7d17c83c81ea022b65"}
,"C:\\Users\\TrungHieu\\Desktop\\projectdemo\\BE\\src\\models\\user.js": {"path":"C:\\Users\\TrungHieu\\Desktop\\projectdemo\\BE\\src\\models\\user.js","statementMap":{"0":{"start":{"line":1,"column":15},"end":{"line":1,"column":34}},"1":{"start":{"line":2,"column":18},"end":{"line":2,"column":38}},"2":{"start":{"line":4,"column":0},"end":{"line":87,"column":2}},"3":{"start":{"line":12,"column":6},"end":{"line":16,"column":9}},"4":{"start":{"line":19,"column":2},"end":{"line":85,"column":4}},"5":{"start":{"line":78,"column":10},"end":{"line":81,"column":19}},"6":{"start":{"line":86,"column":2},"end":{"line":86,"column":14}}},"fnMap":{"0":{"name":"(anonymous_0)","decl":{"start":{"line":4,"column":17},"end":{"line":4,"column":18}},"loc":{"start":{"line":4,"column":43},"end":{"line":87,"column":1}},"line":4},"1":{"name":"(anonymous_1)","decl":{"start":{"line":11,"column":4},"end":{"line":11,"column":5}},"loc":{"start":{"line":11,"column":29},"end":{"line":17,"column":5}},"line":11},"2":{"name":"(anonymous_2)","decl":{"start":{"line":77,"column":22},"end":{"line":77,"column":23}},"loc":{"start":{"line":77,"column":47},"end":{"line":82,"column":9}},"line":77}},"branchMap":{"0":{"loc":{"start":{"line":79,"column":12},"end":{"line":81,"column":18}},"type":"cond-expr","locations":[{"start":{"line":80,"column":16},"end":{"line":80,"column":51}},{"start":{"line":81,"column":16},"end":{"line":81,"column":18}}],"line":79},"1":{"loc":{"start":{"line":79,"column":12},"end":{"line":79,"column":49}},"type":"binary-expr","locations":[{"start":{"line":79,"column":12},"end":{"line":79,"column":25}},{"start":{"line":79,"column":29},"end":{"line":79,"column":49}}],"line":79}},"s":{"0":17,"1":17,"2":17,"3":17,"4":17,"5":11,"6":17},"f":{"0":17,"1":17,"2":11},"b":{"0":[11,0],"1":[11,11]},"_coverageSchema":"1a1c01bbd47fc00a2c39e90264f33305004495a9","hash":"2ea85f86ba9a8a1ab6b67dcafe0934fb034a2561"}
,"C:\\Users\\TrungHieu\\Desktop\\projectdemo\\BE\\src\\route\\classRouter.js": {"path":"C:\\Users\\TrungHieu\\Desktop\\projectdemo\\BE\\src\\route\\classRouter.js","statementMap":{"0":{"start":{"line":1,"column":16},"end":{"line":1,"column":34}},"1":{"start":{"line":2,"column":17},"end":{"line":2,"column":48}},"2":{"start":{"line":4,"column":15},"end":{"line":4,"column":31}},"3":{"start":{"line":12,"column":4},"end":{"line":12,"column":44}},"4":{"start":{"line":24,"column":4},"end":{"line":24,"column":44}},"5":{"start":{"line":26,"column":13},"end":{"line":26,"column":42}},"6":{"start":{"line":30,"column":0},"end":{"line":38,"column":4}},"7":{"start":{"line":40,"column":0},"end":{"line":48,"column":71}},"8":{"start":{"line":50,"column":0},"end":{"line":55,"column":2}},"9":{"start":{"line":57,"column":0},"end":{"line":62,"column":2}},"10":{"start":{"line":64,"column":0},"end":{"line":69,"column":2}},"11":{"start":{"line":71,"column":0},"end":{"line":76,"column":2}},"12":{"start":{"line":77,"column":0},"end":{"line":83,"column":2}},"13":{"start":{"line":86,"column":0},"end":{"line":94,"column":25}},"14":{"start":{"line":95,"column":0},"end":{"line":95,"column":63}},"15":{"start":{"line":96,"column":0},"end":{"line":101,"column":2}},"16":{"start":{"line":102,"column":0},"end":{"line":102,"column":69}},"17":{"start":{"line":104,"column":0},"end":{"line":104,"column":24}}},"fnMap":{},"branchMap":{},"s":{"0":17,"1":17,"2":17,"3":17,"4":17,"5":17,"6":17,"7":17,"8":17,"9":17,"10":17,"11":17,"12":17,"13":17,"14":17,"15":17,"16":17,"17":17},"f":{},"b":{},"_coverageSchema":"1a1c01bbd47fc00a2c39e90264f33305004495a9","hash":"8ebc4cdd4585a57e82e419fa063bd49b16ae05a9"}
,"C:\\Users\\TrungHieu\\Desktop\\projectdemo\\BE\\src\\route\\userRouter.js": {"path":"C:\\Users\\TrungHieu\\Desktop\\projectdemo\\BE\\src\\route\\userRouter.js","statementMap":{"0":{"start":{"line":1,"column":0},"end":{"line":1,"column":27}},"1":{"start":{"line":2,"column":16},"end":{"line":2,"column":34}},"2":{"start":{"line":3,"column":13},"end":{"line":3,"column":42}},"3":{"start":{"line":4,"column":17},"end":{"line":4,"column":48}},"4":{"start":{"line":6,"column":15},"end":{"line":6,"column":31}},"5":{"start":{"line":15,"column":4},"end":{"line":15,"column":43}},"6":{"start":{"line":17,"column":0},"end":{"line":19,"column":3}},"7":{"start":{"line":18,"column":2},"end":{"line":18,"column":20}},"8":{"start":{"line":20,"column":0},"end":{"line":20,"column":46}},"9":{"start":{"line":22,"column":0},"end":{"line":22,"column":56}},"10":{"start":{"line":23,"column":0},"end":{"line":23,"column":48}},"11":{"start":{"line":24,"column":0},"end":{"line":24,"column":73}},"12":{"start":{"line":25,"column":0},"end":{"line":31,"column":2}},"13":{"start":{"line":33,"column":0},"end":{"line":33,"column":24}}},"fnMap":{"0":{"name":"(anonymous_0)","decl":{"start":{"line":17,"column":16},"end":{"line":17,"column":17}},"loc":{"start":{"line":17,"column":30},"end":{"line":19,"column":1}},"line":17}},"branchMap":{},"s":{"0":17,"1":17,"2":17,"3":17,"4":17,"5":17,"6":17,"7":0,"8":17,"9":17,"10":17,"11":17,"12":17,"13":17},"f":{"0":0},"b":{},"_coverageSchema":"1a1c01bbd47fc00a2c39e90264f33305004495a9","hash":"4a379eed14a2618b34425be8d31ccb90e32147e2"}
,"C:\\Users\\TrungHieu\\Desktop\\projectdemo\\BE\\src\\utils\\helperFn.js": {"path":"C:\\Users\\TrungHieu\\Desktop\\projectdemo\\BE\\src\\utils\\helperFn.js","statementMap":{"0":{"start":{"line":2,"column":19},"end":{"line":2,"column":40}},"1":{"start":{"line":3,"column":12},"end":{"line":3,"column":35}},"2":{"start":{"line":4,"column":15},"end":{"line":4,"column":34}},"3":{"start":{"line":5,"column":15},"end":{"line":5,"column":32}},"4":{"start":{"line":6,"column":17},"end":{"line":6,"column":51}},"5":{"start":{"line":8,"column":0},"end":{"line":12,"column":2}},"6":{"start":{"line":9,"column":2},"end":{"line":11,"column":5}},"7":{"start":{"line":14,"column":0},"end":{"line":37,"column":2}},"8":{"start":{"line":21,"column":17},"end":{"line":21,"column":38}},"9":{"start":{"line":22,"column":22},"end":{"line":28,"column":4}},"10":{"start":{"line":30,"column":21},"end":{"line":35,"column":3}},"11":{"start":{"line":36,"column":2},"end":{"line":36,"column":41}},"12":{"start":{"line":39,"column":0},"end":{"line":41,"column":2}},"13":{"start":{"line":40,"column":2},"end":{"line":40,"column":49}},"14":{"start":{"line":44,"column":15},"end":{"line":44,"column":46}},"15":{"start":{"line":45,"column":22},"end":{"line":53,"column":2}},"16":{"start":{"line":48,"column":4},"end":{"line":48,"column":65}},"17":{"start":{"line":51,"column":4},"end":{"line":51,"column":48}},"18":{"start":{"line":55,"column":21},"end":{"line":61,"column":1}},"19":{"start":{"line":56,"column":2},"end":{"line":60,"column":3}},"20":{"start":{"line":57,"column":4},"end":{"line":57,"column":19}},"21":{"start":{"line":59,"column":4},"end":{"line":59,"column":77}},"22":{"start":{"line":63,"column":0},"end":{"line":66,"column":3}}},"fnMap":{"0":{"name":"(anonymous_0)","decl":{"start":{"line":8,"column":22},"end":{"line":8,"column":23}},"loc":{"start":{"line":8,"column":37},"end":{"line":12,"column":1}},"line":8},"1":{"name":"(anonymous_1)","decl":{"start":{"line":14,"column":20},"end":{"line":14,"column":21}},"loc":{"start":{"line":20,"column":5},"end":{"line":37,"column":1}},"line":20},"2":{"name":"(anonymous_2)","decl":{"start":{"line":39,"column":26},"end":{"line":39,"column":27}},"loc":{"start":{"line":39,"column":55},"end":{"line":41,"column":1}},"line":39},"3":{"name":"(anonymous_3)","decl":{"start":{"line":46,"column":15},"end":{"line":46,"column":16}},"loc":{"start":{"line":46,"column":34},"end":{"line":49,"column":3}},"line":46},"4":{"name":"(anonymous_4)","decl":{"start":{"line":50,"column":12},"end":{"line":50,"column":13}},"loc":{"start":{"line":50,"column":31},"end":{"line":52,"column":3}},"line":50},"5":{"name":"(anonymous_5)","decl":{"start":{"line":55,"column":21},"end":{"line":55,"column":22}},"loc":{"start":{"line":55,"column":40},"end":{"line":61,"column":1}},"line":55}},"branchMap":{"0":{"loc":{"start":{"line":18,"column":2},"end":{"line":18,"column":16}},"type":"default-arg","locations":[{"start":{"line":18,"column":13},"end":{"line":18,"column":16}}],"line":18},"1":{"loc":{"start":{"line":19,"column":2},"end":{"line":19,"column":12}},"type":"default-arg","locations":[{"start":{"line":19,"column":10},"end":{"line":19,"column":12}}],"line":19},"2":{"loc":{"start":{"line":48,"column":13},"end":{"line":48,"column":63}},"type":"cond-expr","locations":[{"start":{"line":48,"column":22},"end":{"line":48,"column":41}},{"start":{"line":48,"column":44},"end":{"line":48,"column":63}}],"line":48},"3":{"loc":{"start":{"line":56,"column":2},"end":{"line":60,"column":3}},"type":"if","locations":[{"start":{"line":56,"column":2},"end":{"line":60,"column":3}},{"start":{"line":58,"column":9},"end":{"line":60,"column":3}}],"line":56}},"s":{"0":17,"1":17,"2":17,"3":17,"4":17,"5":17,"6":26,"7":17,"8":9,"9":9,"10":9,"11":9,"12":17,"13":27,"14":17,"15":17,"16":1,"17":1,"18":17,"19":2,"20":1,"21":1,"22":17},"f":{"0":26,"1":9,"2":27,"3":1,"4":1,"5":2},"b":{"0":[7],"1":[7],"2":[1,0],"3":[1,1]},"_coverageSchema":"1a1c01bbd47fc00a2c39e90264f33305004495a9","hash":"4b1095d1fc6a51c0a976ae8554c5d7d82f89400e"}
,"C:\\Users\\TrungHieu\\Desktop\\projectdemo\\BE\\src\\utils\\imageUpload.js": {"path":"C:\\Users\\TrungHieu\\Desktop\\projectdemo\\BE\\src\\utils\\imageUpload.js","statementMap":{"0":{"start":{"line":1,"column":19},"end":{"line":1,"column":43}},"1":{"start":{"line":3,"column":0},"end":{"line":7,"column":3}},"2":{"start":{"line":9,"column":0},"end":{"line":9,"column":28}}},"fnMap":{},"branchMap":{},"s":{"0":17,"1":17,"2":17},"f":{},"b":{},"_coverageSchema":"1a1c01bbd47fc00a2c39e90264f33305004495a9","hash":"bb1b4496ad1782d69c81efef6379023cf3682691"}
,"C:\\Users\\TrungHieu\\Desktop\\projectdemo\\BE\\src\\utils\\rawQuery.js": {"path":"C:\\Users\\TrungHieu\\Desktop\\projectdemo\\BE\\src\\utils\\rawQuery.js","statementMap":{"0":{"start":{"line":1,"column":22},"end":{"line":8,"column":44}},"1":{"start":{"line":10,"column":0},"end":{"line":12,"column":2}}},"fnMap":{},"branchMap":{},"s":{"0":17,"1":17},"f":{},"b":{},"_coverageSchema":"1a1c01bbd47fc00a2c39e90264f33305004495a9","hash":"e5abb47a1bd54527cd0c61c6aec3c2d6d52ead16"}
,"C:\\Users\\TrungHieu\\Desktop\\projectdemo\\BE\\src\\utils\\reminder.js": {"path":"C:\\Users\\TrungHieu\\Desktop\\projectdemo\\BE\\src\\utils\\reminder.js","statementMap":{"0":{"start":{"line":1,"column":17},"end":{"line":1,"column":38}},"1":{"start":{"line":2,"column":22},"end":{"line":2,"column":42}},"2":{"start":{"line":3,"column":26},"end":{"line":3,"column":47}},"3":{"start":{"line":5,"column":17},"end":{"line":25,"column":1}},"4":{"start":{"line":6,"column":2},"end":{"line":24,"column":3}},"5":{"start":{"line":7,"column":22},"end":{"line":7,"column":58}},"6":{"start":{"line":8,"column":23},"end":{"line":14,"column":5}},"7":{"start":{"line":10,"column":8},"end":{"line":10,"column":61}},"8":{"start":{"line":11,"column":8},"end":{"line":11,"column":43}},"9":{"start":{"line":12,"column":8},"end":{"line":12,"column":20}},"10":{"start":{"line":15,"column":4},"end":{"line":21,"column":7}},"11":{"start":{"line":16,"column":6},"end":{"line":20,"column":8}},"12":{"start":{"line":27,"column":0},"end":{"line":27,"column":26}}},"fnMap":{"0":{"name":"(anonymous_0)","decl":{"start":{"line":5,"column":17},"end":{"line":5,"column":18}},"loc":{"start":{"line":5,"column":29},"end":{"line":25,"column":1}},"line":5},"1":{"name":"(anonymous_1)","decl":{"start":{"line":9,"column":21},"end":{"line":9,"column":22}},"loc":{"start":{"line":9,"column":36},"end":{"line":13,"column":7}},"line":9},"2":{"name":"(anonymous_2)","decl":{"start":{"line":15,"column":23},"end":{"line":15,"column":24}},"loc":{"start":{"line":15,"column":31},"end":{"line":21,"column":5}},"line":15}},"branchMap":{"0":{"loc":{"start":{"line":10,"column":23},"end":{"line":10,"column":60}},"type":"binary-expr","locations":[{"start":{"line":10,"column":23},"end":{"line":10,"column":35}},{"start":{"line":10,"column":39},"end":{"line":10,"column":60}}],"line":10}},"s":{"0":17,"1":17,"2":17,"3":17,"4":0,"5":0,"6":0,"7":0,"8":0,"9":0,"10":0,"11":0,"12":17},"f":{"0":0,"1":0,"2":0},"b":{"0":[0,0]},"_coverageSchema":"1a1c01bbd47fc00a2c39e90264f33305004495a9","hash":"08212d390f62141c4037e62c647abee0c24dbf62"}
,"C:\\Users\\TrungHieu\\Desktop\\projectdemo\\BE\\src\\utils\\ErrorHandler\\appError.js": {"path":"C:\\Users\\TrungHieu\\Desktop\\projectdemo\\BE\\src\\utils\\ErrorHandler\\appError.js","statementMap":{"0":{"start":{"line":3,"column":4},"end":{"line":3,"column":19}},"1":{"start":{"line":4,"column":4},"end":{"line":4,"column":33}},"2":{"start":{"line":5,"column":4},"end":{"line":5,"column":69}},"3":{"start":{"line":6,"column":4},"end":{"line":6,"column":28}},"4":{"start":{"line":8,"column":4},"end":{"line":8,"column":52}},"5":{"start":{"line":12,"column":0},"end":{"line":12,"column":26}}},"fnMap":{"0":{"name":"(anonymous_0)","decl":{"start":{"line":2,"column":2},"end":{"line":2,"column":3}},"loc":{"start":{"line":2,"column":35},"end":{"line":9,"column":3}},"line":2}},"branchMap":{"0":{"loc":{"start":{"line":5,"column":18},"end":{"line":5,"column":68}},"type":"cond-expr","locations":[{"start":{"line":5,"column":52},"end":{"line":5,"column":58}},{"start":{"line":5,"column":61},"end":{"line":5,"column":68}}],"line":5}},"s":{"0":101,"1":101,"2":101,"3":101,"4":101,"5":17},"f":{"0":101},"b":{"0":[101,0]},"_coverageSchema":"1a1c01bbd47fc00a2c39e90264f33305004495a9","hash":"09819ce958913e7171dc009fca4ccfed8c92fb83"}
,"C:\\Users\\TrungHieu\\Desktop\\projectdemo\\BE\\src\\utils\\ErrorHandler\\catchAsync.js": {"path":"C:\\Users\\TrungHieu\\Desktop\\projectdemo\\BE\\src\\utils\\ErrorHandler\\catchAsync.js","statementMap":{"0":{"start":{"line":1,"column":19},"end":{"line":7,"column":1}},"1":{"start":{"line":2,"column":2},"end":{"line":6,"column":4}},"2":{"start":{"line":3,"column":4},"end":{"line":5,"column":7}},"3":{"start":{"line":4,"column":6},"end":{"line":4,"column":23}},"4":{"start":{"line":9,"column":0},"end":{"line":9,"column":28}}},"fnMap":{"0":{"name":"(anonymous_0)","decl":{"start":{"line":1,"column":19},"end":{"line":1,"column":20}},"loc":{"start":{"line":1,"column":27},"end":{"line":7,"column":1}},"line":1},"1":{"name":"(anonymous_1)","decl":{"start":{"line":2,"column":9},"end":{"line":2,"column":10}},"loc":{"start":{"line":2,"column":29},"end":{"line":6,"column":3}},"line":2},"2":{"name":"(anonymous_2)","decl":{"start":{"line":3,"column":29},"end":{"line":3,"column":30}},"loc":{"start":{"line":3,"column":38},"end":{"line":5,"column":5}},"line":3}},"branchMap":{},"s":{"0":17,"1":323,"2":132,"3":3,"4":17},"f":{"0":323,"1":132,"2":3},"b":{},"_coverageSchema":"1a1c01bbd47fc00a2c39e90264f33305004495a9","hash":"9b4725089800b438a917da120baa52bf5cd94307"}
,"C:\\Users\\TrungHieu\\Desktop\\projectdemo\\BE\\src\\utils\\ErrorHandler\\globalErrHandler.js": {"path":"C:\\Users\\TrungHieu\\Desktop\\projectdemo\\BE\\src\\utils\\ErrorHandler\\globalErrHandler.js","statementMap":{"0":{"start":{"line":1,"column":17},"end":{"line":1,"column":38}},"1":{"start":{"line":4,"column":24},"end":{"line":7,"column":1}},"2":{"start":{"line":5,"column":18},"end":{"line":5,"column":40}},"3":{"start":{"line":6,"column":2},"end":{"line":6,"column":36}},"4":{"start":{"line":10,"column":33},"end":{"line":13,"column":1}},"5":{"start":{"line":11,"column":18},"end":{"line":11,"column":39}},"6":{"start":{"line":12,"column":2},"end":{"line":12,"column":36}},"7":{"start":{"line":16,"column":33},"end":{"line":19,"column":1}},"8":{"start":{"line":17,"column":18},"end":{"line":17,"column":39}},"9":{"start":{"line":18,"column":2},"end":{"line":18,"column":36}},"10":{"start":{"line":22,"column":30},"end":{"line":24,"column":1}},"11":{"start":{"line":23,"column":2},"end":{"line":23,"column":53}},"12":{"start":{"line":26,"column":23},"end":{"line":28,"column":1}},"13":{"start":{"line":27,"column":2},"end":{"line":27,"column":66}},"14":{"start":{"line":30,"column":18},"end":{"line":36,"column":1}},"15":{"start":{"line":31,"column":2},"end":{"line":35,"column":5}},"16":{"start":{"line":38,"column":0},"end":{"line":66,"column":2}},"17":{"start":{"line":40,"column":2},"end":{"line":40,"column":41}},"18":{"start":{"line":41,"column":2},"end":{"line":41,"column":37}},"19":{"start":{"line":43,"column":14},"end":{"line":43,"column":46}},"20":{"start":{"line":45,"column":2},"end":{"line":63,"column":3}},"21":{"start":{"line":47,"column":6},"end":{"line":47,"column":37}},"22":{"start":{"line":48,"column":6},"end":{"line":48,"column":12}},"23":{"start":{"line":50,"column":6},"end":{"line":50,"column":46}},"24":{"start":{"line":51,"column":6},"end":{"line":51,"column":12}},"25":{"start":{"line":53,"column":6},"end":{"line":53,"column":46}},"26":{"start":{"line":54,"column":6},"end":{"line":54,"column":12}},"27":{"start":{"line":56,"column":6},"end":{"line":56,"column":38}},"28":{"start":{"line":57,"column":6},"end":{"line":57,"column":12}},"29":{"start":{"line":59,"column":6},"end":{"line":59,"column":31}},"30":{"start":{"line":60,"column":6},"end":{"line":60,"column":12}},"31":{"start":{"line":62,"column":6},"end":{"line":62,"column":34}},"32":{"start":{"line":65,"column":2},"end":{"line":65,"column":24}}},"fnMap":{"0":{"name":"(anonymous_0)","decl":{"start":{"line":4,"column":24},"end":{"line":4,"column":25}},"loc":{"start":{"line":4,"column":33},"end":{"line":7,"column":1}},"line":4},"1":{"name":"(anonymous_1)","decl":{"start":{"line":10,"column":33},"end":{"line":10,"column":34}},"loc":{"start":{"line":10,"column":42},"end":{"line":13,"column":1}},"line":10},"2":{"name":"(anonymous_2)","decl":{"start":{"line":16,"column":33},"end":{"line":16,"column":34}},"loc":{"start":{"line":16,"column":42},"end":{"line":19,"column":1}},"line":16},"3":{"name":"(anonymous_3)","decl":{"start":{"line":22,"column":30},"end":{"line":22,"column":31}},"loc":{"start":{"line":22,"column":36},"end":{"line":24,"column":1}},"line":22},"4":{"name":"(anonymous_4)","decl":{"start":{"line":26,"column":23},"end":{"line":26,"column":24}},"loc":{"start":{"line":26,"column":29},"end":{"line":28,"column":1}},"line":26},"5":{"name":"(anonymous_5)","decl":{"start":{"line":30,"column":18},"end":{"line":30,"column":19}},"loc":{"start":{"line":30,"column":32},"end":{"line":36,"column":1}},"line":30},"6":{"name":"(anonymous_6)","decl":{"start":{"line":38,"column":17},"end":{"line":38,"column":18}},"loc":{"start":{"line":38,"column":42},"end":{"line":66,"column":1}},"line":38}},"branchMap":{"0":{"loc":{"start":{"line":40,"column":19},"end":{"line":40,"column":40}},"type":"binary-expr","locations":[{"start":{"line":40,"column":19},"end":{"line":40,"column":33}},{"start":{"line":40,"column":37},"end":{"line":40,"column":40}}],"line":40},"1":{"loc":{"start":{"line":41,"column":15},"end":{"line":41,"column":36}},"type":"binary-expr","locations":[{"start":{"line":41,"column":15},"end":{"line":41,"column":25}},{"start":{"line":41,"column":29},"end":{"line":41,"column":36}}],"line":41},"2":{"loc":{"start":{"line":45,"column":2},"end":{"line":63,"column":3}},"type":"switch","locations":[{"start":{"line":46,"column":4},"end":{"line":48,"column":12}},{"start":{"line":49,"column":4},"end":{"line":51,"column":12}},{"start":{"line":52,"column":4},"end":{"line":54,"column":12}},{"start":{"line":55,"column":4},"end":{"line":57,"column":12}},{"start":{"line":58,"column":4},"end":{"line":60,"column":12}},{"start":{"line":61,"column":4},"end":{"line":62,"column":34}}],"line":45}},"s":{"0":17,"1":17,"2":11,"3":11,"4":17,"5":1,"6":1,"7":17,"8":0,"9":0,"10":17,"11":1,"12":17,"13":1,"14":17,"15":45,"16":17,"17":45,"18":45,"19":45,"20":45,"21":11,"22":11,"23":1,"24":1,"25":0,"26":0,"27":1,"28":1,"29":1,"30":1,"31":31,"32":45},"f":{"0":11,"1":1,"2":0,"3":1,"4":1,"5":45,"6":45},"b":{"0":[45,14],"1":[45,14],"2":[11,1,0,1,1,31]},"_coverageSchema":"1a1c01bbd47fc00a2c39e90264f33305004495a9","hash":"fa95c96b4df608e23f447b454fa995b63ca1a106"}
,"C:\\Users\\TrungHieu\\Desktop\\projectdemo\\BE\\src\\validate\\validate.js": {"path":"C:\\Users\\TrungHieu\\Desktop\\projectdemo\\BE\\src\\validate\\validate.js","statementMap":{"0":{"start":{"line":1,"column":12},"end":{"line":1,"column":26}},"1":{"start":{"line":2,"column":14},"end":{"line":2,"column":53}},"2":{"start":{"line":3,"column":17},"end":{"line":3,"column":58}},"3":{"start":{"line":5,"column":29},"end":{"line":45,"column":2}},"4":{"start":{"line":12,"column":6},"end":{"line":26,"column":9}},"5":{"start":{"line":13,"column":8},"end":{"line":25,"column":9}},"6":{"start":{"line":15,"column":12},"end":{"line":15,"column":58}},"7":{"start":{"line":16,"column":12},"end":{"line":16,"column":18}},"8":{"start":{"line":18,"column":12},"end":{"line":18,"column":89}},"9":{"start":{"line":19,"column":12},"end":{"line":19,"column":18}},"10":{"start":{"line":21,"column":12},"end":{"line":21,"column":88}},"11":{"start":{"line":22,"column":12},"end":{"line":22,"column":18}},"12":{"start":{"line":24,"column":12},"end":{"line":24,"column":18}},"13":{"start":{"line":28,"column":6},"end":{"line":28,"column":20}},"14":{"start":{"line":47,"column":23},"end":{"line":50,"column":2}},"15":{"start":{"line":52,"column":20},"end":{"line":67,"column":2}},"16":{"start":{"line":59,"column":33},"end":{"line":59,"column":36}},"17":{"start":{"line":60,"column":2},"end":{"line":62,"column":3}},"18":{"start":{"line":61,"column":4},"end":{"line":61,"column":62}},"19":{"start":{"line":63,"column":2},"end":{"line":65,"column":3}},"20":{"start":{"line":64,"column":4},"end":{"line":64,"column":60}},"21":{"start":{"line":66,"column":2},"end":{"line":66,"column":13}},"22":{"start":{"line":69,"column":23},"end":{"line":84,"column":2}},"23":{"start":{"line":80,"column":34},"end":{"line":80,"column":37}},"24":{"start":{"line":81,"column":2},"end":{"line":83,"column":3}},"25":{"start":{"line":82,"column":4},"end":{"line":82,"column":60}},"26":{"start":{"line":86,"column":0},"end":{"line":99,"column":2}},"27":{"start":{"line":87,"column":2},"end":{"line":98,"column":3}},"28":{"start":{"line":88,"column":4},"end":{"line":94,"column":31}},"29":{"start":{"line":95,"column":4},"end":{"line":95,"column":11}},"30":{"start":{"line":97,"column":4},"end":{"line":97,"column":14}},"31":{"start":{"line":101,"column":0},"end":{"line":108,"column":2}},"32":{"start":{"line":102,"column":2},"end":{"line":107,"column":3}},"33":{"start":{"line":103,"column":4},"end":{"line":103,"column":55}},"34":{"start":{"line":104,"column":4},"end":{"line":104,"column":11}},"35":{"start":{"line":106,"column":4},"end":{"line":106,"column":14}},"36":{"start":{"line":110,"column":0},"end":{"line":117,"column":2}},"37":{"start":{"line":111,"column":2},"end":{"line":116,"column":3}},"38":{"start":{"line":112,"column":4},"end":{"line":112,"column":49}},"39":{"start":{"line":113,"column":4},"end":{"line":113,"column":11}},"40":{"start":{"line":115,"column":4},"end":{"line":115,"column":14}},"41":{"start":{"line":119,"column":0},"end":{"line":126,"column":2}},"42":{"start":{"line":120,"column":2},"end":{"line":125,"column":3}},"43":{"start":{"line":121,"column":4},"end":{"line":121,"column":49}},"44":{"start":{"line":122,"column":4},"end":{"line":122,"column":11}},"45":{"start":{"line":124,"column":4},"end":{"line":124,"column":14}},"46":{"start":{"line":128,"column":0},"end":{"line":135,"column":2}},"47":{"start":{"line":129,"column":2},"end":{"line":134,"column":3}},"48":{"start":{"line":130,"column":4},"end":{"line":130,"column":46}},"49":{"start":{"line":131,"column":4},"end":{"line":131,"column":11}},"50":{"start":{"line":133,"column":4},"end":{"line":133,"column":14}}},"fnMap":{"0":{"name":"(anonymous_0)","decl":{"start":{"line":11,"column":11},"end":{"line":11,"column":12}},"loc":{"start":{"line":11,"column":23},"end":{"line":29,"column":5}},"line":11},"1":{"name":"(anonymous_1)","decl":{"start":{"line":12,"column":21},"end":{"line":12,"column":22}},"loc":{"start":{"line":12,"column":30},"end":{"line":26,"column":7}},"line":12},"2":{"name":"(anonymous_2)","decl":{"start":{"line":58,"column":10},"end":{"line":58,"column":11}},"loc":{"start":{"line":58,"column":27},"end":{"line":67,"column":1}},"line":58},"3":{"name":"(anonymous_3)","decl":{"start":{"line":79,"column":10},"end":{"line":79,"column":11}},"loc":{"start":{"line":79,"column":27},"end":{"line":84,"column":1}},"line":79},"4":{"name":"(anonymous_4)","decl":{"start":{"line":86,"column":26},"end":{"line":86,"column":27}},"loc":{"start":{"line":86,"column":52},"end":{"line":99,"column":1}},"line":86},"5":{"name":"(anonymous_5)","decl":{"start":{"line":101,"column":25},"end":{"line":101,"column":26}},"loc":{"start":{"line":101,"column":51},"end":{"line":108,"column":1}},"line":101},"6":{"name":"(anonymous_6)","decl":{"start":{"line":110,"column":27},"end":{"line":110,"column":28}},"loc":{"start":{"line":110,"column":53},"end":{"line":117,"column":1}},"line":110},"7":{"name":"(anonymous_7)","decl":{"start":{"line":119,"column":27},"end":{"line":119,"column":28}},"loc":{"start":{"line":119,"column":53},"end":{"line":126,"column":1}},"line":119},"8":{"name":"(anonymous_8)","decl":{"start":{"line":128,"column":24},"end":{"line":128,"column":25}},"loc":{"start":{"line":128,"column":50},"end":{"line":135,"column":1}},"line":128}},"branchMap":{"0":{"loc":{"start":{"line":13,"column":8},"end":{"line":25,"column":9}},"type":"switch","locations":[{"start":{"line":14,"column":10},"end":{"line":16,"column":18}},{"start":{"line":17,"column":10},"end":{"line":19,"column":18}},{"start":{"line":20,"column":10},"end":{"line":22,"column":18}},{"start":{"line":23,"column":10},"end":{"line":24,"column":18}}],"line":13},"1":{"loc":{"start":{"line":60,"column":2},"end":{"line":62,"column":3}},"type":"if","locations":[{"start":{"line":60,"column":2},"end":{"line":62,"column":3}},{"start":{},"end":{}}],"line":60},"2":{"loc":{"start":{"line":63,"column":2},"end":{"line":65,"column":3}},"type":"if","locations":[{"start":{"line":63,"column":2},"end":{"line":65,"column":3}},{"start":{},"end":{}}],"line":63},"3":{"loc":{"start":{"line":81,"column":2},"end":{"line":83,"column":3}},"type":"if","locations":[{"start":{"line":81,"column":2},"end":{"line":83,"column":3}},{"start":{},"end":{}}],"line":81}},"s":{"0":17,"1":17,"2":17,"3":17,"4":1,"5":1,"6":0,"7":0,"8":0,"9":0,"10":0,"11":0,"12":1,"13":1,"14":17,"15":17,"16":7,"17":7,"18":2,"19":5,"20":2,"21":3,"22":17,"23":5,"24":5,"25":2,"26":17,"27":8,"28":8,"29":8,"30":0,"31":17,"32":5,"33":5,"34":3,"35":2,"36":17,"37":7,"38":7,"39":3,"40":4,"41":17,"42":4,"43":4,"44":2,"45":2,"46":17,"47":9,"48":9,"49":3,"50":6},"f":{"0":1,"1":1,"2":7,"3":5,"4":8,"5":5,"6":7,"7":4,"8":9},"b":{"0":[0,0,0,1],"1":[2,5],"2":[2,3],"3":[2,3]},"_coverageSchema":"1a1c01bbd47fc00a2c39e90264f33305004495a9","hash":"822e490287e3bf2ef3d81bd6c205a49b9e4cab6a"}
}
