TN:
SF:app.js
FN:27,(anonymous_0)
FNF:1
FNH:0
FNDA:0,(anonymous_0)
DA:1,17
DA:2,17
DA:3,17
DA:4,17
DA:5,17
DA:6,17
DA:7,17
DA:8,17
DA:9,17
DA:11,17
DA:12,17
DA:15,17
DA:18,17
DA:19,17
DA:20,17
DA:23,17
DA:24,17
DA:27,17
DA:28,0
DA:31,17
DA:33,17
LF:21
LH:20
BRF:0
BRH:0
end_of_record
TN:
SF:__test__\helper\helperTest.js
FN:6,(anonymous_0)
FN:15,(anonymous_1)
FNF:2
FNH:2
FNDA:6,(anonymous_0)
FNDA:12,(anonymous_1)
DA:1,11
DA:2,11
DA:3,11
DA:4,11
DA:6,11
DA:7,6
DA:8,6
DA:9,6
DA:15,11
DA:16,12
DA:17,12
DA:18,12
LF:12
LH:12
BRF:0
BRH:0
end_of_record
TN:
SF:__test__\helper\mockObject.js
FNF:0
FNH:0
DA:1,15
DA:8,15
DA:15,15
DA:22,15
DA:29,15
DA:36,15
DA:42,15
DA:48,15
LF:8
LH:8
BRF:0
BRH:0
end_of_record
TN:
SF:src\config\config.js
FNF:0
FNH:0
DA:1,17
DA:3,17
LF:2
LH:2
BRF:0
BRH:0
end_of_record
TN:
SF:src\controller\adminController.js
FN:17,(anonymous_0)
FN:32,(anonymous_1)
FN:57,(anonymous_2)
FN:71,(anonymous_3)
FN:83,(anonymous_4)
FN:98,(anonymous_5)
FN:111,(anonymous_6)
FN:134,(anonymous_7)
FN:160,(anonymous_8)
FN:184,(anonymous_9)
FN:188,(anonymous_10)
FNF:11
FNH:10
FNDA:1,(anonymous_0)
FNDA:4,(anonymous_1)
FNDA:2,(anonymous_2)
FNDA:0,(anonymous_3)
FNDA:2,(anonymous_4)
FNDA:1,(anonymous_5)
FNDA:2,(anonymous_6)
FNDA:4,(anonymous_7)
FNDA:3,(anonymous_8)
FNDA:4,(anonymous_9)
FNDA:4,(anonymous_10)
DA:1,17
DA:10,17
DA:11,17
DA:12,17
DA:13,17
DA:15,17
DA:17,17
DA:19,1
DA:20,1
DA:26,1
DA:32,17
DA:33,4
DA:34,4
DA:37,4
DA:38,1
DA:40,3
DA:41,3
DA:44,3
DA:45,2
DA:48,1
DA:50,1
DA:51,1
DA:57,17
DA:58,2
DA:59,2
DA:60,2
DA:61,1
DA:63,1
DA:64,1
DA:65,1
DA:71,17
DA:72,0
DA:73,0
DA:74,0
DA:75,0
DA:77,0
DA:83,17
DA:84,2
DA:85,2
DA:86,2
DA:87,1
DA:89,1
DA:90,0
DA:92,1
DA:93,1
DA:98,17
DA:99,1
DA:100,1
DA:105,1
DA:111,17
DA:112,2
DA:113,2
DA:116,2
DA:117,1
DA:120,1
DA:124,0
DA:126,1
DA:127,1
DA:128,1
DA:134,17
DA:137,4
DA:138,3
DA:139,3
DA:140,3
DA:141,0
DA:144,3
DA:152,1
DA:154,4
DA:160,17
DA:161,3
DA:162,3
DA:175,3
DA:176,1
DA:178,2
DA:184,17
DA:185,4
DA:186,4
DA:187,4
DA:188,4
DA:189,4
DA:196,4
DA:197,2
DA:199,2
DA:202,2
DA:203,2
DA:204,2
DA:205,2
DA:206,1
DA:208,0
DA:212,1
DA:219,1
DA:220,1
DA:221,0
DA:228,1
DA:229,1
DA:235,2
DA:236,1
DA:243,1
DA:249,2
DA:255,17
LF:100
LH:90
BRDA:37,0,0,1
BRDA:37,0,1,3
BRDA:44,1,0,2
BRDA:44,1,1,1
BRDA:44,2,0,3
BRDA:44,2,1,2
BRDA:60,3,0,1
BRDA:60,3,1,1
BRDA:74,4,0,0
BRDA:74,4,1,0
BRDA:86,5,0,1
BRDA:86,5,1,1
BRDA:89,6,0,0
BRDA:89,6,1,1
BRDA:116,7,0,1
BRDA:116,7,1,1
BRDA:120,8,0,0
BRDA:120,8,1,1
BRDA:121,9,0,1
BRDA:121,9,1,1
BRDA:137,10,0,3
BRDA:137,10,1,1
BRDA:140,11,0,0
BRDA:140,11,1,3
BRDA:175,12,0,1
BRDA:175,12,1,2
BRDA:196,13,0,2
BRDA:196,13,1,2
BRDA:205,14,0,1
BRDA:205,14,1,1
BRDA:206,15,0,0
BRDA:206,15,1,1
BRDA:220,16,0,0
BRDA:220,16,1,1
BRDA:235,17,0,1
BRDA:235,17,1,1
BRF:36
BRH:29
end_of_record
TN:
SF:src\controller\classController.js
FN:10,(anonymous_0)
FN:38,(anonymous_1)
FN:56,(anonymous_2)
FN:83,(anonymous_3)
FN:109,(anonymous_4)
FNF:5
FNH:5
FNDA:8,(anonymous_0)
FNDA:2,(anonymous_1)
FNDA:3,(anonymous_2)
FNDA:1,(anonymous_3)
FNDA:3,(anonymous_4)
DA:1,17
DA:2,17
DA:3,17
DA:4,17
DA:5,17
DA:7,17
DA:10,17
DA:11,8
DA:12,8
DA:13,8
DA:14,8
DA:15,1
DA:22,7
DA:23,7
DA:24,2
DA:26,5
DA:27,5
DA:32,5
DA:38,17
DA:39,2
DA:40,2
DA:41,2
DA:44,2
DA:45,1
DA:47,1
DA:48,1
DA:49,1
DA:56,17
DA:58,3
DA:59,3
DA:60,1
DA:62,3
DA:67,3
DA:77,3
DA:83,17
DA:85,1
DA:86,1
DA:87,1
DA:88,1
DA:90,1
DA:91,1
DA:103,1
DA:109,17
DA:110,3
DA:111,3
DA:112,1
DA:114,2
DA:125,2
DA:126,1
DA:128,1
DA:134,17
LF:51
LH:51
BRDA:14,0,0,1
BRDA:14,0,1,7
BRDA:14,1,0,8
BRDA:14,1,1,8
BRDA:23,2,0,2
BRDA:23,2,1,5
BRDA:23,3,0,7
BRDA:23,3,1,2
BRDA:44,4,0,1
BRDA:44,4,1,1
BRDA:59,5,0,1
BRDA:59,5,1,2
BRDA:87,6,0,1
BRDA:87,6,1,0
BRDA:111,7,0,1
BRDA:111,7,1,2
BRDA:125,8,0,1
BRDA:125,8,1,1
BRF:18
BRH:17
end_of_record
TN:
SF:src\controller\userController.js
FN:15,(anonymous_0)
FN:37,(anonymous_1)
FN:49,(anonymous_2)
FN:66,(anonymous_3)
FN:88,(anonymous_4)
FN:141,(anonymous_5)
FNF:6
FNH:5
FNDA:2,(anonymous_0)
FNDA:0,(anonymous_1)
FNDA:2,(anonymous_2)
FNDA:3,(anonymous_3)
FNDA:29,(anonymous_4)
FNDA:3,(anonymous_5)
DA:1,17
DA:2,17
DA:3,17
DA:4,17
DA:5,17
DA:6,17
DA:7,17
DA:8,17
DA:10,17
DA:11,17
DA:15,17
DA:16,2
DA:20,2
DA:21,2
DA:22,1
DA:26,1
DA:28,2
DA:29,2
DA:30,2
DA:34,2
DA:37,17
DA:38,0
DA:39,0
DA:43,0
DA:49,17
DA:50,2
DA:51,2
DA:54,2
DA:55,2
DA:56,1
DA:58,1
DA:59,1
DA:60,1
DA:61,1
DA:66,17
DA:67,3
DA:68,3
DA:74,2
DA:75,2
DA:82,2
DA:88,17
DA:89,29
DA:90,29
DA:91,2
DA:94,27
DA:95,27
DA:96,1
DA:107,26
DA:108,26
DA:109,1
DA:116,25
DA:117,25
DA:118,4
DA:119,4
DA:120,4
DA:123,21
DA:124,21
DA:125,21
DA:126,21
DA:141,17
DA:142,3
DA:143,3
DA:144,2
DA:150,2
DA:151,1
DA:153,1
DA:154,1
DA:155,1
DA:160,17
LF:69
LH:66
BRDA:21,0,0,1
BRDA:21,0,1,1
BRDA:24,1,0,1
BRDA:24,1,1,0
BRDA:28,2,0,1
BRDA:28,2,1,1
BRDA:29,3,0,1
BRDA:29,3,1,1
BRDA:55,4,0,1
BRDA:55,4,1,1
BRDA:90,5,0,2
BRDA:90,5,1,27
BRDA:90,6,0,29
BRDA:90,6,1,28
BRDA:95,7,0,1
BRDA:95,7,1,26
BRDA:108,8,0,1
BRDA:108,8,1,25
BRDA:108,9,0,26
BRDA:108,9,1,25
BRDA:117,10,0,4
BRDA:117,10,1,21
BRDA:150,11,0,1
BRDA:150,11,1,1
BRF:24
BRH:23
end_of_record
TN:
SF:src\middleware\auth.js
FN:7,(anonymous_0)
FN:36,(anonymous_1)
FN:39,(anonymous_2)
FNF:3
FNH:3
FNDA:57,(anonymous_0)
FNDA:170,(anonymous_1)
FNDA:34,(anonymous_2)
DA:1,17
DA:2,17
DA:3,17
DA:4,17
DA:5,17
DA:7,17
DA:9,57
DA:12,57
DA:13,1
DA:15,56
DA:16,55
DA:20,55
DA:21,0
DA:24,55
DA:25,55
DA:28,17
DA:36,17
DA:37,170
DA:38,0
DA:39,170
DA:40,34
DA:41,1
DA:45,33
LF:23
LH:21
BRDA:9,0,0,57
BRDA:9,0,1,57
BRDA:12,1,0,1
BRDA:12,1,1,56
BRDA:12,2,0,57
BRDA:12,2,1,56
BRDA:20,3,0,0
BRDA:20,3,1,55
BRDA:30,4,0,17
BRDA:30,4,1,0
BRDA:37,5,0,170
BRDA:37,5,1,0
BRDA:40,6,0,1
BRDA:40,6,1,33
BRF:14
BRH:11
end_of_record
TN:
SF:src\models\calendar.js
FN:3,(anonymous_0)
FN:10,(anonymous_1)
FNF:2
FNH:2
FNDA:17,(anonymous_0)
FNDA:17,(anonymous_1)
DA:1,17
DA:3,17
DA:12,17
DA:19,17
DA:54,17
LF:5
LH:5
BRF:0
BRH:0
end_of_record
TN:
SF:src\models\class.js
FN:6,(anonymous_0)
FN:13,(anonymous_1)
FN:62,(anonymous_2)
FN:69,(anonymous_3)
FNF:4
FNH:4
FNDA:17,(anonymous_0)
FNDA:17,(anonymous_1)
FNDA:6,(anonymous_2)
FNDA:6,(anonymous_3)
DA:1,17
DA:3,17
DA:6,17
DA:14,17
DA:19,17
DA:26,17
DA:63,6
DA:70,6
DA:80,17
LF:9
LH:9
BRF:0
BRH:0
end_of_record
TN:
SF:src\models\class_calendar.js
FN:3,(anonymous_0)
FN:10,(anonymous_1)
FNF:2
FNH:2
FNDA:17,(anonymous_0)
FNDA:17,(anonymous_1)
DA:1,17
DA:3,17
DA:12,17
DA:13,17
DA:16,17
DA:41,17
LF:6
LH:6
BRF:0
BRH:0
end_of_record
TN:
SF:src\models\class_users.js
FN:3,(anonymous_0)
FN:10,(anonymous_1)
FNF:2
FNH:2
FNDA:17,(anonymous_0)
FNDA:17,(anonymous_1)
DA:1,17
DA:3,17
DA:11,17
DA:12,17
DA:15,17
DA:46,17
LF:6
LH:6
BRF:0
BRH:0
end_of_record
TN:
SF:src\models\index.js
FN:23,(anonymous_0)
FN:28,(anonymous_1)
FN:36,(anonymous_2)
FNF:3
FNH:3
FNDA:119,(anonymous_0)
FNDA:102,(anonymous_1)
FNDA:102,(anonymous_2)
DA:1,17
DA:2,17
DA:3,17
DA:5,17
DA:6,17
DA:7,17
DA:8,17
DA:11,17
DA:12,0
DA:14,17
DA:22,17
DA:24,119
DA:29,102
DA:33,102
DA:36,17
DA:37,102
DA:38,102
DA:42,17
DA:43,17
DA:45,17
LF:20
LH:19
BRDA:6,0,0,17
BRDA:6,0,1,0
BRDA:11,1,0,0
BRDA:11,1,1,17
BRDA:25,2,0,119
BRDA:25,2,1,119
BRDA:25,2,2,102
BRDA:37,3,0,102
BRDA:37,3,1,0
BRF:9
BRH:6
end_of_record
TN:
SF:src\models\regis.js
FN:4,(anonymous_0)
FN:11,(anonymous_1)
FN:42,(anonymous_2)
FNF:3
FNH:3
FNDA:17,(anonymous_0)
FNDA:17,(anonymous_1)
FNDA:6,(anonymous_2)
DA:1,17
DA:2,17
DA:4,17
DA:13,17
DA:14,17
DA:17,17
DA:43,6
DA:56,17
LF:8
LH:8
BRF:0
BRH:0
end_of_record
TN:
SF:src\models\user.js
FN:4,(anonymous_0)
FN:11,(anonymous_1)
FN:78,(anonymous_2)
FNF:3
FNH:3
FNDA:17,(anonymous_0)
FNDA:17,(anonymous_1)
FNDA:11,(anonymous_2)
DA:1,17
DA:2,17
DA:4,17
DA:12,17
DA:20,17
DA:79,11
DA:87,17
LF:7
LH:7
BRDA:80,0,0,11
BRDA:80,0,1,0
BRDA:80,1,0,11
BRDA:80,1,1,11
BRF:4
BRH:3
end_of_record
TN:
SF:src\route\classRouter.js
FNF:0
FNH:0
DA:1,17
DA:2,17
DA:4,17
DA:12,17
DA:25,17
DA:27,17
DA:31,17
DA:41,17
DA:51,17
DA:58,17
DA:65,17
DA:72,17
DA:79,17
DA:85,17
DA:94,17
DA:103,17
DA:104,17
DA:110,17
DA:112,17
LF:19
LH:19
BRF:0
BRH:0
end_of_record
TN:
SF:src\route\userRouter.js
FN:18,(anonymous_0)
FNF:1
FNH:0
FNDA:0,(anonymous_0)
DA:1,17
DA:2,17
DA:3,17
DA:4,17
DA:6,17
DA:16,17
DA:18,17
DA:19,0
DA:21,17
DA:23,17
DA:24,17
DA:25,17
DA:26,17
DA:27,17
DA:35,17
LF:15
LH:14
BRF:0
BRH:0
end_of_record
TN:
SF:src\utils\helperFn.js
FN:8,(anonymous_0)
FN:14,(anonymous_1)
FN:39,(anonymous_2)
FN:46,(anonymous_3)
FN:50,(anonymous_4)
FN:55,(anonymous_5)
FNF:6
FNH:6
FNDA:26,(anonymous_0)
FNDA:9,(anonymous_1)
FNDA:27,(anonymous_2)
FNDA:1,(anonymous_3)
FNDA:1,(anonymous_4)
FNDA:2,(anonymous_5)
DA:2,17
DA:3,17
DA:4,17
DA:5,17
DA:6,17
DA:8,17
DA:9,26
DA:14,17
DA:21,9
DA:22,9
DA:30,9
DA:36,9
DA:39,17
DA:40,27
DA:44,17
DA:45,17
DA:48,1
DA:51,1
DA:55,17
DA:56,2
DA:57,1
DA:59,1
DA:63,17
LF:23
LH:23
BRDA:18,0,0,7
BRDA:19,1,0,7
BRDA:48,2,0,1
BRDA:48,2,1,0
BRDA:56,3,0,1
BRDA:56,3,1,1
BRF:6
BRH:5
end_of_record
TN:
SF:src\utils\imageUpload.js
FNF:0
FNH:0
DA:1,17
DA:3,17
DA:9,17
LF:3
LH:3
BRF:0
BRH:0
end_of_record
TN:
SF:src\utils\rawQuery.js
FNF:0
FNH:0
DA:1,17
DA:10,17
LF:2
LH:2
BRF:0
BRH:0
end_of_record
TN:
SF:src\utils\reminder.js
FN:5,(anonymous_0)
FN:9,(anonymous_1)
FN:15,(anonymous_2)
FNF:3
FNH:0
FNDA:0,(anonymous_0)
FNDA:0,(anonymous_1)
FNDA:0,(anonymous_2)
DA:1,17
DA:2,17
DA:3,17
DA:5,17
DA:6,0
DA:7,0
DA:8,0
DA:10,0
DA:11,0
DA:12,0
DA:15,0
DA:16,0
DA:27,17
LF:13
LH:5
BRDA:10,0,0,0
BRDA:10,0,1,0
BRF:2
BRH:0
end_of_record
TN:
SF:src\utils\ErrorHandler\appError.js
FN:2,(anonymous_0)
FNF:1
FNH:1
FNDA:101,(anonymous_0)
DA:3,101
DA:4,101
DA:5,101
DA:6,101
DA:8,101
DA:12,17
LF:6
LH:6
BRDA:5,0,0,101
BRDA:5,0,1,0
BRF:2
BRH:1
end_of_record
TN:
SF:src\utils\ErrorHandler\catchAsync.js
FN:1,(anonymous_0)
FN:2,(anonymous_1)
FN:3,(anonymous_2)
FNF:3
FNH:3
FNDA:357,(anonymous_0)
FNDA:132,(anonymous_1)
FNDA:3,(anonymous_2)
DA:1,17
DA:2,357
DA:3,132
DA:4,3
DA:9,17
LF:5
LH:5
BRF:0
BRH:0
end_of_record
TN:
SF:src\utils\ErrorHandler\globalErrHandler.js
FN:4,(anonymous_0)
FN:10,(anonymous_1)
FN:16,(anonymous_2)
FN:22,(anonymous_3)
FN:26,(anonymous_4)
FN:30,(anonymous_5)
FN:38,(anonymous_6)
FNF:7
FNH:6
FNDA:11,(anonymous_0)
FNDA:1,(anonymous_1)
FNDA:0,(anonymous_2)
FNDA:1,(anonymous_3)
FNDA:1,(anonymous_4)
FNDA:45,(anonymous_5)
FNDA:45,(anonymous_6)
DA:1,17
DA:4,17
DA:5,11
DA:6,11
DA:10,17
DA:11,1
DA:12,1
DA:16,17
DA:17,0
DA:18,0
DA:22,17
DA:23,1
DA:26,17
DA:27,1
DA:30,17
DA:31,45
DA:38,17
DA:40,45
DA:41,45
DA:43,45
DA:45,45
DA:47,11
DA:48,11
DA:50,1
DA:51,1
DA:53,0
DA:54,0
DA:56,1
DA:57,1
DA:59,1
DA:60,1
DA:62,31
DA:65,45
LF:33
LH:29
BRDA:40,0,0,45
BRDA:40,0,1,14
BRDA:41,1,0,45
BRDA:41,1,1,14
BRDA:45,2,0,11
BRDA:45,2,1,1
BRDA:45,2,2,0
BRDA:45,2,3,1
BRDA:45,2,4,1
BRDA:45,2,5,31
BRF:10
BRH:9
end_of_record
TN:
SF:src\validate\validate.js
FN:11,(anonymous_0)
FN:12,(anonymous_1)
FN:58,(anonymous_2)
FN:79,(anonymous_3)
FN:86,(anonymous_4)
FN:101,(anonymous_5)
FN:110,(anonymous_6)
FN:119,(anonymous_7)
FN:128,(anonymous_8)
FNF:9
FNH:9
FNDA:1,(anonymous_0)
FNDA:1,(anonymous_1)
FNDA:7,(anonymous_2)
FNDA:5,(anonymous_3)
FNDA:8,(anonymous_4)
FNDA:5,(anonymous_5)
FNDA:7,(anonymous_6)
FNDA:4,(anonymous_7)
FNDA:9,(anonymous_8)
DA:1,17
DA:2,17
DA:3,17
DA:5,17
DA:12,1
DA:13,1
DA:15,0
DA:16,0
DA:18,0
DA:19,0
DA:21,0
DA:22,0
DA:24,1
DA:28,1
DA:47,17
DA:52,17
DA:59,7
DA:60,7
DA:61,2
DA:63,5
DA:64,2
DA:66,3
DA:69,17
DA:80,5
DA:81,5
DA:82,2
DA:86,17
DA:87,8
DA:88,8
DA:95,8
DA:97,0
DA:101,17
DA:102,5
DA:103,5
DA:104,3
DA:106,2
DA:110,17
DA:111,7
DA:112,7
DA:113,3
DA:115,4
DA:119,17
DA:120,4
DA:121,4
DA:122,2
DA:124,2
DA:128,17
DA:129,9
DA:130,9
DA:131,3
DA:133,6
LF:51
LH:44
BRDA:13,0,0,0
BRDA:13,0,1,0
BRDA:13,0,2,0
BRDA:13,0,3,1
BRDA:60,1,0,2
BRDA:60,1,1,5
BRDA:63,2,0,2
BRDA:63,2,1,3
BRDA:81,3,0,2
BRDA:81,3,1,3
BRF:10
BRH:7
end_of_record
