TN:
SF:app.js
FN:25,(anonymous_0)
FNF:1
FNH:0
FNDA:0,(anonymous_0)
DA:1,17
DA:2,17
DA:3,17
DA:4,17
DA:5,17
DA:6,17
DA:7,17
DA:8,17
DA:10,17
DA:13,17
DA:16,17
DA:17,17
DA:18,17
DA:21,17
DA:22,17
DA:25,17
DA:26,0
DA:29,17
DA:31,17
LF:19
LH:18
BRF:0
BRH:0
end_of_record
TN:
SF:__test__\helper\helperTest.js
FN:6,(anonymous_0)
FN:15,(anonymous_1)
FNF:2
FNH:2
FNDA:6,(anonymous_0)
FNDA:12,(anonymous_1)
DA:1,11
DA:2,11
DA:3,11
DA:4,11
DA:6,11
DA:7,6
DA:8,6
DA:9,6
DA:15,11
DA:16,12
DA:17,12
DA:18,12
LF:12
LH:12
BRF:0
BRH:0
end_of_record
TN:
SF:__test__\helper\mockObject.js
FNF:0
FNH:0
DA:1,15
DA:8,15
DA:15,15
DA:22,15
DA:29,15
DA:36,15
DA:42,15
DA:48,15
LF:8
LH:8
BRF:0
BRH:0
end_of_record
TN:
SF:src\config\config.js
FNF:0
FNH:0
DA:1,17
DA:3,17
LF:2
LH:2
BRF:0
BRH:0
end_of_record
TN:
SF:src\controller\adminController.js
FN:17,(anonymous_0)
FN:32,(anonymous_1)
FN:57,(anonymous_2)
FN:71,(anonymous_3)
FN:83,(anonymous_4)
FN:96,(anonymous_5)
FN:119,(anonymous_6)
FN:145,(anonymous_7)
FN:169,(anonymous_8)
FN:173,(anonymous_9)
FNF:10
FNH:10
FNDA:1,(anonymous_0)
FNDA:4,(anonymous_1)
FNDA:2,(anonymous_2)
FNDA:2,(anonymous_3)
FNDA:1,(anonymous_4)
FNDA:2,(anonymous_5)
FNDA:4,(anonymous_6)
FNDA:3,(anonymous_7)
FNDA:4,(anonymous_8)
FNDA:4,(anonymous_9)
DA:1,17
DA:10,17
DA:11,17
DA:12,17
DA:13,17
DA:15,17
DA:17,17
DA:19,1
DA:20,1
DA:26,1
DA:32,17
DA:33,4
DA:34,4
DA:37,4
DA:38,1
DA:40,3
DA:41,3
DA:44,3
DA:45,2
DA:48,1
DA:50,1
DA:51,1
DA:57,17
DA:58,2
DA:59,2
DA:60,2
DA:61,1
DA:63,1
DA:64,1
DA:65,1
DA:71,17
DA:72,2
DA:73,2
DA:74,2
DA:75,1
DA:77,1
DA:78,1
DA:83,17
DA:84,1
DA:85,1
DA:90,1
DA:96,17
DA:97,2
DA:98,2
DA:101,2
DA:102,1
DA:105,1
DA:109,0
DA:111,1
DA:112,1
DA:113,1
DA:119,17
DA:122,4
DA:123,3
DA:124,3
DA:125,3
DA:126,0
DA:129,3
DA:137,1
DA:139,4
DA:145,17
DA:146,3
DA:147,3
DA:160,3
DA:161,1
DA:163,2
DA:169,17
DA:170,4
DA:171,4
DA:172,4
DA:173,4
DA:174,4
DA:181,4
DA:182,2
DA:184,2
DA:187,2
DA:188,2
DA:189,2
DA:190,2
DA:191,1
DA:193,0
DA:197,1
DA:204,1
DA:205,1
DA:206,0
DA:213,1
DA:214,1
DA:220,2
DA:221,1
DA:228,1
DA:234,2
DA:240,17
LF:92
LH:88
BRDA:37,0,0,1
BRDA:37,0,1,3
BRDA:44,1,0,2
BRDA:44,1,1,1
BRDA:44,2,0,3
BRDA:44,2,1,2
BRDA:60,3,0,1
BRDA:60,3,1,1
BRDA:74,4,0,1
BRDA:74,4,1,1
BRDA:101,5,0,1
BRDA:101,5,1,1
BRDA:105,6,0,0
BRDA:105,6,1,1
BRDA:106,7,0,1
BRDA:106,7,1,1
BRDA:122,8,0,3
BRDA:122,8,1,1
BRDA:125,9,0,0
BRDA:125,9,1,3
BRDA:160,10,0,1
BRDA:160,10,1,2
BRDA:181,11,0,2
BRDA:181,11,1,2
BRDA:190,12,0,1
BRDA:190,12,1,1
BRDA:191,13,0,0
BRDA:191,13,1,1
BRDA:205,14,0,0
BRDA:205,14,1,1
BRDA:220,15,0,1
BRDA:220,15,1,1
BRF:32
BRH:28
end_of_record
TN:
SF:src\controller\classController.js
FN:10,(anonymous_0)
FN:39,(anonymous_1)
FN:56,(anonymous_2)
FN:83,(anonymous_3)
FN:109,(anonymous_4)
FNF:5
FNH:5
FNDA:8,(anonymous_0)
FNDA:2,(anonymous_1)
FNDA:3,(anonymous_2)
FNDA:1,(anonymous_3)
FNDA:3,(anonymous_4)
DA:1,17
DA:2,17
DA:3,17
DA:4,17
DA:5,17
DA:7,17
DA:10,17
DA:11,8
DA:12,8
DA:13,8
DA:14,8
DA:15,1
DA:22,7
DA:24,7
DA:25,2
DA:27,5
DA:28,5
DA:33,5
DA:39,17
DA:40,2
DA:41,2
DA:42,2
DA:45,2
DA:46,1
DA:48,1
DA:49,1
DA:50,1
DA:56,17
DA:58,3
DA:59,3
DA:60,1
DA:62,3
DA:67,3
DA:77,3
DA:83,17
DA:85,1
DA:86,1
DA:87,1
DA:88,1
DA:90,1
DA:91,1
DA:103,1
DA:109,17
DA:110,3
DA:111,3
DA:112,1
DA:114,2
DA:125,2
DA:126,1
DA:128,1
DA:134,17
LF:51
LH:51
BRDA:14,0,0,1
BRDA:14,0,1,7
BRDA:14,1,0,8
BRDA:14,1,1,8
BRDA:24,2,0,2
BRDA:24,2,1,5
BRDA:45,3,0,1
BRDA:45,3,1,1
BRDA:59,4,0,1
BRDA:59,4,1,2
BRDA:87,5,0,1
BRDA:87,5,1,0
BRDA:111,6,0,1
BRDA:111,6,1,2
BRDA:125,7,0,1
BRDA:125,7,1,1
BRF:16
BRH:15
end_of_record
TN:
SF:src\controller\userController.js
FN:15,(anonymous_0)
FN:37,(anonymous_1)
FN:54,(anonymous_2)
FN:76,(anonymous_3)
FN:120,(anonymous_4)
FNF:5
FNH:5
FNDA:2,(anonymous_0)
FNDA:2,(anonymous_1)
FNDA:3,(anonymous_2)
FNDA:29,(anonymous_3)
FNDA:3,(anonymous_4)
DA:1,17
DA:2,17
DA:3,17
DA:4,17
DA:5,17
DA:6,17
DA:7,17
DA:8,17
DA:10,17
DA:11,17
DA:15,17
DA:16,2
DA:20,2
DA:21,2
DA:22,1
DA:26,1
DA:28,2
DA:29,2
DA:30,2
DA:34,2
DA:37,17
DA:38,2
DA:39,2
DA:42,2
DA:43,2
DA:44,1
DA:46,1
DA:47,1
DA:48,1
DA:49,1
DA:54,17
DA:55,3
DA:56,3
DA:62,2
DA:63,2
DA:70,2
DA:76,17
DA:77,29
DA:78,29
DA:79,2
DA:82,27
DA:83,27
DA:84,1
DA:87,26
DA:88,26
DA:89,1
DA:96,25
DA:97,25
DA:98,4
DA:99,4
DA:100,4
DA:103,21
DA:104,21
DA:105,21
DA:106,21
DA:120,17
DA:121,3
DA:122,3
DA:123,2
DA:129,2
DA:130,1
DA:132,1
DA:133,1
DA:134,1
DA:139,17
LF:65
LH:65
BRDA:21,0,0,1
BRDA:21,0,1,1
BRDA:24,1,0,1
BRDA:24,1,1,0
BRDA:28,2,0,1
BRDA:28,2,1,1
BRDA:29,3,0,1
BRDA:29,3,1,1
BRDA:43,4,0,1
BRDA:43,4,1,1
BRDA:78,5,0,2
BRDA:78,5,1,27
BRDA:78,6,0,29
BRDA:78,6,1,28
BRDA:83,7,0,1
BRDA:83,7,1,26
BRDA:88,8,0,1
BRDA:88,8,1,25
BRDA:88,9,0,26
BRDA:88,9,1,25
BRDA:97,10,0,4
BRDA:97,10,1,21
BRDA:129,11,0,1
BRDA:129,11,1,1
BRF:24
BRH:23
end_of_record
TN:
SF:src\middleware\auth.js
FN:7,(anonymous_0)
FN:36,(anonymous_1)
FN:39,(anonymous_2)
FNF:3
FNH:3
FNDA:57,(anonymous_0)
FNDA:153,(anonymous_1)
FNDA:34,(anonymous_2)
DA:1,17
DA:2,17
DA:3,17
DA:4,17
DA:5,17
DA:7,17
DA:9,57
DA:12,57
DA:13,1
DA:15,56
DA:16,55
DA:20,55
DA:21,0
DA:24,55
DA:25,55
DA:28,17
DA:36,17
DA:37,153
DA:38,0
DA:39,153
DA:40,34
DA:41,1
DA:45,33
LF:23
LH:21
BRDA:9,0,0,57
BRDA:9,0,1,57
BRDA:12,1,0,1
BRDA:12,1,1,56
BRDA:12,2,0,57
BRDA:12,2,1,56
BRDA:20,3,0,0
BRDA:20,3,1,55
BRDA:30,4,0,17
BRDA:30,4,1,0
BRDA:37,5,0,153
BRDA:37,5,1,0
BRDA:40,6,0,1
BRDA:40,6,1,33
BRF:14
BRH:11
end_of_record
TN:
SF:src\models\calendar.js
FN:3,(anonymous_0)
FN:10,(anonymous_1)
FNF:2
FNH:2
FNDA:17,(anonymous_0)
FNDA:17,(anonymous_1)
DA:1,17
DA:3,17
DA:12,17
DA:19,17
DA:54,17
LF:5
LH:5
BRF:0
BRH:0
end_of_record
TN:
SF:src\models\class.js
FN:6,(anonymous_0)
FN:13,(anonymous_1)
FN:62,(anonymous_2)
FN:69,(anonymous_3)
FNF:4
FNH:4
FNDA:17,(anonymous_0)
FNDA:17,(anonymous_1)
FNDA:6,(anonymous_2)
FNDA:6,(anonymous_3)
DA:1,17
DA:3,17
DA:6,17
DA:14,17
DA:19,17
DA:26,17
DA:63,6
DA:70,6
DA:80,17
LF:9
LH:9
BRF:0
BRH:0
end_of_record
TN:
SF:src\models\class_calendar.js
FN:3,(anonymous_0)
FN:10,(anonymous_1)
FNF:2
FNH:2
FNDA:17,(anonymous_0)
FNDA:17,(anonymous_1)
DA:1,17
DA:3,17
DA:12,17
DA:13,17
DA:16,17
DA:41,17
LF:6
LH:6
BRF:0
BRH:0
end_of_record
TN:
SF:src\models\class_users.js
FN:3,(anonymous_0)
FN:10,(anonymous_1)
FNF:2
FNH:2
FNDA:17,(anonymous_0)
FNDA:17,(anonymous_1)
DA:1,17
DA:3,17
DA:11,17
DA:12,17
DA:15,17
DA:46,17
LF:6
LH:6
BRF:0
BRH:0
end_of_record
TN:
SF:src\models\index.js
FN:23,(anonymous_0)
FN:28,(anonymous_1)
FN:36,(anonymous_2)
FNF:3
FNH:3
FNDA:119,(anonymous_0)
FNDA:102,(anonymous_1)
FNDA:102,(anonymous_2)
DA:1,17
DA:2,17
DA:3,17
DA:5,17
DA:6,17
DA:7,17
DA:8,17
DA:11,17
DA:12,0
DA:14,17
DA:22,17
DA:24,119
DA:29,102
DA:33,102
DA:36,17
DA:37,102
DA:38,102
DA:42,17
DA:43,17
DA:45,17
LF:20
LH:19
BRDA:6,0,0,17
BRDA:6,0,1,0
BRDA:11,1,0,0
BRDA:11,1,1,17
BRDA:25,2,0,119
BRDA:25,2,1,119
BRDA:25,2,2,102
BRDA:37,3,0,102
BRDA:37,3,1,0
BRF:9
BRH:6
end_of_record
TN:
SF:src\models\regis.js
FN:3,(anonymous_0)
FN:10,(anonymous_1)
FNF:2
FNH:2
FNDA:17,(anonymous_0)
FNDA:17,(anonymous_1)
DA:1,17
DA:3,17
DA:12,17
DA:13,17
DA:16,17
DA:52,17
LF:6
LH:6
BRF:0
BRH:0
end_of_record
TN:
SF:src\models\user.js
FN:4,(anonymous_0)
FN:11,(anonymous_1)
FN:77,(anonymous_2)
FNF:3
FNH:3
FNDA:17,(anonymous_0)
FNDA:17,(anonymous_1)
FNDA:11,(anonymous_2)
DA:1,17
DA:2,17
DA:4,17
DA:12,17
DA:19,17
DA:78,11
DA:86,17
LF:7
LH:7
BRDA:79,0,0,11
BRDA:79,0,1,0
BRDA:79,1,0,11
BRDA:79,1,1,11
BRF:4
BRH:3
end_of_record
TN:
SF:src\route\classRouter.js
FNF:0
FNH:0
DA:1,17
DA:2,17
DA:4,17
DA:12,17
DA:24,17
DA:26,17
DA:30,17
DA:40,17
DA:50,17
DA:57,17
DA:64,17
DA:71,17
DA:77,17
DA:86,17
DA:95,17
DA:96,17
DA:102,17
DA:104,17
LF:18
LH:18
BRF:0
BRH:0
end_of_record
TN:
SF:src\route\userRouter.js
FN:17,(anonymous_0)
FNF:1
FNH:0
FNDA:0,(anonymous_0)
DA:1,17
DA:2,17
DA:3,17
DA:4,17
DA:6,17
DA:15,17
DA:17,17
DA:18,0
DA:20,17
DA:22,17
DA:23,17
DA:24,17
DA:25,17
DA:33,17
LF:14
LH:13
BRF:0
BRH:0
end_of_record
TN:
SF:src\utils\helperFn.js
FN:8,(anonymous_0)
FN:14,(anonymous_1)
FN:39,(anonymous_2)
FN:46,(anonymous_3)
FN:50,(anonymous_4)
FN:55,(anonymous_5)
FNF:6
FNH:6
FNDA:26,(anonymous_0)
FNDA:9,(anonymous_1)
FNDA:27,(anonymous_2)
FNDA:1,(anonymous_3)
FNDA:1,(anonymous_4)
FNDA:2,(anonymous_5)
DA:2,17
DA:3,17
DA:4,17
DA:5,17
DA:6,17
DA:8,17
DA:9,26
DA:14,17
DA:21,9
DA:22,9
DA:30,9
DA:36,9
DA:39,17
DA:40,27
DA:44,17
DA:45,17
DA:48,1
DA:51,1
DA:55,17
DA:56,2
DA:57,1
DA:59,1
DA:63,17
LF:23
LH:23
BRDA:18,0,0,7
BRDA:19,1,0,7
BRDA:48,2,0,1
BRDA:48,2,1,0
BRDA:56,3,0,1
BRDA:56,3,1,1
BRF:6
BRH:5
end_of_record
TN:
SF:src\utils\imageUpload.js
FNF:0
FNH:0
DA:1,17
DA:3,17
DA:9,17
LF:3
LH:3
BRF:0
BRH:0
end_of_record
TN:
SF:src\utils\rawQuery.js
FNF:0
FNH:0
DA:1,17
DA:10,17
LF:2
LH:2
BRF:0
BRH:0
end_of_record
TN:
SF:src\utils\reminder.js
FN:5,(anonymous_0)
FN:9,(anonymous_1)
FN:15,(anonymous_2)
FNF:3
FNH:0
FNDA:0,(anonymous_0)
FNDA:0,(anonymous_1)
FNDA:0,(anonymous_2)
DA:1,17
DA:2,17
DA:3,17
DA:5,17
DA:6,0
DA:7,0
DA:8,0
DA:10,0
DA:11,0
DA:12,0
DA:15,0
DA:16,0
DA:27,17
LF:13
LH:5
BRDA:10,0,0,0
BRDA:10,0,1,0
BRF:2
BRH:0
end_of_record
TN:
SF:src\utils\ErrorHandler\appError.js
FN:2,(anonymous_0)
FNF:1
FNH:1
FNDA:101,(anonymous_0)
DA:3,101
DA:4,101
DA:5,101
DA:6,101
DA:8,101
DA:12,17
LF:6
LH:6
BRDA:5,0,0,101
BRDA:5,0,1,0
BRF:2
BRH:1
end_of_record
TN:
SF:src\utils\ErrorHandler\catchAsync.js
FN:1,(anonymous_0)
FN:2,(anonymous_1)
FN:3,(anonymous_2)
FNF:3
FNH:3
FNDA:323,(anonymous_0)
FNDA:132,(anonymous_1)
FNDA:3,(anonymous_2)
DA:1,17
DA:2,323
DA:3,132
DA:4,3
DA:9,17
LF:5
LH:5
BRF:0
BRH:0
end_of_record
TN:
SF:src\utils\ErrorHandler\globalErrHandler.js
FN:4,(anonymous_0)
FN:10,(anonymous_1)
FN:16,(anonymous_2)
FN:22,(anonymous_3)
FN:26,(anonymous_4)
FN:30,(anonymous_5)
FN:38,(anonymous_6)
FNF:7
FNH:6
FNDA:11,(anonymous_0)
FNDA:1,(anonymous_1)
FNDA:0,(anonymous_2)
FNDA:1,(anonymous_3)
FNDA:1,(anonymous_4)
FNDA:45,(anonymous_5)
FNDA:45,(anonymous_6)
DA:1,17
DA:4,17
DA:5,11
DA:6,11
DA:10,17
DA:11,1
DA:12,1
DA:16,17
DA:17,0
DA:18,0
DA:22,17
DA:23,1
DA:26,17
DA:27,1
DA:30,17
DA:31,45
DA:38,17
DA:40,45
DA:41,45
DA:43,45
DA:45,45
DA:47,11
DA:48,11
DA:50,1
DA:51,1
DA:53,0
DA:54,0
DA:56,1
DA:57,1
DA:59,1
DA:60,1
DA:62,31
DA:65,45
LF:33
LH:29
BRDA:40,0,0,45
BRDA:40,0,1,14
BRDA:41,1,0,45
BRDA:41,1,1,14
BRDA:45,2,0,11
BRDA:45,2,1,1
BRDA:45,2,2,0
BRDA:45,2,3,1
BRDA:45,2,4,1
BRDA:45,2,5,31
BRF:10
BRH:9
end_of_record
TN:
SF:src\validate\validate.js
FN:11,(anonymous_0)
FN:12,(anonymous_1)
FN:58,(anonymous_2)
FN:79,(anonymous_3)
FN:86,(anonymous_4)
FN:101,(anonymous_5)
FN:110,(anonymous_6)
FN:119,(anonymous_7)
FN:128,(anonymous_8)
FNF:9
FNH:9
FNDA:1,(anonymous_0)
FNDA:1,(anonymous_1)
FNDA:7,(anonymous_2)
FNDA:5,(anonymous_3)
FNDA:8,(anonymous_4)
FNDA:5,(anonymous_5)
FNDA:7,(anonymous_6)
FNDA:4,(anonymous_7)
FNDA:9,(anonymous_8)
DA:1,17
DA:2,17
DA:3,17
DA:5,17
DA:12,1
DA:13,1
DA:15,0
DA:16,0
DA:18,0
DA:19,0
DA:21,0
DA:22,0
DA:24,1
DA:28,1
DA:47,17
DA:52,17
DA:59,7
DA:60,7
DA:61,2
DA:63,5
DA:64,2
DA:66,3
DA:69,17
DA:80,5
DA:81,5
DA:82,2
DA:86,17
DA:87,8
DA:88,8
DA:95,8
DA:97,0
DA:101,17
DA:102,5
DA:103,5
DA:104,3
DA:106,2
DA:110,17
DA:111,7
DA:112,7
DA:113,3
DA:115,4
DA:119,17
DA:120,4
DA:121,4
DA:122,2
DA:124,2
DA:128,17
DA:129,9
DA:130,9
DA:131,3
DA:133,6
LF:51
LH:44
BRDA:13,0,0,0
BRDA:13,0,1,0
BRDA:13,0,2,0
BRDA:13,0,3,1
BRDA:60,1,0,2
BRDA:60,1,1,5
BRDA:63,2,0,2
BRDA:63,2,1,3
BRDA:81,3,0,2
BRDA:81,3,1,3
BRF:10
BRH:7
end_of_record
